2026-05-11 08:59:40:5940 http: OPTIONS /api/auth/refresh 204 0 - 0.133 ms
2026-05-11 08:59:40:5940 http: OPTIONS /api/auth/refresh 204 0 - 0.067 ms
2026-05-11 08:59:40:5940 http: POST /api/auth/refresh 200 1622 - 83.504 ms
2026-05-11 08:59:41:5941 http: POST /api/auth/refresh 200 1622 - 133.561 ms
2026-05-11 08:59:41:5941 http: OPTIONS /api/subtasks/team?search= 204 0 - 0.115 ms
2026-05-11 08:59:41:5941 http: OPTIONS /api/teams/directory?search= 204 0 - 0.098 ms
2026-05-11 08:59:41:5941 http: OPTIONS /api/teams/directory?search= 204 0 - 0.061 ms
2026-05-11 08:59:41:5941 http: GET /api/teams/directory?search= 304 - - 135.055 ms
2026-05-11 08:59:41:5941 http: GET /api/teams/directory?search= 304 - - 34.354 ms
2026-05-11 08:59:41:5941 http: GET /api/subtasks/team?search= 304 - - 234.952 ms
2026-05-11 08:59:41:5941 http: GET /api/subtasks/team?search= 304 - - 147.051 ms
2026-05-11 09:08:44:844 http: OPTIONS /api/auth/refresh 204 0 - 0.106 ms
2026-05-11 09:08:44:844 http: OPTIONS /api/auth/refresh 204 0 - 0.101 ms
2026-05-11 09:08:44:844 http: POST /api/auth/refresh 200 1622 - 62.729 ms
2026-05-11 09:08:44:844 http: POST /api/auth/refresh 200 1622 - 61.761 ms
2026-05-11 09:08:44:844 http: OPTIONS /api/subtasks/team?search= 204 0 - 0.178 ms
2026-05-11 09:08:44:844 http: OPTIONS /api/teams/directory?search= 204 0 - 0.178 ms
2026-05-11 09:08:44:844 http: OPTIONS /api/teams/directory?search= 204 0 - 0.080 ms
2026-05-11 09:08:44:844 http: GET /api/teams/directory?search= 304 - - 48.334 ms
2026-05-11 09:08:44:844 http: GET /api/teams/directory?search= 304 - - 52.342 ms
2026-05-11 09:08:44:844 http: GET /api/subtasks/team?search= 304 - - 173.536 ms
2026-05-11 09:08:44:844 http: GET /api/subtasks/team?search= 304 - - 60.354 ms
2026-05-11 09:15:05:155 http: OPTIONS /api/subtasks/team?search= 204 0 - 0.122 ms
2026-05-11 09:15:05:155 http: OPTIONS /api/teams/directory?search= 204 0 - 0.103 ms
2026-05-11 09:15:05:155 http: GET /api/teams/directory?search= 304 - - 57.088 ms
2026-05-11 09:15:05:155 http: GET /api/subtasks/team?search= 304 - - 132.644 ms
2026-05-11 09:15:10:1510 http: GET /api/teams/directory?search= 304 - - 101.476 ms
2026-05-11 09:15:10:1510 http: GET /api/subtasks/team?search= 304 - - 198.697 ms
2026-05-11 09:15:36:1536 http: OPTIONS /api/subtasks/69feae8b716d7d842a53d9be 204 0 - 0.093 ms
2026-05-11 09:15:36:1536 http: OPTIONS /api/issues/69fa137a5eceb938742e03ed 204 0 - 0.085 ms
2026-05-11 09:15:36:1536 http: OPTIONS /api/teams/directory?search= 204 0 - 0.124 ms
2026-05-11 09:15:36:1536 http: OPTIONS /api/subtasks/69feae8b716d7d842a53d9be 204 0 - 0.059 ms
2026-05-11 09:15:36:1536 http: OPTIONS /api/issues/69fa137a5eceb938742e03ed 204 0 - 0.068 ms
2026-05-11 09:15:36:1536 http: OPTIONS /api/teams/directory?search= 204 0 - 0.085 ms
2026-05-11 09:15:36:1536 http: GET /api/issues/69fa137a5eceb938742e03ed 200 1284 - 75.422 ms
2026-05-11 09:15:36:1536 http: GET /api/subtasks/69feae8b716d7d842a53d9be 200 1636 - 115.793 ms
2026-05-11 09:15:36:1536 http: GET /api/teams/directory?search= 304 - - 111.560 ms
2026-05-11 09:15:36:1536 http: GET /api/issues/69fa137a5eceb938742e03ed 304 - - 43.542 ms
2026-05-11 09:15:36:1536 http: GET /api/subtasks/69feae8b716d7d842a53d9be 304 - - 75.471 ms
2026-05-11 09:15:36:1536 http: GET /api/teams/directory?search= 304 - - 68.856 ms
2026-05-11 09:17:31:1731 http: OPTIONS /api/teams/directory?search= 204 0 - 0.382 ms
2026-05-11 09:17:31:1731 http: OPTIONS /api/subtasks/team?search= 204 0 - 0.077 ms
2026-05-11 09:17:31:1731 http: GET /api/teams/directory?search= 304 - - 210.133 ms
2026-05-11 09:17:32:1732 http: GET /api/subtasks/team?search= 304 - - 384.025 ms
2026-05-11 09:18:10:1810 http: OPTIONS /api/auth/refresh 204 0 - 0.103 ms
2026-05-11 09:18:10:1810 http: OPTIONS /api/auth/refresh 204 0 - 0.080 ms
2026-05-11 09:18:10:1810 http: POST /api/auth/refresh 200 1622 - 60.909 ms
2026-05-11 09:18:10:1810 http: POST /api/auth/refresh 200 1622 - 74.497 ms
2026-05-11 09:18:10:1810 http: OPTIONS /api/subtasks/team?search= 204 0 - 0.107 ms
2026-05-11 09:18:10:1810 http: OPTIONS /api/teams/directory?search= 204 0 - 0.089 ms
2026-05-11 09:18:10:1810 http: OPTIONS /api/subtasks/team?search= 204 0 - 0.175 ms
2026-05-11 09:18:10:1810 http: OPTIONS /api/teams/directory?search= 204 0 - 0.083 ms
2026-05-11 09:18:10:1810 http: GET /api/teams/directory?search= 304 - - 59.724 ms
2026-05-11 09:18:11:1811 http: GET /api/subtasks/team?search= 304 - - 186.451 ms
2026-05-11 09:18:11:1811 http: GET /api/teams/directory?search= 304 - - 110.057 ms
2026-05-11 09:18:11:1811 http: GET /api/subtasks/team?search= 304 - - 70.186 ms
2026-05-11 09:18:12:1812 http: OPTIONS /api/subtasks/69f9c39c2b2810f7d9b7dfab 204 0 - 0.089 ms
2026-05-11 09:18:12:1812 http: OPTIONS /api/issues/69f2f3d3c8838af586b75759 204 0 - 0.064 ms
2026-05-11 09:18:12:1812 http: OPTIONS /api/subtasks/69f9c39c2b2810f7d9b7dfab 204 0 - 0.082 ms
2026-05-11 09:18:13:1813 http: GET /api/teams/directory?search= 304 - - 49.118 ms
2026-05-11 09:18:13:1813 http: GET /api/subtasks/69f9c39c2b2810f7d9b7dfab 304 - - 63.345 ms
2026-05-11 09:18:13:1813 http: GET /api/issues/69f2f3d3c8838af586b75759 304 - - 77.963 ms
2026-05-11 09:18:13:1813 http: GET /api/teams/directory?search= 304 - - 92.235 ms
2026-05-11 09:18:13:1813 http: GET /api/subtasks/69f9c39c2b2810f7d9b7dfab 304 - - 78.237 ms
2026-05-11 09:18:13:1813 http: GET /api/issues/69f2f3d3c8838af586b75759 304 - - 77.748 ms
2026-05-11 09:18:20:1820 http: OPTIONS /api/auth/refresh 204 0 - 0.155 ms
2026-05-11 09:18:20:1820 http: OPTIONS /api/auth/refresh 204 0 - 0.118 ms
2026-05-11 09:18:21:1821 http: POST /api/auth/refresh 401 390 - 52.244 ms
2026-05-11 09:18:21:1821 http: POST /api/auth/refresh 401 390 - 56.198 ms
2026-05-11 09:18:21:1821 http: POST /api/auth/refresh 401 390 - 19.740 ms
2026-05-11 09:18:21:1821 http: POST /api/auth/refresh 401 390 - 21.068 ms
2026-05-11 09:18:29:1829 http: OPTIONS /api/auth/login 204 0 - 0.082 ms
2026-05-11 09:18:30:1830 http: POST /api/auth/login 200 520 - 113.810 ms
2026-05-11 09:18:31:1831 http: OPTIONS /api/company/employees?page=1&limit=8&search= 204 0 - 0.115 ms
2026-05-11 09:18:31:1831 http: OPTIONS /api/company/employees?page=1&limit=8&search= 204 0 - 0.116 ms
2026-05-11 09:18:31:1831 http: GET /api/company/employees?page=1&limit=8&search= 200 2283 - 31.197 ms
2026-05-11 09:18:31:1831 http: GET /api/company/employees?page=1&limit=8&search= 304 - - 12.993 ms
2026-05-11 09:18:35:1835 http: OPTIONS /api/company/employee/69e8a8f227ca04befa038ec4 204 0 - 0.092 ms
2026-05-11 09:18:35:1835 http: OPTIONS /api/company/employee/69e8a8f227ca04befa038ec4 204 0 - 0.086 ms
2026-05-11 09:18:35:1835 http: GET /api/company/employee/69e8a8f227ca04befa038ec4 200 1404 - 18.989 ms
2026-05-11 09:18:36:1836 http: GET /api/company/employee/69e8a8f227ca04befa038ec4 304 - - 17.884 ms
2026-05-11 09:18:42:1842 http: OPTIONS /api/company/employee/69e8a8f227ca04befa038ec4 204 0 - 0.071 ms
2026-05-11 09:18:42:1842 http: OPTIONS /api/company/teams?page=1&limit=10&search= 204 0 - 0.116 ms
2026-05-11 09:18:42:1842 http: OPTIONS /api/company/employee/69e8a8f227ca04befa038ec4 204 0 - 0.090 ms
2026-05-11 09:18:42:1842 http: OPTIONS /api/company/teams?page=1&limit=10&search= 204 0 - 0.347 ms
2026-05-11 09:18:42:1842 http: GET /api/company/employee/69e8a8f227ca04befa038ec4 304 - - 32.218 ms
2026-05-11 09:18:42:1842 http: GET /api/company/teams?page=1&limit=10&search= 200 465 - 33.235 ms
2026-05-11 09:18:42:1842 http: GET /api/company/employee/69e8a8f227ca04befa038ec4 304 - - 31.994 ms
2026-05-11 09:18:42:1842 http: GET /api/company/teams?page=1&limit=10&search= 304 - - 31.719 ms
2026-05-11 09:18:55:1855 http: OPTIONS /api/company/employee/69e8a8f227ca04befa038ec4 204 0 - 0.086 ms
2026-05-11 09:18:56:1856 http: PUT /api/company/employee/69e8a8f227ca04befa038ec4 200 1454 - 42.106 ms
2026-05-11 09:18:57:1857 http: OPTIONS /api/company/employees?page=1&limit=8&search= 204 0 - 0.053 ms
2026-05-11 09:18:57:1857 http: OPTIONS /api/company/employees?page=1&limit=8&search= 204 0 - 0.097 ms
2026-05-11 09:18:57:1857 http: GET /api/company/employees?page=1&limit=8&search= 304 - - 14.136 ms
2026-05-11 09:18:57:1857 http: GET /api/company/employees?page=1&limit=8&search= 304 - - 12.625 ms
2026-05-11 09:19:01:191 http: OPTIONS /api/company/employee/69e8a8f227ca04befa038ec4 204 0 - 0.142 ms
2026-05-11 09:19:01:191 http: OPTIONS /api/company/employee/69e8a8f227ca04befa038ec4 204 0 - 0.093 ms
2026-05-11 09:19:01:191 http: GET /api/company/employee/69e8a8f227ca04befa038ec4 200 1404 - 13.470 ms
2026-05-11 09:19:01:191 http: GET /api/company/employee/69e8a8f227ca04befa038ec4 304 - - 23.002 ms
2026-05-11 09:22:40:2240 info: server is running on port 5000
