2026-04-26 15:58:37:5837 info: server is running on port 5000
2026-04-26 15:58:38:5838 http: OPTIONS /api/auth/refresh 204 0 - 1.666 ms
2026-04-26 15:58:38:5838 http: OPTIONS /api/auth/refresh 204 0 - 0.162 ms
2026-04-26 15:58:38:5838 http: POST /api/auth/refresh 200 999 - 136.501 ms
2026-04-26 15:58:38:5838 http: POST /api/auth/refresh 200 999 - 83.299 ms
2026-04-26 15:58:53:5853 http: OPTIONS /api/auth/refresh 204 0 - 0.726 ms
2026-04-26 15:58:53:5853 http: OPTIONS /api/auth/refresh 204 0 - 0.195 ms
2026-04-26 15:58:53:5853 http: POST /api/auth/refresh 200 981 - 99.562 ms
2026-04-26 15:58:53:5853 http: POST /api/auth/refresh 200 981 - 101.861 ms
2026-04-26 15:59:02:592 http: OPTIONS /api/auth/refresh 204 0 - 0.272 ms
2026-04-26 15:59:02:592 http: OPTIONS /api/auth/refresh 204 0 - 0.239 ms
2026-04-26 15:59:02:592 http: POST /api/auth/refresh 401 390 - 24.734 ms
2026-04-26 15:59:02:592 http: POST /api/auth/refresh 401 390 - 27.694 ms
2026-04-26 15:59:02:592 http: POST /api/auth/refresh 401 390 - 13.691 ms
2026-04-26 15:59:02:592 http: POST /api/auth/refresh 401 390 - 14.927 ms
2026-04-26 15:59:06:596 http: POST /api/auth/refresh 401 390 - 9.222 ms
2026-04-26 15:59:06:596 http: POST /api/auth/refresh 401 390 - 9.246 ms
2026-04-26 15:59:06:596 http: POST /api/auth/refresh 401 390 - 10.079 ms
2026-04-26 15:59:06:596 http: POST /api/auth/refresh 401 390 - 68.482 ms
2026-04-26 15:59:38:5938 http: OPTIONS /api/auth/login 204 0 - 0.169 ms
2026-04-26 15:59:38:5938 http: POST /api/auth/login 200 621 - 132.115 ms
2026-04-26 15:59:43:5943 http: OPTIONS /api/tasks/assigned 204 0 - 0.228 ms
2026-04-26 15:59:43:5943 http: GET /api/tasks/assigned 200 2181 - 75.620 ms
2026-04-26 15:59:43:5943 http: GET /api/tasks/assigned 304 - - 51.080 ms
2026-04-26 16:00:35:035 http: OPTIONS /api/auth/login 204 0 - 0.170 ms
2026-04-26 16:00:35:035 http: POST /api/auth/login 200 1202 - 95.646 ms
2026-04-26 16:15:56:1556 http: OPTIONS /api/projects?page=1&limit=10&search= 204 0 - 4.605 ms
2026-04-26 16:15:56:1556 http: OPTIONS /api/projects?page=1&limit=10&search= 204 0 - 0.063 ms
2026-04-26 16:15:56:1556 http: GET /api/projects?page=1&limit=10&search= 401 54 - 14.151 ms
2026-04-26 16:15:56:1556 http: GET /api/projects?page=1&limit=10&search= 401 54 - 1.002 ms
2026-04-26 16:15:56:1556 http: OPTIONS /api/auth/refresh 204 0 - 0.325 ms
2026-04-26 16:15:56:1556 http: OPTIONS /api/auth/refresh 204 0 - 0.122 ms
2026-04-26 16:15:56:1556 http: POST /api/auth/refresh 200 999 - 81.778 ms
2026-04-26 16:15:56:1556 http: POST /api/auth/refresh 200 999 - 62.735 ms
2026-04-26 16:15:56:1556 http: GET /api/projects?page=1&limit=10&search= 200 776 - 83.566 ms
2026-04-26 16:15:56:1556 http: GET /api/projects?page=1&limit=10&search= 304 - - 14.101 ms
2026-04-26 16:15:57:1557 http: OPTIONS /api/sprints 204 0 - 0.108 ms
2026-04-26 16:15:57:1557 http: OPTIONS /api/sprints 204 0 - 0.105 ms
2026-04-26 16:15:57:1557 http: GET /api/sprints 200 915 - 49.621 ms
2026-04-26 16:15:57:1557 http: GET /api/sprints 304 - - 31.592 ms
2026-04-26 16:16:00:160 http: OPTIONS /api/tasks/team 204 0 - 0.064 ms
2026-04-26 16:16:00:160 http: OPTIONS /api/tasks/team 204 0 - 0.114 ms
2026-04-26 16:16:00:160 http: GET /api/tasks/team 200 1455 - 42.454 ms
2026-04-26 16:16:00:160 http: GET /api/tasks/team 304 - - 40.487 ms
2026-04-26 16:22:02:222 http: OPTIONS /api/auth/refresh 204 0 - 0.412 ms
2026-04-26 16:22:02:222 http: OPTIONS /api/auth/refresh 204 0 - 0.100 ms
2026-04-26 16:22:02:222 http: POST /api/auth/refresh 200 999 - 63.162 ms
2026-04-26 16:22:02:222 http: POST /api/auth/refresh 200 999 - 61.024 ms
2026-04-26 16:22:02:222 http: OPTIONS /api/tasks/team 204 0 - 0.124 ms
2026-04-26 16:22:02:222 http: OPTIONS /api/tasks/team 204 0 - 0.123 ms
2026-04-26 16:22:02:222 http: GET /api/tasks/team 304 - - 55.114 ms
2026-04-26 16:22:02:222 http: GET /api/tasks/team 304 - - 39.503 ms
2026-04-26 16:23:12:2312 http: OPTIONS /api/tasks/team 204 0 - 0.160 ms
2026-04-26 16:23:12:2312 http: OPTIONS /api/tasks/team 204 0 - 0.087 ms
2026-04-26 16:23:12:2312 http: GET /api/tasks/team 401 54 - 0.894 ms
2026-04-26 16:23:12:2312 http: GET /api/tasks/team 401 54 - 1.118 ms
2026-04-26 16:23:12:2312 http: OPTIONS /api/auth/refresh 204 0 - 0.901 ms
2026-04-26 16:23:12:2312 http: OPTIONS /api/auth/refresh 204 0 - 0.082 ms
2026-04-26 16:23:12:2312 http: POST /api/auth/refresh 200 981 - 32.975 ms
2026-04-26 16:23:12:2312 http: POST /api/auth/refresh 200 981 - 40.706 ms
2026-04-26 16:23:12:2312 http: GET /api/tasks/team 200 2195 - 52.856 ms
2026-04-26 16:23:12:2312 http: GET /api/tasks/team 304 - - 38.161 ms
2026-04-26 16:24:04:244 http: OPTIONS /api/tasks/team 204 0 - 0.164 ms
2026-04-26 16:24:04:244 http: OPTIONS /api/auth/refresh 204 0 - 0.092 ms
2026-04-26 16:24:04:244 http: OPTIONS /api/auth/refresh 204 0 - 0.096 ms
2026-04-26 16:24:04:244 http: OPTIONS /api/tasks/team 204 0 - 0.081 ms
2026-04-26 16:24:04:244 http: POST /api/auth/refresh 200 981 - 109.220 ms
2026-04-26 16:24:04:244 http: POST /api/auth/refresh 200 981 - 100.072 ms
2026-04-26 16:24:04:244 http: GET /api/tasks/team 304 - - 215.715 ms
2026-04-26 16:24:04:244 http: GET /api/tasks/team 304 - - 85.158 ms
2026-04-26 16:24:05:245 http: OPTIONS /api/auth/refresh 204 0 - 0.085 ms
2026-04-26 16:24:05:245 http: POST /api/auth/refresh 200 621 - 33.347 ms
2026-04-26 16:24:05:245 http: POST /api/auth/refresh 200 621 - 19.704 ms
2026-04-26 16:24:05:245 http: OPTIONS /api/auth/refresh 204 0 - 0.100 ms
2026-04-26 16:24:05:245 http: OPTIONS /api/auth/refresh 204 0 - 0.104 ms
2026-04-26 16:24:05:245 http: OPTIONS /api/tasks/team 204 0 - 0.112 ms
2026-04-26 16:24:05:245 http: OPTIONS /api/tasks/assigned 204 0 - 0.110 ms
2026-04-26 16:24:05:245 http: POST /api/auth/refresh 200 999 - 52.036 ms
2026-04-26 16:24:05:245 http: OPTIONS /api/tasks/assigned 204 0 - 0.172 ms
2026-04-26 16:24:05:245 http: GET /api/tasks/assigned 401 54 - 0.752 ms
2026-04-26 16:24:05:245 http: POST /api/auth/refresh 200 999 - 56.338 ms
2026-04-26 16:24:05:245 http: GET /api/tasks/assigned 401 54 - 0.939 ms
2026-04-26 16:24:05:245 http: GET /api/tasks/team 304 - - 68.649 ms
2026-04-26 16:24:05:245 http: GET /api/tasks/team 304 - - 51.999 ms
2026-04-26 16:24:05:245 http: POST /api/auth/refresh 200 621 - 25.313 ms
2026-04-26 16:24:05:245 http: POST /api/auth/refresh 200 621 - 35.344 ms
2026-04-26 16:24:06:246 http: GET /api/tasks/assigned 304 - - 55.911 ms
2026-04-26 16:24:06:246 http: GET /api/tasks/assigned 304 - - 50.206 ms
2026-04-26 16:24:15:2415 http: OPTIONS /api/auth/refresh 204 0 - 0.144 ms
2026-04-26 16:24:15:2415 http: OPTIONS /api/tasks/team 204 0 - 0.092 ms
2026-04-26 16:24:15:2415 http: OPTIONS /api/tasks/team 204 0 - 0.086 ms
2026-04-26 16:24:15:2415 http: OPTIONS /api/auth/refresh 204 0 - 0.558 ms
2026-04-26 16:24:15:2415 http: POST /api/auth/refresh 200 981 - 103.196 ms
2026-04-26 16:24:15:2415 http: GET /api/tasks/team 304 - - 139.185 ms
2026-04-26 16:24:15:2415 http: POST /api/auth/refresh 200 981 - 170.936 ms
2026-04-26 16:24:15:2415 http: GET /api/tasks/team 304 - - 84.917 ms
2026-04-26 16:24:15:2415 http: OPTIONS /api/tasks/assigned 204 0 - 0.111 ms
2026-04-26 16:24:15:2415 http: OPTIONS /api/auth/refresh 204 0 - 0.093 ms
2026-04-26 16:24:15:2415 http: POST /api/auth/refresh 200 621 - 65.323 ms
2026-04-26 16:24:15:2415 http: POST /api/auth/refresh 200 621 - 42.779 ms
2026-04-26 16:24:16:2416 http: GET /api/tasks/assigned 304 - - 142.463 ms
2026-04-26 16:24:16:2416 http: GET /api/tasks/assigned 304 - - 70.281 ms
2026-04-26 16:24:16:2416 http: OPTIONS /api/tasks/team 204 0 - 0.110 ms
2026-04-26 16:24:16:2416 http: OPTIONS /api/auth/refresh 204 0 - 0.128 ms
2026-04-26 16:24:16:2416 http: POST /api/auth/refresh 200 999 - 45.427 ms
2026-04-26 16:24:16:2416 http: GET /api/tasks/team 304 - - 73.116 ms
2026-04-26 16:24:16:2416 http: POST /api/auth/refresh 200 999 - 76.994 ms
2026-04-26 16:24:16:2416 http: GET /api/tasks/team 304 - - 36.968 ms
2026-04-26 16:24:28:2428 http: OPTIONS /api/auth/refresh 204 0 - 0.074 ms
2026-04-26 16:24:28:2428 http: OPTIONS /api/auth/refresh 204 0 - 0.075 ms
2026-04-26 16:24:28:2428 http: POST /api/auth/refresh 200 981 - 44.711 ms
2026-04-26 16:24:28:2428 http: POST /api/auth/refresh 200 981 - 46.141 ms
2026-04-26 16:24:31:2431 http: OPTIONS /api/tasks/team 204 0 - 0.113 ms
2026-04-26 16:24:31:2431 http: OPTIONS /api/tasks/team 204 0 - 0.168 ms
2026-04-26 16:24:31:2431 http: GET /api/tasks/team 304 - - 44.108 ms
2026-04-26 16:24:31:2431 http: GET /api/tasks/team 304 - - 43.838 ms
2026-04-26 16:24:36:2436 http: OPTIONS /api/auth/refresh 204 0 - 0.088 ms
2026-04-26 16:24:36:2436 http: OPTIONS /api/auth/refresh 204 0 - 0.175 ms
2026-04-26 16:24:36:2436 http: POST /api/auth/refresh 200 981 - 26.760 ms
2026-04-26 16:24:36:2436 http: POST /api/auth/refresh 200 981 - 32.043 ms
2026-04-26 16:25:14:2514 http: OPTIONS /api/tasks/assigned 204 0 - 0.121 ms
2026-04-26 16:25:14:2514 http: OPTIONS /api/auth/refresh 204 0 - 0.094 ms
2026-04-26 16:25:14:2514 http: OPTIONS /api/auth/refresh 204 0 - 0.114 ms
2026-04-26 16:25:14:2514 http: OPTIONS /api/auth/refresh 204 0 - 0.132 ms
2026-04-26 16:25:14:2514 http: OPTIONS /api/tasks/team 204 0 - 0.072 ms
2026-04-26 16:25:14:2514 http: POST /api/auth/refresh 200 621 - 60.672 ms
2026-04-26 16:25:14:2514 http: OPTIONS /api/tasks/team 204 0 - 0.079 ms
2026-04-26 16:25:14:2514 http: POST /api/auth/refresh 200 621 - 66.004 ms
2026-04-26 16:25:14:2514 http: POST /api/auth/refresh 200 999 - 68.939 ms
2026-04-26 16:25:14:2514 http: POST /api/auth/refresh 200 999 - 65.976 ms
2026-04-26 16:25:15:2515 http: GET /api/tasks/assigned 304 - - 161.689 ms
2026-04-26 16:25:15:2515 http: GET /api/tasks/team 304 - - 131.222 ms
2026-04-26 16:25:15:2515 http: GET /api/tasks/assigned 304 - - 81.491 ms
2026-04-26 16:25:15:2515 http: GET /api/tasks/team 304 - - 45.640 ms
2026-04-26 16:25:46:2546 http: OPTIONS /api/tasks/team 204 0 - 0.115 ms
2026-04-26 16:25:46:2546 http: OPTIONS /api/tasks/team 204 0 - 0.116 ms
2026-04-26 16:25:46:2546 http: GET /api/tasks/team 304 - - 191.633 ms
2026-04-26 16:25:46:2546 http: GET /api/tasks/team 304 - - 68.760 ms
2026-04-26 16:30:20:3020 http: OPTIONS /api/auth/refresh 204 0 - 0.119 ms
2026-04-26 16:30:20:3020 http: OPTIONS /api/auth/refresh 204 0 - 0.091 ms
2026-04-26 16:30:20:3020 http: POST /api/auth/refresh 200 999 - 51.410 ms
2026-04-26 16:30:20:3020 http: POST /api/auth/refresh 200 999 - 51.330 ms
2026-04-26 16:30:20:3020 http: OPTIONS /api/tasks/team 204 0 - 0.097 ms
2026-04-26 16:30:20:3020 http: OPTIONS /api/tasks/team 204 0 - 0.101 ms
2026-04-26 16:30:20:3020 http: GET /api/tasks/team 304 - - 43.707 ms
2026-04-26 16:30:20:3020 http: GET /api/tasks/team 304 - - 44.283 ms
2026-04-26 16:30:32:3032 http: OPTIONS /api/projects?page=1&limit=10&search= 204 0 - 0.142 ms
2026-04-26 16:30:32:3032 http: OPTIONS /api/projects?page=1&limit=10&search= 204 0 - 0.075 ms
2026-04-26 16:30:32:3032 http: GET /api/projects?page=1&limit=10&search= 304 - - 21.576 ms
2026-04-26 16:30:32:3032 http: GET /api/projects?page=1&limit=10&search= 304 - - 29.319 ms
2026-04-26 16:30:33:3033 http: OPTIONS /api/user-stories/project/69eb541b407b185bf6a3e558 204 0 - 0.060 ms
2026-04-26 16:30:33:3033 http: GET /api/user-stories/project/69eb541b407b185bf6a3e558 200 2130 - 25.786 ms
2026-04-26 16:30:38:3038 http: OPTIONS /api/sprints 204 0 - 0.087 ms
2026-04-26 16:30:38:3038 http: OPTIONS /api/sprints 204 0 - 0.111 ms
2026-04-26 16:30:38:3038 http: GET /api/sprints 304 - - 43.035 ms
2026-04-26 16:30:38:3038 http: GET /api/sprints 304 - - 31.330 ms
2026-04-26 16:30:40:3040 http: OPTIONS /api/sprints/69ec8e25ca3e778bcb899692 204 0 - 0.077 ms
2026-04-26 16:30:40:3040 http: OPTIONS /api/sprints/69ec8e25ca3e778bcb899692 204 0 - 0.072 ms
2026-04-26 16:30:40:3040 http: GET /api/sprints/69ec8e25ca3e778bcb899692 304 - - 21.133 ms
2026-04-26 16:30:40:3040 http: OPTIONS /api/user-stories/sprint/69ec8e25ca3e778bcb899692 204 0 - 0.098 ms
2026-04-26 16:30:40:3040 http: GET /api/sprints/69ec8e25ca3e778bcb899692 304 - - 23.488 ms
2026-04-26 16:30:40:3040 http: GET /api/user-stories/sprint/69ec8e25ca3e778bcb899692 304 - - 20.874 ms
2026-04-26 16:30:40:3040 http: OPTIONS /api/teams/directory?search= 204 0 - 0.079 ms
2026-04-26 16:30:40:3040 http: GET /api/user-stories/sprint/69ec8e25ca3e778bcb899692 304 - - 24.717 ms
2026-04-26 16:30:40:3040 http: GET /api/teams/directory?search= 304 - - 54.600 ms
2026-04-26 16:30:40:3040 http: GET /api/teams/directory?search= 304 - - 13.259 ms
2026-04-26 16:30:52:3052 http: OPTIONS /api/user-stories/69ec8dd3ca3e778bcb899663/assign 204 0 - 0.103 ms
2026-04-26 16:30:52:3052 http: PATCH /api/user-stories/69ec8dd3ca3e778bcb899663/assign 200 887 - 60.059 ms
2026-04-26 16:30:52:3052 http: OPTIONS /api/sprints/69ec8e25ca3e778bcb899692 204 0 - 0.118 ms
2026-04-26 16:30:52:3052 http: GET /api/sprints/69ec8e25ca3e778bcb899692 304 - - 28.943 ms
2026-04-26 16:30:52:3052 http: OPTIONS /api/user-stories/sprint/69ec8e25ca3e778bcb899692 204 0 - 0.091 ms
2026-04-26 16:30:52:3052 http: GET /api/user-stories/sprint/69ec8e25ca3e778bcb899692 200 1853 - 24.418 ms
2026-04-26 16:30:52:3052 http: OPTIONS /api/teams/directory?search= 204 0 - 0.074 ms
2026-04-26 16:30:52:3052 http: GET /api/teams/directory?search= 304 - - 10.832 ms
2026-04-26 16:31:04:314 http: OPTIONS /api/sprints 204 0 - 0.064 ms
2026-04-26 16:31:04:314 http: OPTIONS /api/sprints 204 0 - 0.069 ms
2026-04-26 16:31:04:314 http: GET /api/sprints 200 915 - 33.729 ms
2026-04-26 16:31:04:314 http: GET /api/sprints 304 - - 29.649 ms
2026-04-26 16:31:05:315 http: OPTIONS /api/sprints/69ec8e25ca3e778bcb899692 204 0 - 0.058 ms
2026-04-26 16:31:05:315 http: OPTIONS /api/sprints/69ec8e25ca3e778bcb899692 204 0 - 0.096 ms
2026-04-26 16:31:05:315 http: GET /api/sprints/69ec8e25ca3e778bcb899692 200 475 - 20.015 ms
2026-04-26 16:31:05:315 http: OPTIONS /api/user-stories/sprint/69ec8e25ca3e778bcb899692 204 0 - 0.097 ms
2026-04-26 16:31:05:315 http: GET /api/sprints/69ec8e25ca3e778bcb899692 304 - - 45.194 ms
2026-04-26 16:31:05:315 http: GET /api/user-stories/sprint/69ec8e25ca3e778bcb899692 200 1853 - 42.821 ms
2026-04-26 16:31:05:315 http: OPTIONS /api/teams/directory?search= 204 0 - 0.053 ms
2026-04-26 16:31:05:315 http: GET /api/user-stories/sprint/69ec8e25ca3e778bcb899692 304 - - 18.875 ms
2026-04-26 16:31:05:315 http: GET /api/teams/directory?search= 304 - - 24.270 ms
2026-04-26 16:31:05:315 http: GET /api/teams/directory?search= 304 - - 10.812 ms
2026-04-26 16:31:08:318 http: OPTIONS /api/user-stories/69ec8dd3ca3e778bcb899663/assign 204 0 - 0.055 ms
2026-04-26 16:31:08:318 http: PATCH /api/user-stories/69ec8dd3ca3e778bcb899663/assign 200 880 - 20.260 ms
2026-04-26 16:31:08:318 http: GET /api/sprints/69ec8e25ca3e778bcb899692 304 - - 21.272 ms
2026-04-26 16:31:08:318 http: GET /api/user-stories/sprint/69ec8e25ca3e778bcb899692 200 1846 - 19.894 ms
2026-04-26 16:31:08:318 http: GET /api/teams/directory?search= 304 - - 12.233 ms
2026-04-26 16:31:51:3151 http: OPTIONS /api/tasks 204 0 - 0.149 ms
2026-04-26 16:31:51:3151 http: POST /api/tasks 201 682 - 126.705 ms
2026-04-26 16:31:51:3151 http: OPTIONS /api/tasks/story/69ec8da9ca3e778bcb899659 204 0 - 0.058 ms
2026-04-26 16:31:51:3151 http: GET /api/tasks/story/69ec8da9ca3e778bcb899659 200 653 - 27.351 ms
2026-04-26 16:31:55:3155 http: OPTIONS /api/tasks/team 204 0 - 0.076 ms
2026-04-26 16:31:55:3155 http: OPTIONS /api/tasks/team 204 0 - 0.249 ms
2026-04-26 16:31:55:3155 http: GET /api/tasks/team 200 3577 - 41.510 ms
2026-04-26 16:31:55:3155 http: GET /api/tasks/team 304 - - 39.121 ms
2026-04-26 16:32:20:3220 http: OPTIONS /api/tasks/story/69ec8da9ca3e778bcb899659 204 0 - 0.065 ms
2026-04-26 16:32:20:3220 http: GET /api/tasks/story/69ec8da9ca3e778bcb899659 200 26 - 10.027 ms
2026-04-26 16:32:48:3248 http: OPTIONS /api/tasks 204 0 - 0.177 ms
2026-04-26 16:32:48:3248 http: POST /api/tasks 201 680 - 26.054 ms
2026-04-26 16:32:48:3248 http: OPTIONS /api/tasks/story/69ec8da9ca3e778bcb899659 204 0 - 0.071 ms
2026-04-26 16:32:48:3248 http: GET /api/tasks/story/69ec8da9ca3e778bcb899659 200 652 - 46.894 ms
2026-04-26 16:32:50:3250 http: OPTIONS /api/tasks/team 204 0 - 0.105 ms
2026-04-26 16:32:50:3250 http: OPTIONS /api/tasks/team 204 0 - 0.100 ms
2026-04-26 16:32:50:3250 http: GET /api/tasks/team 200 2082 - 34.443 ms
2026-04-26 16:32:50:3250 http: GET /api/tasks/team 304 - - 30.003 ms
2026-04-26 16:32:58:3258 http: OPTIONS /api/auth/refresh 204 0 - 0.090 ms
2026-04-26 16:32:58:3258 http: OPTIONS /api/auth/refresh 204 0 - 0.114 ms
2026-04-26 16:32:58:3258 http: POST /api/auth/refresh 200 981 - 30.942 ms
2026-04-26 16:32:58:3258 http: POST /api/auth/refresh 200 981 - 37.839 ms
2026-04-26 16:32:58:3258 http: OPTIONS /api/tasks/team 204 0 - 0.143 ms
2026-04-26 16:32:58:3258 http: OPTIONS /api/tasks/team 204 0 - 0.099 ms
2026-04-26 16:32:58:3258 http: GET /api/tasks/team 304 - - 46.746 ms
2026-04-26 16:32:58:3258 http: GET /api/tasks/team 304 - - 41.151 ms
2026-04-26 16:33:41:3341 http: OPTIONS /api/sprints 204 0 - 0.120 ms
2026-04-26 16:33:41:3341 http: OPTIONS /api/sprints 204 0 - 0.082 ms
2026-04-26 16:33:41:3341 http: GET /api/sprints 304 - - 48.426 ms
2026-04-26 16:33:41:3341 http: GET /api/sprints 304 - - 29.331 ms
2026-04-26 16:33:44:3344 http: OPTIONS /api/sprints/69ec8e25ca3e778bcb899692 204 0 - 0.080 ms
2026-04-26 16:33:44:3344 http: OPTIONS /api/sprints/69ec8e25ca3e778bcb899692 204 0 - 0.097 ms
2026-04-26 16:33:44:3344 http: GET /api/sprints/69ec8e25ca3e778bcb899692 304 - - 19.480 ms
2026-04-26 16:33:44:3344 http: OPTIONS /api/user-stories/sprint/69ec8e25ca3e778bcb899692 204 0 - 0.050 ms
2026-04-26 16:33:44:3344 http: GET /api/sprints/69ec8e25ca3e778bcb899692 304 - - 27.757 ms
2026-04-26 16:33:44:3344 http: GET /api/user-stories/sprint/69ec8e25ca3e778bcb899692 200 1846 - 25.030 ms
2026-04-26 16:33:44:3344 http: OPTIONS /api/teams/directory?search= 204 0 - 0.072 ms
2026-04-26 16:33:44:3344 http: GET /api/user-stories/sprint/69ec8e25ca3e778bcb899692 304 - - 18.199 ms
2026-04-26 16:33:44:3344 http: GET /api/teams/directory?search= 304 - - 18.054 ms
2026-04-26 16:33:44:3344 http: GET /api/teams/directory?search= 304 - - 8.410 ms
2026-04-26 16:33:48:3348 http: OPTIONS /api/user-stories/69ec8df8ca3e778bcb89966d/assign 204 0 - 0.085 ms
2026-04-26 16:33:48:3348 http: PATCH /api/user-stories/69ec8df8ca3e778bcb89966d/assign 200 797 - 22.719 ms
2026-04-26 16:33:48:3348 http: GET /api/sprints/69ec8e25ca3e778bcb899692 304 - - 29.534 ms
2026-04-26 16:33:48:3348 http: GET /api/user-stories/sprint/69ec8e25ca3e778bcb899692 200 2079 - 14.849 ms
2026-04-26 16:33:48:3348 http: GET /api/teams/directory?search= 304 - - 13.615 ms
2026-04-26 16:33:52:3352 http: OPTIONS /api/tasks/team 204 0 - 0.092 ms
2026-04-26 16:33:52:3352 http: OPTIONS /api/tasks/team 204 0 - 0.092 ms
2026-04-26 16:33:52:3352 http: GET /api/tasks/team 200 2844 - 33.998 ms
2026-04-26 16:33:52:3352 http: GET /api/tasks/team 304 - - 41.379 ms
2026-04-26 16:38:05:385 http: OPTIONS /api/auth/refresh 204 0 - 0.165 ms
2026-04-26 16:38:05:385 http: OPTIONS /api/auth/refresh 204 0 - 0.155 ms
2026-04-26 16:38:05:385 http: POST /api/auth/refresh 200 981 - 44.888 ms
2026-04-26 16:38:05:385 http: POST /api/auth/refresh 200 981 - 37.494 ms
2026-04-26 16:38:05:385 http: OPTIONS /api/tasks/team 204 0 - 0.096 ms
2026-04-26 16:38:05:385 http: OPTIONS /api/tasks/team 204 0 - 0.086 ms
2026-04-26 16:38:05:385 http: GET /api/tasks/team 304 - - 37.424 ms
2026-04-26 16:38:05:385 http: GET /api/tasks/team 304 - - 59.868 ms
2026-04-26 16:42:05:425 http: OPTIONS /api/sprints 204 0 - 0.263 ms
2026-04-26 16:42:05:425 http: OPTIONS /api/sprints 204 0 - 0.086 ms
2026-04-26 16:42:06:426 http: GET /api/sprints 304 - - 67.428 ms
2026-04-26 16:42:06:426 http: GET /api/sprints 304 - - 44.943 ms
2026-04-26 16:42:06:426 http: OPTIONS /api/projects?page=1&limit=10&search= 204 0 - 0.295 ms
2026-04-26 16:42:06:426 http: OPTIONS /api/projects?page=1&limit=10&search= 204 0 - 0.100 ms
2026-04-26 16:42:07:427 http: GET /api/projects?page=1&limit=10&search= 200 776 - 223.379 ms
2026-04-26 16:42:07:427 http: GET /api/projects?page=1&limit=10&search= 304 - - 26.684 ms
2026-04-26 16:42:07:427 http: OPTIONS /api/tasks/team 204 0 - 0.134 ms
2026-04-26 16:42:07:427 http: OPTIONS /api/tasks/team 204 0 - 0.088 ms
2026-04-26 16:42:07:427 http: GET /api/tasks/team 304 - - 50.564 ms
2026-04-26 16:42:07:427 http: GET /api/tasks/team 304 - - 32.053 ms
2026-04-26 16:42:40:4240 http: OPTIONS /api/tasks/assigned 204 0 - 0.119 ms
2026-04-26 16:42:40:4240 http: GET /api/tasks/assigned 401 54 - 1.189 ms
2026-04-26 16:42:40:4240 http: OPTIONS /api/auth/refresh 204 0 - 0.074 ms
2026-04-26 16:42:40:4240 http: POST /api/auth/refresh 200 621 - 21.300 ms
2026-04-26 16:42:40:4240 http: GET /api/tasks/assigned 200 2935 - 49.680 ms
2026-04-26 16:42:43:4243 http: OPTIONS /api/tasks/team 204 0 - 0.075 ms
2026-04-26 16:42:43:4243 http: GET /api/tasks/team 304 - - 76.221 ms
2026-04-26 16:42:43:4243 http: OPTIONS /api/tasks/team 204 0 - 0.288 ms
2026-04-26 16:42:43:4243 http: GET /api/tasks/team 304 - - 59.907 ms
2026-04-26 16:43:19:4319 http: OPTIONS /api/auth/refresh 204 0 - 0.110 ms
2026-04-26 16:43:19:4319 http: OPTIONS /api/auth/refresh 204 0 - 0.096 ms
2026-04-26 16:43:19:4319 http: POST /api/auth/refresh 200 999 - 33.037 ms
2026-04-26 16:43:19:4319 http: POST /api/auth/refresh 200 999 - 42.172 ms
2026-04-26 16:43:19:4319 http: OPTIONS /api/tasks/team 204 0 - 0.088 ms
2026-04-26 16:43:19:4319 http: OPTIONS /api/tasks/team 204 0 - 0.108 ms
2026-04-26 16:43:19:4319 http: GET /api/tasks/team 304 - - 51.678 ms
2026-04-26 16:43:19:4319 http: GET /api/tasks/team 304 - - 41.940 ms
2026-04-26 16:43:24:4324 http: OPTIONS /api/auth/refresh 204 0 - 0.093 ms
2026-04-26 16:43:24:4324 http: OPTIONS /api/auth/refresh 204 0 - 0.082 ms
2026-04-26 16:43:24:4324 http: POST /api/auth/refresh 200 981 - 29.646 ms
2026-04-26 16:43:24:4324 http: POST /api/auth/refresh 200 981 - 36.414 ms
2026-04-26 16:43:24:4324 http: OPTIONS /api/tasks/team 204 0 - 0.102 ms
2026-04-26 16:43:24:4324 http: OPTIONS /api/tasks/team 204 0 - 0.096 ms
2026-04-26 16:43:24:4324 http: GET /api/tasks/team 304 - - 37.131 ms
2026-04-26 16:43:24:4324 http: GET /api/tasks/team 304 - - 42.953 ms
2026-04-26 16:43:28:4328 http: OPTIONS /api/auth/refresh 204 0 - 0.109 ms
2026-04-26 16:43:28:4328 http: OPTIONS /api/auth/refresh 204 0 - 0.099 ms
2026-04-26 16:43:29:4329 http: POST /api/auth/refresh 200 621 - 44.383 ms
2026-04-26 16:43:29:4329 http: POST /api/auth/refresh 200 621 - 41.179 ms
2026-04-26 16:43:29:4329 http: OPTIONS /api/tasks/assigned 204 0 - 0.103 ms
2026-04-26 16:43:29:4329 http: OPTIONS /api/tasks/assigned 204 0 - 0.091 ms
2026-04-26 16:43:29:4329 http: GET /api/tasks/assigned 304 - - 56.349 ms
2026-04-26 16:43:29:4329 http: GET /api/tasks/assigned 304 - - 64.886 ms
2026-04-26 16:44:10:4410 http: OPTIONS /api/teams/directory?search= 204 0 - 0.092 ms
2026-04-26 16:44:10:4410 http: GET /api/teams/directory?search= 304 - - 36.982 ms
2026-04-26 16:44:20:4420 http: OPTIONS /api/tasks/69edf09f38cfc9f5fbc4b777/assign 204 0 - 0.064 ms
2026-04-26 16:44:20:4420 http: PATCH /api/tasks/69edf09f38cfc9f5fbc4b777/assign 200 860 - 81.728 ms
2026-04-26 16:44:23:4423 http: OPTIONS /api/sprints 204 0 - 0.082 ms
2026-04-26 16:44:23:4423 http: OPTIONS /api/sprints 204 0 - 0.112 ms
2026-04-26 16:44:24:4424 http: GET /api/sprints 304 - - 283.581 ms
2026-04-26 16:44:24:4424 http: GET /api/sprints 304 - - 70.668 ms
2026-04-26 16:44:25:4425 http: OPTIONS /api/sprints/69ec8e25ca3e778bcb899692 204 0 - 0.088 ms
2026-04-26 16:44:25:4425 http: OPTIONS /api/sprints/69ec8e25ca3e778bcb899692 204 0 - 0.140 ms
2026-04-26 16:44:25:4425 http: GET /api/sprints/69ec8e25ca3e778bcb899692 304 - - 22.888 ms
2026-04-26 16:44:25:4425 http: OPTIONS /api/user-stories/sprint/69ec8e25ca3e778bcb899692 204 0 - 0.082 ms
2026-04-26 16:44:25:4425 http: GET /api/sprints/69ec8e25ca3e778bcb899692 304 - - 28.130 ms
2026-04-26 16:44:25:4425 http: GET /api/user-stories/sprint/69ec8e25ca3e778bcb899692 200 2079 - 23.953 ms
2026-04-26 16:44:25:4425 http: OPTIONS /api/teams/directory?search= 204 0 - 0.080 ms
2026-04-26 16:44:25:4425 http: GET /api/user-stories/sprint/69ec8e25ca3e778bcb899692 304 - - 24.056 ms
2026-04-26 16:44:25:4425 http: GET /api/teams/directory?search= 304 - - 19.816 ms
2026-04-26 16:44:25:4425 http: GET /api/teams/directory?search= 304 - - 9.650 ms
2026-04-26 16:44:27:4427 http: OPTIONS /api/tasks/story/69ec8da9ca3e778bcb899659 204 0 - 0.066 ms
2026-04-26 16:44:27:4427 http: GET /api/tasks/story/69ec8da9ca3e778bcb899659 200 830 - 30.702 ms
2026-04-26 16:44:30:4430 http: OPTIONS /api/tasks/team 204 0 - 0.124 ms
2026-04-26 16:44:30:4430 http: OPTIONS /api/tasks/team 204 0 - 0.090 ms
2026-04-26 16:44:30:4430 http: GET /api/tasks/team 200 3754 - 51.865 ms
2026-04-26 16:44:30:4430 http: GET /api/tasks/team 304 - - 42.679 ms
2026-04-26 16:44:36:4436 http: OPTIONS /api/auth/refresh 204 0 - 0.096 ms
2026-04-26 16:44:36:4436 http: OPTIONS /api/auth/refresh 204 0 - 0.051 ms
2026-04-26 16:44:36:4436 http: POST /api/auth/refresh 200 621 - 27.307 ms
2026-04-26 16:44:36:4436 http: POST /api/auth/refresh 200 621 - 30.930 ms
2026-04-26 16:44:36:4436 http: OPTIONS /api/tasks/assigned 204 0 - 0.081 ms
2026-04-26 16:44:36:4436 http: OPTIONS /api/tasks/assigned 204 0 - 0.074 ms
2026-04-26 16:44:36:4436 http: GET /api/tasks/assigned 200 3733 - 62.508 ms
2026-04-26 16:44:36:4436 http: GET /api/tasks/assigned 304 - - 80.820 ms
2026-04-26 16:44:41:4441 http: OPTIONS /api/tasks/69ec8dd3ca3e778bcb899663 204 0 - 0.087 ms
2026-04-26 16:44:41:4441 http: PUT /api/tasks/69ec8dd3ca3e778bcb899663 200 821 - 41.968 ms
2026-04-26 16:45:00:450 http: OPTIONS /api/tasks/69ec8dd3ca3e778bcb899663 204 0 - 0.097 ms
2026-04-26 16:45:00:450 http: PUT /api/tasks/69ec8dd3ca3e778bcb899663 200 819 - 42.111 ms
2026-04-26 16:45:11:4511 http: OPTIONS /api/projects?page=1&limit=10&search= 204 0 - 0.089 ms
2026-04-26 16:45:11:4511 http: OPTIONS /api/projects?page=1&limit=10&search= 204 0 - 0.096 ms
2026-04-26 16:45:11:4511 http: GET /api/projects?page=1&limit=10&search= 200 776 - 17.585 ms
2026-04-26 16:45:11:4511 http: GET /api/projects?page=1&limit=10&search= 304 - - 23.641 ms
2026-04-26 16:45:12:4512 http: OPTIONS /api/sprints 204 0 - 0.091 ms
2026-04-26 16:45:12:4512 http: OPTIONS /api/sprints 204 0 - 0.084 ms
2026-04-26 16:45:12:4512 http: GET /api/sprints 304 - - 27.394 ms
2026-04-26 16:45:12:4512 http: GET /api/sprints 304 - - 38.795 ms
2026-04-26 16:45:13:4513 http: OPTIONS /api/sprints/69ec8e25ca3e778bcb899692 204 0 - 0.091 ms
2026-04-26 16:45:13:4513 http: OPTIONS /api/sprints/69ec8e25ca3e778bcb899692 204 0 - 0.090 ms
2026-04-26 16:45:13:4513 http: GET /api/sprints/69ec8e25ca3e778bcb899692 304 - - 20.357 ms
2026-04-26 16:45:13:4513 http: OPTIONS /api/user-stories/sprint/69ec8e25ca3e778bcb899692 204 0 - 0.098 ms
2026-04-26 16:45:14:4514 http: GET /api/sprints/69ec8e25ca3e778bcb899692 304 - - 39.210 ms
2026-04-26 16:45:14:4514 http: GET /api/user-stories/sprint/69ec8e25ca3e778bcb899692 200 2083 - 32.316 ms
2026-04-26 16:45:14:4514 http: OPTIONS /api/teams/directory?search= 204 0 - 0.076 ms
2026-04-26 16:45:14:4514 http: GET /api/user-stories/sprint/69ec8e25ca3e778bcb899692 304 - - 17.301 ms
2026-04-26 16:45:14:4514 http: GET /api/teams/directory?search= 304 - - 21.164 ms
2026-04-26 16:45:14:4514 http: GET /api/teams/directory?search= 304 - - 7.208 ms
2026-04-26 16:45:44:4544 http: OPTIONS /api/tasks 204 0 - 0.087 ms
2026-04-26 16:45:44:4544 http: POST /api/tasks 201 756 - 27.038 ms
2026-04-26 16:45:44:4544 http: OPTIONS /api/tasks/story/69ec8da9ca3e778bcb899659 204 0 - 0.123 ms
2026-04-26 16:45:44:4544 http: GET /api/tasks/story/69ec8da9ca3e778bcb899659 200 1532 - 34.249 ms
2026-04-26 16:45:45:4545 http: OPTIONS /api/tasks/team 204 0 - 0.067 ms
2026-04-26 16:45:46:4546 http: GET /api/tasks/team 200 4460 - 47.815 ms
2026-04-26 16:45:46:4546 http: GET /api/tasks/team 304 - - 34.877 ms
2026-04-26 16:45:53:4553 http: OPTIONS /api/auth/refresh 204 0 - 0.147 ms
2026-04-26 16:45:53:4553 http: OPTIONS /api/auth/refresh 204 0 - 0.074 ms
2026-04-26 16:45:53:4553 http: POST /api/auth/refresh 200 621 - 28.296 ms
2026-04-26 16:45:53:4553 http: POST /api/auth/refresh 200 621 - 24.901 ms
2026-04-26 16:45:53:4553 http: OPTIONS /api/tasks/assigned 204 0 - 0.081 ms
2026-04-26 16:45:53:4553 http: OPTIONS /api/tasks/assigned 204 0 - 0.077 ms
2026-04-26 16:45:53:4553 http: GET /api/tasks/assigned 200 4432 - 62.422 ms
2026-04-26 16:45:53:4553 http: GET /api/tasks/assigned 304 - - 62.351 ms
2026-04-26 16:45:58:4558 http: OPTIONS /api/tasks/69edf09f38cfc9f5fbc4b777 204 0 - 0.053 ms
2026-04-26 16:45:58:4558 http: PUT /api/tasks/69edf09f38cfc9f5fbc4b777 200 865 - 20.737 ms
2026-04-26 16:50:34:5034 http: OPTIONS /api/auth/refresh 204 0 - 0.131 ms
2026-04-26 16:50:34:5034 http: OPTIONS /api/auth/refresh 204 0 - 0.051 ms
2026-04-26 16:50:34:5034 http: POST /api/auth/refresh 200 981 - 47.954 ms
2026-04-26 16:50:34:5034 http: POST /api/auth/refresh 200 981 - 48.307 ms
2026-04-26 16:50:34:5034 http: OPTIONS /api/tasks/team 204 0 - 0.082 ms
2026-04-26 16:50:34:5034 http: GET /api/tasks/team 200 4466 - 38.887 ms
2026-04-26 16:50:34:5034 http: GET /api/tasks/team 304 - - 63.219 ms
2026-04-26 16:50:47:5047 http: OPTIONS /api/auth/refresh 204 0 - 0.060 ms
2026-04-26 16:50:47:5047 http: OPTIONS /api/auth/refresh 204 0 - 0.110 ms
2026-04-26 16:50:47:5047 http: POST /api/auth/refresh 200 981 - 30.816 ms
2026-04-26 16:50:47:5047 http: POST /api/auth/refresh 200 981 - 34.988 ms
2026-04-26 16:50:47:5047 http: OPTIONS /api/tasks/team 204 0 - 0.100 ms
2026-04-26 16:50:47:5047 http: OPTIONS /api/tasks/team 204 0 - 0.128 ms
2026-04-26 16:50:47:5047 http: GET /api/tasks/team 304 - - 59.559 ms
2026-04-26 16:50:47:5047 http: GET /api/tasks/team 304 - - 44.056 ms
2026-04-26 16:52:06:526 http: OPTIONS /api/auth/refresh 204 0 - 0.093 ms
2026-04-26 16:52:06:526 http: OPTIONS /api/auth/refresh 204 0 - 0.053 ms
2026-04-26 16:52:06:526 http: POST /api/auth/refresh 200 981 - 25.847 ms
2026-04-26 16:52:06:526 http: POST /api/auth/refresh 200 981 - 29.738 ms
2026-04-26 16:52:06:526 http: OPTIONS /api/tasks/team 204 0 - 0.076 ms
2026-04-26 16:52:06:526 http: OPTIONS /api/tasks/team 204 0 - 0.084 ms
2026-04-26 16:52:06:526 http: GET /api/tasks/team 304 - - 51.203 ms
2026-04-26 16:52:06:526 http: GET /api/tasks/team 304 - - 56.503 ms
2026-04-26 16:52:24:5224 http: OPTIONS /api/auth/refresh 204 0 - 0.083 ms
2026-04-26 16:52:24:5224 http: OPTIONS /api/auth/refresh 204 0 - 0.119 ms
2026-04-26 16:52:24:5224 http: POST /api/auth/refresh 200 981 - 31.895 ms
2026-04-26 16:52:24:5224 http: POST /api/auth/refresh 200 981 - 34.350 ms
2026-04-26 16:52:24:5224 http: OPTIONS /api/tasks/team 204 0 - 0.076 ms
2026-04-26 16:52:24:5224 http: OPTIONS /api/tasks/team 204 0 - 0.063 ms
2026-04-26 16:52:24:5224 http: GET /api/tasks/team 304 - - 36.699 ms
2026-04-26 16:52:24:5224 http: GET /api/tasks/team 304 - - 45.460 ms
2026-04-26 16:58:40:5840 http: OPTIONS /api/tasks/team 204 0 - 0.113 ms
2026-04-26 16:58:40:5840 http: GET /api/tasks/team 304 - - 338.213 ms
2026-04-26 16:58:41:5841 http: OPTIONS /api/tasks/team 204 0 - 0.102 ms
2026-04-26 16:58:41:5841 http: GET /api/tasks/team 401 54 - 1.263 ms
2026-04-26 16:58:41:5841 http: OPTIONS /api/tasks/assigned 204 0 - 0.074 ms
2026-04-26 16:58:41:5841 http: OPTIONS /api/auth/refresh 204 0 - 0.075 ms
2026-04-26 16:58:41:5841 http: POST /api/auth/refresh 200 999 - 38.278 ms
2026-04-26 16:58:41:5841 http: GET /api/tasks/assigned 200 4438 - 98.309 ms
2026-04-26 16:58:41:5841 http: GET /api/tasks/team 304 - - 31.291 ms
2026-04-26 16:59:36:5936 http: OPTIONS /api/auth/refresh 204 0 - 0.098 ms
2026-04-26 16:59:36:5936 http: OPTIONS /api/auth/refresh 204 0 - 0.214 ms
2026-04-26 16:59:36:5936 http: POST /api/auth/refresh 200 981 - 37.869 ms
2026-04-26 16:59:36:5936 http: POST /api/auth/refresh 200 981 - 32.887 ms
2026-04-26 16:59:36:5936 http: OPTIONS /api/sprints 204 0 - 0.259 ms
2026-04-26 16:59:36:5936 http: OPTIONS /api/sprints 204 0 - 0.234 ms
2026-04-26 16:59:36:5936 http: GET /api/sprints 304 - - 34.994 ms
2026-04-26 16:59:36:5936 http: GET /api/sprints 304 - - 59.116 ms
2026-04-26 16:59:39:5939 http: OPTIONS /api/tasks/team 204 0 - 0.053 ms
2026-04-26 16:59:39:5939 http: OPTIONS /api/tasks/team 204 0 - 0.082 ms
2026-04-26 16:59:39:5939 http: GET /api/tasks/team 304 - - 39.776 ms
2026-04-26 16:59:39:5939 http: GET /api/tasks/team 304 - - 37.641 ms
2026-04-26 17:07:24:724 http: OPTIONS /api/teams/directory?search= 204 0 - 0.956 ms
2026-04-26 17:07:24:724 http: GET /api/teams/directory?search= 304 - - 74.439 ms
2026-04-26 17:07:32:732 http: OPTIONS /api/teams/directory?search= 204 0 - 0.064 ms
2026-04-26 17:07:32:732 http: GET /api/teams/directory?search= 304 - - 53.140 ms
2026-04-26 17:08:30:830 http: OPTIONS /api/auth/refresh 204 0 - 0.190 ms
2026-04-26 17:08:30:830 http: OPTIONS /api/auth/refresh 204 0 - 0.072 ms
2026-04-26 17:08:30:830 http: POST /api/auth/refresh 401 390 - 33.594 ms
2026-04-26 17:08:30:830 http: POST /api/auth/refresh 401 390 - 33.634 ms
2026-04-26 17:08:30:830 http: POST /api/auth/refresh 401 390 - 6.468 ms
2026-04-26 17:08:30:830 http: POST /api/auth/refresh 401 390 - 3.184 ms
2026-04-26 17:08:55:855 http: OPTIONS /api/auth/login 204 0 - 0.092 ms
2026-04-26 17:08:55:855 http: POST /api/auth/login 401 300 - 124.833 ms
2026-04-26 17:08:55:855 http: OPTIONS /api/auth/refresh 204 0 - 0.046 ms
2026-04-26 17:08:55:855 http: POST /api/auth/refresh 401 390 - 1.857 ms
2026-04-26 17:09:09:99 http: OPTIONS /api/auth/login 204 0 - 0.080 ms
2026-04-26 17:09:09:99 http: POST /api/auth/login 200 1202 - 106.869 ms
2026-04-26 17:09:15:915 http: OPTIONS /api/projects?page=1&limit=8&search= 204 0 - 0.154 ms
2026-04-26 17:09:15:915 http: OPTIONS /api/projects?page=1&limit=8&search= 204 0 - 0.225 ms
2026-04-26 17:09:16:916 http: GET /api/projects?page=1&limit=8&search= 200 775 - 26.776 ms
2026-04-26 17:09:16:916 http: GET /api/projects?page=1&limit=8&search= 304 - - 25.031 ms
2026-04-26 17:09:16:916 http: OPTIONS /api/projects?page=1&limit=10&search= 204 0 - 0.097 ms
2026-04-26 17:09:16:916 http: OPTIONS /api/projects?page=1&limit=10&search= 204 0 - 0.106 ms
2026-04-26 17:09:16:916 http: GET /api/projects?page=1&limit=10&search= 200 776 - 14.715 ms
2026-04-26 17:09:16:916 http: GET /api/projects?page=1&limit=10&search= 304 - - 22.283 ms
2026-04-26 17:09:17:917 http: OPTIONS /api/sprints 204 0 - 0.057 ms
2026-04-26 17:09:17:917 http: OPTIONS /api/sprints 204 0 - 0.074 ms
2026-04-26 17:09:17:917 http: GET /api/sprints 200 915 - 21.376 ms
2026-04-26 17:09:17:917 http: GET /api/sprints 304 - - 49.003 ms
2026-04-26 17:09:18:918 http: OPTIONS /api/tasks/all 204 0 - 0.086 ms
2026-04-26 17:09:18:918 http: OPTIONS /api/tasks/all 204 0 - 0.059 ms
2026-04-26 17:09:19:919 http: GET /api/tasks/all 200 7821 - 50.707 ms
2026-04-26 17:09:19:919 http: GET /api/tasks/all 304 - - 39.868 ms
2026-04-26 17:24:55:2455 http: OPTIONS /api/projects?page=1&limit=10&search= 204 0 - 0.069 ms
2026-04-26 17:24:55:2455 http: OPTIONS /api/projects?page=1&limit=10&search= 204 0 - 0.076 ms
2026-04-26 17:24:55:2455 http: GET /api/projects?page=1&limit=10&search= 401 54 - 0.774 ms
2026-04-26 17:24:55:2455 http: GET /api/projects?page=1&limit=10&search= 401 54 - 0.796 ms
2026-04-26 17:24:55:2455 http: OPTIONS /api/auth/refresh 204 0 - 0.070 ms
2026-04-26 17:24:55:2455 http: POST /api/auth/refresh 200 981 - 42.515 ms
2026-04-26 17:24:55:2455 http: POST /api/auth/refresh 200 981 - 44.020 ms
2026-04-26 17:24:55:2455 http: GET /api/projects?page=1&limit=10&search= 304 - - 18.006 ms
2026-04-26 17:24:55:2455 http: GET /api/projects?page=1&limit=10&search= 304 - - 17.695 ms
2026-04-26 17:24:56:2456 http: OPTIONS /api/sprints 204 0 - 0.313 ms
2026-04-26 17:24:56:2456 http: GET /api/sprints 304 - - 34.145 ms
2026-04-26 17:24:56:2456 http: GET /api/sprints 304 - - 44.855 ms
2026-04-26 17:24:58:2458 http: OPTIONS /api/sprints/69ec8e25ca3e778bcb899692 204 0 - 0.052 ms
2026-04-26 17:24:58:2458 http: OPTIONS /api/sprints/69ec8e25ca3e778bcb899692 204 0 - 0.047 ms
2026-04-26 17:24:58:2458 http: GET /api/sprints/69ec8e25ca3e778bcb899692 304 - - 32.337 ms
2026-04-26 17:24:58:2458 http: OPTIONS /api/user-stories/sprint/69ec8e25ca3e778bcb899692 204 0 - 0.050 ms
2026-04-26 17:24:58:2458 http: GET /api/sprints/69ec8e25ca3e778bcb899692 304 - - 44.150 ms
2026-04-26 17:24:58:2458 http: GET /api/user-stories/sprint/69ec8e25ca3e778bcb899692 304 - - 44.505 ms
2026-04-26 17:24:58:2458 http: OPTIONS /api/teams/directory?search= 204 0 - 0.073 ms
2026-04-26 17:24:58:2458 http: GET /api/user-stories/sprint/69ec8e25ca3e778bcb899692 304 - - 17.585 ms
2026-04-26 17:24:58:2458 http: GET /api/teams/directory?search= 304 - - 18.358 ms
2026-04-26 17:24:58:2458 http: GET /api/teams/directory?search= 304 - - 11.374 ms
2026-04-26 17:24:59:2459 http: OPTIONS /api/tasks/story/69ec8da9ca3e778bcb899659 204 0 - 0.084 ms
2026-04-26 17:24:59:2459 http: GET /api/tasks/story/69ec8da9ca3e778bcb899659 200 1538 - 31.702 ms
2026-04-26 17:25:23:2523 http: OPTIONS /api/projects?page=1&limit=10&search= 204 0 - 0.110 ms
2026-04-26 17:25:23:2523 http: OPTIONS /api/projects?page=1&limit=10&search= 204 0 - 0.057 ms
2026-04-26 17:25:23:2523 http: GET /api/projects?page=1&limit=10&search= 401 54 - 0.635 ms
2026-04-26 17:25:23:2523 http: GET /api/projects?page=1&limit=10&search= 401 54 - 1.384 ms
2026-04-26 17:25:23:2523 http: OPTIONS /api/auth/refresh 204 0 - 0.164 ms
2026-04-26 17:25:23:2523 http: OPTIONS /api/auth/refresh 204 0 - 0.046 ms
2026-04-26 17:25:23:2523 http: POST /api/auth/refresh 200 999 - 32.908 ms
2026-04-26 17:25:23:2523 http: POST /api/auth/refresh 200 999 - 38.472 ms
2026-04-26 17:25:23:2523 http: GET /api/projects?page=1&limit=10&search= 200 776 - 18.640 ms
2026-04-26 17:25:23:2523 http: GET /api/projects?page=1&limit=10&search= 304 - - 21.566 ms
2026-04-26 17:25:24:2524 http: OPTIONS /api/user-stories/project/69eb5440407b185bf6a3e56c 204 0 - 0.058 ms
2026-04-26 17:25:24:2524 http: GET /api/user-stories/project/69eb5440407b185bf6a3e56c 200 1633 - 12.696 ms
2026-04-26 17:25:26:2526 http: OPTIONS /api/user-stories/project/69eb541b407b185bf6a3e558 204 0 - 0.078 ms
2026-04-26 17:25:26:2526 http: GET /api/user-stories/project/69eb541b407b185bf6a3e558 200 2593 - 22.279 ms
2026-04-26 17:25:32:2532 http: OPTIONS /api/sprints 204 0 - 0.050 ms
2026-04-26 17:25:32:2532 http: OPTIONS /api/sprints 204 0 - 0.106 ms
2026-04-26 17:25:32:2532 http: GET /api/sprints 304 - - 34.359 ms
2026-04-26 17:25:32:2532 http: GET /api/sprints 304 - - 32.454 ms
2026-04-26 17:25:33:2533 http: OPTIONS /api/sprints/69ec8e25ca3e778bcb899692 204 0 - 0.058 ms
2026-04-26 17:25:33:2533 http: OPTIONS /api/sprints/69ec8e25ca3e778bcb899692 204 0 - 0.128 ms
2026-04-26 17:25:33:2533 http: GET /api/sprints/69ec8e25ca3e778bcb899692 304 - - 21.874 ms
2026-04-26 17:25:33:2533 http: OPTIONS /api/user-stories/sprint/69ec8e25ca3e778bcb899692 204 0 - 0.074 ms
2026-04-26 17:25:33:2533 http: GET /api/sprints/69ec8e25ca3e778bcb899692 304 - - 23.497 ms
2026-04-26 17:25:33:2533 http: GET /api/user-stories/sprint/69ec8e25ca3e778bcb899692 200 2083 - 15.889 ms
2026-04-26 17:25:33:2533 http: OPTIONS /api/teams/directory?search= 204 0 - 0.068 ms
2026-04-26 17:25:33:2533 http: GET /api/user-stories/sprint/69ec8e25ca3e778bcb899692 304 - - 18.138 ms
2026-04-26 17:25:33:2533 http: GET /api/teams/directory?search= 304 - - 22.268 ms
2026-04-26 17:25:33:2533 http: GET /api/teams/directory?search= 304 - - 11.280 ms
2026-04-26 17:25:42:2542 http: OPTIONS /api/sprints 204 0 - 0.074 ms
2026-04-26 17:25:42:2542 http: OPTIONS /api/sprints 204 0 - 0.098 ms
2026-04-26 17:25:42:2542 http: GET /api/sprints 304 - - 44.857 ms
2026-04-26 17:25:42:2542 http: GET /api/sprints 304 - - 27.344 ms
2026-04-26 17:25:44:2544 http: OPTIONS /api/sprints/69ec8e25ca3e778bcb899692 204 0 - 0.095 ms
2026-04-26 17:25:44:2544 http: OPTIONS /api/sprints/69ec8e25ca3e778bcb899692 204 0 - 0.094 ms
2026-04-26 17:25:44:2544 http: GET /api/sprints/69ec8e25ca3e778bcb899692 304 - - 16.438 ms
2026-04-26 17:25:44:2544 http: OPTIONS /api/user-stories/sprint/69ec8e25ca3e778bcb899692 204 0 - 0.057 ms
2026-04-26 17:25:44:2544 http: GET /api/sprints/69ec8e25ca3e778bcb899692 304 - - 36.010 ms
2026-04-26 17:25:44:2544 http: GET /api/user-stories/sprint/69ec8e25ca3e778bcb899692 304 - - 41.025 ms
2026-04-26 17:25:44:2544 http: OPTIONS /api/teams/directory?search= 204 0 - 0.052 ms
2026-04-26 17:25:44:2544 http: GET /api/user-stories/sprint/69ec8e25ca3e778bcb899692 304 - - 21.011 ms
2026-04-26 17:25:44:2544 http: GET /api/teams/directory?search= 304 - - 25.943 ms
2026-04-26 17:25:44:2544 http: GET /api/teams/directory?search= 304 - - 7.888 ms
2026-04-26 17:25:46:2546 http: OPTIONS /api/tasks/story/69ec8da9ca3e778bcb899659 204 0 - 0.070 ms
2026-04-26 17:25:46:2546 http: GET /api/tasks/story/69ec8da9ca3e778bcb899659 304 - - 24.387 ms
2026-04-26 17:25:54:2554 http: OPTIONS /api/sprints 204 0 - 0.074 ms
2026-04-26 17:25:54:2554 http: OPTIONS /api/sprints 204 0 - 0.086 ms
2026-04-26 17:25:54:2554 http: GET /api/sprints 401 54 - 0.598 ms
2026-04-26 17:25:54:2554 http: OPTIONS /api/auth/refresh 204 0 - 0.096 ms
2026-04-26 17:25:54:2554 http: GET /api/sprints 401 54 - 1.004 ms
2026-04-26 17:25:54:2554 http: POST /api/auth/refresh 200 1202 - 38.744 ms
2026-04-26 17:25:54:2554 http: POST /api/auth/refresh 200 1202 - 27.205 ms
2026-04-26 17:25:54:2554 http: GET /api/sprints 304 - - 21.390 ms
2026-04-26 17:25:54:2554 http: GET /api/sprints 304 - - 26.988 ms
2026-04-26 17:25:57:2557 http: OPTIONS /api/sprints/69eb69cfdeb7d4ce8582611e 204 0 - 0.094 ms
2026-04-26 17:25:57:2557 http: OPTIONS /api/sprints/69eb69cfdeb7d4ce8582611e 204 0 - 0.070 ms
2026-04-26 17:25:57:2557 http: GET /api/sprints/69eb69cfdeb7d4ce8582611e 200 479 - 10.079 ms
2026-04-26 17:25:57:2557 http: OPTIONS /api/user-stories/sprint/69eb69cfdeb7d4ce8582611e 204 0 - 0.157 ms
2026-04-26 17:25:57:2557 http: GET /api/sprints/69eb69cfdeb7d4ce8582611e 304 - - 21.438 ms
2026-04-26 17:25:57:2557 http: GET /api/user-stories/sprint/69eb69cfdeb7d4ce8582611e 200 1633 - 19.847 ms
2026-04-26 17:25:57:2557 http: OPTIONS /api/teams/directory?search= 204 0 - 0.122 ms
2026-04-26 17:25:57:2557 http: GET /api/user-stories/sprint/69eb69cfdeb7d4ce8582611e 304 - - 14.052 ms
2026-04-26 17:25:57:2557 http: GET /api/teams/directory?search= 200 848 - 19.942 ms
2026-04-26 17:25:57:2557 http: GET /api/teams/directory?search= 304 - - 13.521 ms
2026-04-26 17:26:00:260 http: OPTIONS /api/sprints 204 0 - 0.068 ms
2026-04-26 17:26:00:260 http: OPTIONS /api/sprints 204 0 - 0.068 ms
2026-04-26 17:26:00:260 http: GET /api/sprints 304 - - 49.584 ms
2026-04-26 17:26:00:260 http: GET /api/sprints 304 - - 33.195 ms
2026-04-26 17:26:01:261 http: OPTIONS /api/sprints/69ec8e25ca3e778bcb899692 204 0 - 0.051 ms
2026-04-26 17:26:01:261 http: OPTIONS /api/sprints/69ec8e25ca3e778bcb899692 204 0 - 0.087 ms
2026-04-26 17:26:01:261 http: GET /api/sprints/69ec8e25ca3e778bcb899692 200 475 - 14.465 ms
2026-04-26 17:26:01:261 http: OPTIONS /api/user-stories/sprint/69ec8e25ca3e778bcb899692 204 0 - 0.304 ms
2026-04-26 17:26:01:261 http: GET /api/sprints/69ec8e25ca3e778bcb899692 304 - - 29.460 ms
2026-04-26 17:26:01:261 http: GET /api/user-stories/sprint/69ec8e25ca3e778bcb899692 200 2083 - 26.091 ms
2026-04-26 17:26:01:261 http: GET /api/user-stories/sprint/69ec8e25ca3e778bcb899692 304 - - 17.151 ms
2026-04-26 17:26:01:261 http: GET /api/teams/directory?search= 304 - - 19.349 ms
2026-04-26 17:26:01:261 http: GET /api/teams/directory?search= 304 - - 12.796 ms
2026-04-26 17:26:06:266 http: OPTIONS /api/projects?page=1&limit=10&search= 204 0 - 0.064 ms
2026-04-26 17:26:06:266 http: OPTIONS /api/projects?page=1&limit=10&search= 204 0 - 0.067 ms
2026-04-26 17:26:06:266 http: GET /api/projects?page=1&limit=10&search= 304 - - 15.365 ms
2026-04-26 17:26:06:266 http: GET /api/projects?page=1&limit=10&search= 304 - - 22.956 ms
2026-04-26 17:26:07:267 http: OPTIONS /api/user-stories/project/69eb541b407b185bf6a3e558 204 0 - 0.047 ms
2026-04-26 17:26:07:267 http: GET /api/user-stories/project/69eb541b407b185bf6a3e558 200 2593 - 19.536 ms
2026-04-26 17:26:13:2613 http: OPTIONS /api/user-stories/69ec9ef61026d35d137482b4 204 0 - 0.080 ms
2026-04-26 17:26:13:2613 http: DELETE /api/user-stories/69ec9ef61026d35d137482b4 200 60 - 30.657 ms
2026-04-26 17:26:13:2613 http: OPTIONS /api/user-stories/project/69eb541b407b185bf6a3e558 204 0 - 0.109 ms
2026-04-26 17:26:13:2613 http: GET /api/user-stories/project/69eb541b407b185bf6a3e558 200 2083 - 84.970 ms
2026-04-26 17:26:17:2617 http: OPTIONS /api/tasks/all 204 0 - 0.073 ms
2026-04-26 17:26:17:2617 http: OPTIONS /api/tasks/all 204 0 - 0.062 ms
2026-04-26 17:26:18:2618 http: GET /api/tasks/all 200 7285 - 49.683 ms
2026-04-26 17:26:18:2618 http: GET /api/tasks/all 304 - - 30.861 ms
2026-04-26 17:26:28:2628 http: OPTIONS /api/tasks/69edf0d838cfc9f5fbc4b7b8/assign 204 0 - 0.053 ms
2026-04-26 17:26:28:2628 http: PATCH /api/tasks/69edf0d838cfc9f5fbc4b7b8/assign 200 865 - 30.882 ms
2026-04-26 17:26:28:2628 http: OPTIONS /api/tasks/story/69ec8da9ca3e778bcb899659 204 0 - 0.098 ms
2026-04-26 17:26:28:2628 http: GET /api/tasks/story/69ec8da9ca3e778bcb899659 200 836 - 24.101 ms
2026-04-26 17:26:32:2632 http: OPTIONS /api/tasks/team 204 0 - 0.053 ms
2026-04-26 17:26:32:2632 http: OPTIONS /api/tasks/team 204 0 - 0.061 ms
2026-04-26 17:26:32:2632 http: GET /api/tasks/team 200 3028 - 44.216 ms
2026-04-26 17:26:32:2632 http: GET /api/tasks/team 304 - - 32.959 ms
2026-04-26 17:27:24:2724 http: OPTIONS /api/auth/logout 204 0 - 0.086 ms
2026-04-26 17:27:24:2724 http: POST /api/auth/logout 200 39 - 10.848 ms
2026-04-26 17:27:41:2741 http: OPTIONS /api/auth/login 204 0 - 0.072 ms
2026-04-26 17:27:41:2741 http: POST /api/auth/login 200 619 - 94.016 ms
2026-04-26 17:28:29:2829 http: OPTIONS /api/tasks/all 204 0 - 0.144 ms
2026-04-26 17:28:29:2829 http: OPTIONS /api/tasks/all 204 0 - 0.122 ms
2026-04-26 17:28:29:2829 http: GET /api/tasks/all 401 54 - 1.458 ms
2026-04-26 17:28:29:2829 http: GET /api/tasks/all 401 54 - 1.320 ms
2026-04-26 17:28:29:2829 http: OPTIONS /api/auth/refresh 204 0 - 0.227 ms
2026-04-26 17:28:29:2829 http: OPTIONS /api/auth/refresh 204 0 - 0.120 ms
2026-04-26 17:28:29:2829 http: POST /api/auth/refresh 401 390 - 9.833 ms
2026-04-26 17:28:29:2829 http: POST /api/auth/refresh 401 390 - 19.413 ms
2026-04-26 17:29:09:299 http: OPTIONS /api/auth/login 204 0 - 0.075 ms
2026-04-26 17:29:09:299 http: POST /api/auth/login 404 370 - 4.626 ms
2026-04-26 17:29:18:2918 http: OPTIONS /api/auth/login 204 0 - 0.056 ms
2026-04-26 17:29:18:2918 http: POST /api/auth/login 200 1202 - 97.534 ms
2026-04-26 17:29:36:2936 http: OPTIONS /api/tasks/assigned 204 0 - 0.156 ms
2026-04-26 17:29:36:2936 http: OPTIONS /api/tasks/assigned 204 0 - 0.059 ms
2026-04-26 17:29:36:2936 http: GET /api/tasks/assigned 200 3012 - 46.978 ms
2026-04-26 17:29:36:2936 http: GET /api/tasks/assigned 304 - - 47.143 ms
2026-04-26 17:29:55:2955 http: OPTIONS /api/auth/refresh 204 0 - 0.107 ms
2026-04-26 17:29:55:2955 http: POST /api/auth/refresh 200 619 - 36.536 ms
2026-04-26 17:29:55:2955 http: POST /api/auth/refresh 200 619 - 45.136 ms
2026-04-26 17:29:55:2955 http: OPTIONS /api/tasks/assigned 204 0 - 0.073 ms
2026-04-26 17:29:55:2955 http: OPTIONS /api/tasks/assigned 204 0 - 0.078 ms
2026-04-26 17:29:55:2955 http: GET /api/tasks/assigned 304 - - 78.601 ms
2026-04-26 17:29:55:2955 http: GET /api/tasks/assigned 304 - - 44.849 ms
2026-04-26 17:30:37:3037 http: OPTIONS /api/tasks/all 204 0 - 0.076 ms
2026-04-26 17:30:37:3037 http: OPTIONS /api/tasks/all 204 0 - 0.067 ms
2026-04-26 17:30:37:3037 http: GET /api/tasks/all 200 7469 - 83.225 ms
2026-04-26 17:30:37:3037 http: GET /api/tasks/all 304 - - 79.730 ms
2026-04-26 17:31:53:3153 http: OPTIONS /api/tasks/team 204 0 - 0.069 ms
2026-04-26 17:31:53:3153 http: OPTIONS /api/tasks/team 204 0 - 0.064 ms
2026-04-26 17:31:53:3153 http: GET /api/tasks/team 304 - - 35.841 ms
2026-04-26 17:31:53:3153 http: GET /api/tasks/team 304 - - 33.666 ms
2026-04-26 17:34:32:3432 info: server is running on port 5000
2026-04-26 17:35:26:3526 http: OPTIONS /api/auth/refresh 204 0 - 3.020 ms
2026-04-26 17:35:26:3526 http: OPTIONS /api/auth/refresh 204 0 - 1.208 ms
2026-04-26 17:35:26:3526 http: POST /api/auth/refresh 200 981 - 117.406 ms
2026-04-26 17:35:26:3526 http: POST /api/auth/refresh 200 981 - 66.461 ms
2026-04-26 17:35:26:3526 http: OPTIONS /api/tasks/team 204 0 - 0.321 ms
2026-04-26 17:35:26:3526 http: OPTIONS /api/tasks/team 204 0 - 0.165 ms
2026-04-26 17:35:26:3526 http: GET /api/tasks/team 304 - - 95.345 ms
2026-04-26 17:35:26:3526 http: GET /api/tasks/team 304 - - 57.242 ms
2026-04-26 17:37:00:370 info: server is running on port 5000
2026-04-26 17:37:07:377 http: OPTIONS /api/auth/refresh 204 0 - 5.928 ms
2026-04-26 17:37:07:377 http: OPTIONS /api/auth/refresh 204 0 - 0.123 ms
2026-04-26 17:37:07:377 http: POST /api/auth/refresh 200 981 - 85.570 ms
2026-04-26 17:37:07:377 http: POST /api/auth/refresh 200 981 - 56.937 ms
2026-04-26 17:37:07:377 http: OPTIONS /api/tasks/team 204 0 - 0.166 ms
2026-04-26 17:37:07:377 http: OPTIONS /api/tasks/team 204 0 - 0.198 ms
2026-04-26 17:37:07:377 http: GET /api/tasks/team 304 - - 65.310 ms
2026-04-26 17:37:07:377 http: GET /api/tasks/team 304 - - 47.511 ms
2026-04-26 17:38:24:3824 info: server is running on port 5000
2026-04-26 17:39:16:3916 http: OPTIONS /api/tasks/69edf0d838cfc9f5fbc4b7b8 204 0 - 3.154 ms
2026-04-26 17:39:17:3917 http: PUT /api/tasks/69edf0d838cfc9f5fbc4b7b8 200 870 - 90.821 ms
2026-04-26 17:41:36:4136 http: OPTIONS /api/tasks/69edf0d838cfc9f5fbc4b7b8 204 0 - 0.232 ms
2026-04-26 17:41:36:4136 http: PUT /api/tasks/69edf0d838cfc9f5fbc4b7b8 200 1064 - 41.487 ms
2026-04-26 17:42:09:429 http: OPTIONS /api/auth/refresh 204 0 - 0.232 ms
2026-04-26 17:42:09:429 http: OPTIONS /api/auth/refresh 204 0 - 0.262 ms
2026-04-26 17:42:09:429 http: POST /api/auth/refresh 200 999 - 55.466 ms
2026-04-26 17:42:09:429 http: POST /api/auth/refresh 200 999 - 50.488 ms
2026-04-26 17:42:09:429 http: OPTIONS /api/tasks/team 204 0 - 0.549 ms
2026-04-26 17:42:09:429 http: OPTIONS /api/tasks/team 204 0 - 0.229 ms
2026-04-26 17:42:09:429 http: GET /api/tasks/team 200 3228 - 70.617 ms
2026-04-26 17:42:09:429 http: GET /api/tasks/team 304 - - 58.270 ms
2026-04-26 17:43:32:4332 info: server is running on port 5000
2026-04-26 17:46:08:468 http: OPTIONS /api/auth/refresh 204 0 - 6.285 ms
2026-04-26 17:46:08:468 http: OPTIONS /api/auth/refresh 204 0 - 0.241 ms
2026-04-26 17:46:08:468 http: POST /api/auth/refresh 200 999 - 100.275 ms
2026-04-26 17:46:08:468 http: POST /api/auth/refresh 200 999 - 67.639 ms
2026-04-26 17:46:08:468 http: OPTIONS /api/tasks/team 204 0 - 0.186 ms
2026-04-26 17:46:08:468 http: OPTIONS /api/tasks/team 204 0 - 0.183 ms
2026-04-26 17:46:08:468 http: GET /api/tasks/team 304 - - 74.939 ms
2026-04-26 17:46:08:468 http: GET /api/tasks/team 304 - - 63.333 ms
2026-04-26 17:47:27:4727 info: server is running on port 5000
2026-04-26 17:50:37:5037 http: OPTIONS /api/sprints 204 0 - 3.525 ms
2026-04-26 17:50:37:5037 http: OPTIONS /api/sprints 204 0 - 0.192 ms
2026-04-26 17:50:37:5037 http: GET /api/sprints 304 - - 103.359 ms
2026-04-26 17:50:37:5037 http: GET /api/sprints 304 - - 51.863 ms
2026-04-26 17:52:56:5256 info: server is running on port 5000
2026-04-26 17:53:22:5322 info: server is running on port 5000
2026-04-26 17:55:52:5552 http: OPTIONS /api/sprints/69ec8e25ca3e778bcb899692 204 0 - 2.393 ms
2026-04-26 17:55:52:5552 http: OPTIONS /api/sprints/69ec8e25ca3e778bcb899692 204 0 - 0.375 ms
2026-04-26 17:55:52:5552 http: GET /api/sprints/69ec8e25ca3e778bcb899692 200 496 - 70.624 ms
2026-04-26 17:55:52:5552 http: OPTIONS /api/user-stories/sprint/69ec8e25ca3e778bcb899692 204 0 - 0.097 ms
2026-04-26 17:55:52:5552 http: GET /api/sprints/69ec8e25ca3e778bcb899692 304 - - 38.147 ms
2026-04-26 17:55:52:5552 http: GET /api/user-stories/sprint/69ec8e25ca3e778bcb899692 304 - - 45.033 ms
2026-04-26 17:55:52:5552 http: OPTIONS /api/teams/directory?search= 204 0 - 0.166 ms
2026-04-26 17:55:52:5552 http: GET /api/user-stories/sprint/69ec8e25ca3e778bcb899692 304 - - 34.248 ms
2026-04-26 17:55:52:5552 http: GET /api/teams/directory?search= 304 - - 55.795 ms
2026-04-26 17:55:52:5552 http: GET /api/teams/directory?search= 304 - - 17.047 ms
2026-04-26 17:56:01:561 http: OPTIONS /api/sprints 204 0 - 0.207 ms
2026-04-26 17:56:01:561 http: OPTIONS /api/sprints 204 0 - 0.223 ms
2026-04-26 17:56:01:561 http: GET /api/sprints 200 957 - 46.362 ms
2026-04-26 17:56:01:561 http: GET /api/sprints 304 - - 36.464 ms
2026-04-26 18:03:05:35 http: OPTIONS /api/auth/logout 204 0 - 0.229 ms
2026-04-26 18:03:05:35 http: POST /api/auth/logout 200 39 - 45.607 ms
2026-04-26 18:03:35:335 http: OPTIONS /api/auth/login 204 0 - 0.185 ms
2026-04-26 18:03:35:335 http: POST /api/auth/login 200 470 - 89.117 ms
2026-04-26 18:03:38:338 http: OPTIONS /api/projects?page=1&limit=50&search=&status= 204 0 - 0.227 ms
2026-04-26 18:03:38:338 http: GET /api/projects?page=1&limit=50&search=&status= 200 776 - 14.014 ms
2026-04-26 18:03:38:338 http: GET /api/projects?page=1&limit=50&search=&status= 304 - - 21.539 ms
2026-04-26 18:09:19:919 info: server is running on port 5000
2026-04-26 18:09:32:932 info: server is running on port 5000
2026-04-26 18:10:01:101 info: server is running on port 5000
2026-04-26 18:10:22:1022 info: server is running on port 5000
2026-04-26 18:13:00:130 info: server is running on port 5000
2026-04-26 18:15:03:153 info: server is running on port 5000
2026-04-26 18:25:36:2536 info: server is running on port 5000
2026-04-26 18:30:07:307 info: server is running on port 5000
2026-04-26 18:30:21:3021 info: server is running on port 5000
2026-04-26 18:30:36:3036 info: server is running on port 5000
2026-04-26 18:30:59:3059 info: server is running on port 5000
2026-04-26 18:31:44:3144 http: OPTIONS /api/projects?page=1&limit=50&search=&status= 204 0 - 7.077 ms
2026-04-26 18:31:44:3144 http: GET /api/projects?page=1&limit=50&search=&status= 401 54 - 28.699 ms
2026-04-26 18:31:44:3144 http: OPTIONS /api/auth/refresh 204 0 - 0.519 ms
2026-04-26 18:31:44:3144 http: POST /api/auth/refresh 200 470 - 65.576 ms
2026-04-26 18:31:44:3144 http: GET /api/projects?page=1&limit=50&search=&status= 304 - - 49.821 ms
2026-04-26 18:33:14:3314 http: OPTIONS /api/undefined/69eb541b407b185bf6a3e558/insights 204 0 - 1.321 ms
2026-04-26 18:33:14:3314 http: GET /api/undefined/69eb541b407b185bf6a3e558/insights 404 186 - 2.292 ms
2026-04-26 18:33:14:3314 http: GET /api/undefined/69eb541b407b185bf6a3e558/insights 404 186 - 0.949 ms
2026-04-26 18:33:18:3318 http: OPTIONS /api/projects?page=1&limit=50&search=&status= 204 0 - 0.176 ms
2026-04-26 18:33:18:3318 http: OPTIONS /api/projects?page=1&limit=50&search=&status= 204 0 - 0.407 ms
2026-04-26 18:33:18:3318 http: GET /api/projects?page=1&limit=50&search=&status= 304 - - 29.068 ms
2026-04-26 18:33:18:3318 http: GET /api/projects?page=1&limit=50&search=&status= 304 - - 16.205 ms
2026-04-26 19:42:17:4217 http: OPTIONS /api/auth/refresh 204 0 - 1.285 ms
2026-04-26 19:42:17:4217 http: OPTIONS /api/auth/refresh 204 0 - 0.148 ms
2026-04-26 19:42:17:4217 http: POST /api/auth/refresh 200 470 - 63.524 ms
2026-04-26 19:42:17:4217 http: POST /api/auth/refresh 200 470 - 46.727 ms
2026-04-26 19:42:17:4217 http: OPTIONS /api/projects?page=1&limit=50&search=&status= 204 0 - 0.129 ms
2026-04-26 19:42:17:4217 http: OPTIONS /api/projects?page=1&limit=50&search=&status= 204 0 - 0.150 ms
2026-04-26 19:42:17:4217 http: GET /api/projects?page=1&limit=50&search=&status= 304 - - 29.868 ms
2026-04-26 19:42:17:4217 http: GET /api/projects?page=1&limit=50&search=&status= 304 - - 16.500 ms
2026-04-26 19:42:20:4220 http: OPTIONS /api/undefined/69eb541b407b185bf6a3e558/insights 204 0 - 0.209 ms
2026-04-26 19:42:20:4220 http: OPTIONS /api/undefined/69eb541b407b185bf6a3e558/insights 204 0 - 0.094 ms
2026-04-26 19:42:20:4220 http: GET /api/undefined/69eb541b407b185bf6a3e558/insights 404 186 - 0.784 ms
2026-04-26 19:42:20:4220 http: GET /api/undefined/69eb541b407b185bf6a3e558/insights 404 186 - 0.520 ms
2026-04-26 19:42:23:4223 http: OPTIONS /api/projects?page=1&limit=50&search=&status= 204 0 - 0.113 ms
2026-04-26 19:42:23:4223 http: OPTIONS /api/projects?page=1&limit=50&search=&status= 204 0 - 0.112 ms
2026-04-26 19:42:23:4223 http: GET /api/projects?page=1&limit=50&search=&status= 304 - - 14.812 ms
2026-04-26 19:42:23:4223 http: GET /api/projects?page=1&limit=50&search=&status= 304 - - 20.959 ms
2026-04-26 19:42:43:4243 http: OPTIONS /api/undefined/69eb5440407b185bf6a3e56c/insights 204 0 - 0.418 ms
2026-04-26 19:42:43:4243 http: OPTIONS /api/undefined/69eb5440407b185bf6a3e56c/insights 204 0 - 0.088 ms
2026-04-26 19:42:43:4243 http: GET /api/undefined/69eb5440407b185bf6a3e56c/insights 404 186 - 1.072 ms
2026-04-26 19:42:43:4243 http: GET /api/undefined/69eb5440407b185bf6a3e56c/insights 404 186 - 2.090 ms
2026-04-26 19:43:05:435 http: OPTIONS /api/projects?page=1&limit=50&search=&status= 204 0 - 0.125 ms
2026-04-26 19:43:05:435 http: OPTIONS /api/projects?page=1&limit=50&search=&status= 204 0 - 0.101 ms
2026-04-26 19:43:05:435 http: GET /api/projects?page=1&limit=50&search=&status= 304 - - 16.250 ms
2026-04-26 19:43:05:435 http: GET /api/projects?page=1&limit=50&search=&status= 304 - - 12.512 ms
2026-04-26 19:44:02:442 http: OPTIONS /api/projects/69eb541b407b185bf6a3e558/insights 204 0 - 0.174 ms
2026-04-26 19:44:02:442 http: GET /api/projects/69eb541b407b185bf6a3e558/insights 200 600 - 108.034 ms
2026-04-26 19:44:02:442 http: GET /api/projects/69eb541b407b185bf6a3e558/insights 304 - - 70.209 ms
2026-04-26 19:45:08:458 info: server is running on port 5000
2026-04-26 19:46:18:4618 http: OPTIONS /api/auth/refresh 204 0 - 3.562 ms
2026-04-26 19:46:18:4618 http: OPTIONS /api/auth/refresh 204 0 - 0.228 ms
2026-04-26 19:46:18:4618 http: POST /api/auth/refresh 200 470 - 75.732 ms
2026-04-26 19:46:18:4618 http: POST /api/auth/refresh 200 470 - 20.248 ms
2026-04-26 19:46:18:4618 http: OPTIONS /api/projects?page=1&limit=50&search=&status= 204 0 - 0.182 ms
2026-04-26 19:46:18:4618 http: GET /api/projects?page=1&limit=50&search=&status= 304 - - 37.849 ms
2026-04-26 19:46:18:4618 http: GET /api/projects?page=1&limit=50&search=&status= 304 - - 22.102 ms
2026-04-26 19:46:20:4620 http: OPTIONS /api/projects/69eb541b407b185bf6a3e558/insights 204 0 - 0.257 ms
2026-04-26 19:46:20:4620 http: OPTIONS /api/projects/69eb541b407b185bf6a3e558/insights 204 0 - 0.197 ms
2026-04-26 19:46:20:4620 http: GET /api/projects/69eb541b407b185bf6a3e558/insights 200 666 - 56.925 ms
2026-04-26 19:46:20:4620 http: GET /api/projects/69eb541b407b185bf6a3e558/insights 304 - - 43.095 ms
2026-04-26 19:47:22:4722 http: OPTIONS /api/projects?page=1&limit=50&search=&status= 204 0 - 0.176 ms
2026-04-26 19:47:22:4722 http: OPTIONS /api/projects?page=1&limit=50&search=&status= 204 0 - 0.159 ms
2026-04-26 19:47:22:4722 http: GET /api/projects?page=1&limit=50&search=&status= 304 - - 23.880 ms
2026-04-26 19:47:22:4722 http: GET /api/projects?page=1&limit=50&search=&status= 304 - - 35.443 ms
2026-04-26 19:47:24:4724 http: OPTIONS /api/projects/69eb5440407b185bf6a3e56c/insights 204 0 - 0.335 ms
2026-04-26 19:47:24:4724 http: OPTIONS /api/projects/69eb5440407b185bf6a3e56c/insights 204 0 - 0.177 ms
2026-04-26 19:47:24:4724 http: GET /api/projects/69eb5440407b185bf6a3e56c/insights 200 647 - 32.755 ms
2026-04-26 19:47:24:4724 http: GET /api/projects/69eb5440407b185bf6a3e56c/insights 304 - - 36.108 ms
2026-04-26 19:48:34:4834 info: server is running on port 5000
2026-04-26 19:49:20:4920 http: OPTIONS /api/auth/refresh 204 0 - 4.271 ms
2026-04-26 19:49:20:4920 http: OPTIONS /api/auth/refresh 204 0 - 0.280 ms
2026-04-26 19:49:20:4920 http: POST /api/auth/refresh 200 470 - 81.696 ms
2026-04-26 19:49:20:4920 http: POST /api/auth/refresh 200 470 - 26.777 ms
2026-04-26 19:49:20:4920 http: OPTIONS /api/projects/69eb5440407b185bf6a3e56c/insights 204 0 - 0.281 ms
2026-04-26 19:49:20:4920 http: OPTIONS /api/projects/69eb5440407b185bf6a3e56c/insights 204 0 - 0.185 ms
2026-04-26 19:49:20:4920 http: GET /api/projects/69eb5440407b185bf6a3e56c/insights 200 4706 - 128.158 ms
2026-04-26 19:49:20:4920 http: GET /api/projects/69eb5440407b185bf6a3e56c/insights 304 - - 54.283 ms
2026-04-26 20:15:19:1519 http: OPTIONS /api/auth/refresh 204 0 - 5.178 ms
2026-04-26 20:15:19:1519 http: OPTIONS /api/auth/refresh 204 0 - 1.160 ms
2026-04-26 20:15:20:1520 http: POST /api/auth/refresh 200 619 - 192.996 ms
2026-04-26 20:15:20:1520 http: OPTIONS /api/auth/refresh 204 0 - 0.226 ms
2026-04-26 20:15:20:1520 http: OPTIONS /api/auth/refresh 204 0 - 0.124 ms
2026-04-26 20:15:20:1520 http: POST /api/auth/refresh 200 619 - 164.482 ms
2026-04-26 20:15:20:1520 http: POST /api/auth/refresh 200 621 - 57.183 ms
2026-04-26 20:15:20:1520 http: POST /api/auth/refresh 200 621 - 68.206 ms
2026-04-26 20:15:20:1520 http: OPTIONS /api/auth/refresh 204 0 - 0.297 ms
2026-04-26 20:15:20:1520 http: OPTIONS /api/auth/refresh 204 0 - 0.303 ms
2026-04-26 20:15:20:1520 http: OPTIONS /api/auth/refresh 204 0 - 0.151 ms
2026-04-26 20:15:20:1520 http: POST /api/auth/refresh 200 999 - 58.017 ms
2026-04-26 20:15:20:1520 http: POST /api/auth/refresh 200 999 - 60.488 ms
2026-04-26 20:15:20:1520 http: POST /api/auth/refresh 200 981 - 58.134 ms
2026-04-26 20:15:20:1520 http: POST /api/auth/refresh 200 981 - 55.208 ms
2026-04-26 20:15:20:1520 http: OPTIONS /api/tasks/assigned 204 0 - 0.149 ms
2026-04-26 20:15:20:1520 http: OPTIONS /api/tasks/assigned 204 0 - 0.104 ms
2026-04-26 20:15:20:1520 http: OPTIONS /api/tasks/assigned 204 0 - 0.232 ms
2026-04-26 20:15:20:1520 http: OPTIONS /api/tasks/assigned 204 0 - 0.164 ms
2026-04-26 20:15:20:1520 http: OPTIONS /api/sprints 204 0 - 0.116 ms
2026-04-26 20:15:20:1520 http: OPTIONS /api/sprints 204 0 - 0.094 ms
2026-04-26 20:15:20:1520 http: OPTIONS /api/tasks/team 204 0 - 0.160 ms
2026-04-26 20:15:20:1520 http: OPTIONS /api/tasks/team 204 0 - 0.212 ms
2026-04-26 20:15:20:1520 http: GET /api/tasks/assigned 200 3212 - 222.973 ms
2026-04-26 20:15:20:1520 http: GET /api/sprints 304 - - 161.921 ms
2026-04-26 20:15:20:1520 http: GET /api/tasks/assigned 304 - - 337.159 ms
2026-04-26 20:15:20:1520 http: GET /api/tasks/team 304 - - 242.435 ms
2026-04-26 20:15:20:1520 http: GET /api/sprints 304 - - 194.351 ms
2026-04-26 20:15:20:1520 http: GET /api/tasks/assigned 304 - - 268.579 ms
2026-04-26 20:15:20:1520 http: GET /api/tasks/team 304 - - 149.347 ms
2026-04-26 20:15:20:1520 http: GET /api/tasks/assigned 304 - - 253.449 ms
2026-04-26 20:18:07:187 http: OPTIONS /api/projects?page=1&limit=50&search=&status= 204 0 - 0.311 ms
2026-04-26 20:18:07:187 http: OPTIONS /api/projects?page=1&limit=50&search=&status= 204 0 - 0.129 ms
2026-04-26 20:18:07:187 http: GET /api/projects?page=1&limit=50&search=&status= 401 54 - 2.467 ms
2026-04-26 20:18:07:187 http: GET /api/projects?page=1&limit=50&search=&status= 401 54 - 0.816 ms
2026-04-26 20:18:07:187 http: OPTIONS /api/auth/refresh 204 0 - 0.211 ms
2026-04-26 20:18:07:187 http: OPTIONS /api/auth/refresh 204 0 - 0.120 ms
2026-04-26 20:18:07:187 http: POST /api/auth/refresh 200 470 - 14.544 ms
2026-04-26 20:18:07:187 http: POST /api/auth/refresh 200 470 - 15.589 ms
2026-04-26 20:18:07:187 http: GET /api/projects?page=1&limit=50&search=&status= 304 - - 22.063 ms
2026-04-26 20:18:07:187 http: GET /api/projects?page=1&limit=50&search=&status= 304 - - 13.540 ms
2026-04-26 20:18:09:189 http: OPTIONS /api/projects/69eb541b407b185bf6a3e558/insights 204 0 - 0.120 ms
2026-04-26 20:18:09:189 http: OPTIONS /api/projects/69eb541b407b185bf6a3e558/insights 204 0 - 0.083 ms
2026-04-26 20:18:09:189 http: GET /api/projects/69eb541b407b185bf6a3e558/insights 200 5270 - 51.640 ms
2026-04-26 20:18:09:189 http: GET /api/projects/69eb541b407b185bf6a3e558/insights 304 - - 47.334 ms
2026-04-26 20:18:22:1822 http: OPTIONS /api/company/employees?page=1&limit=8&search= 204 0 - 0.144 ms
2026-04-26 20:18:22:1822 http: OPTIONS /api/company/employees?page=1&limit=8&search= 204 0 - 0.190 ms
2026-04-26 20:18:22:1822 http: GET /api/company/employees?page=1&limit=8&search= 304 - - 42.474 ms
2026-04-26 20:18:22:1822 http: GET /api/company/employees?page=1&limit=8&search= 304 - - 18.420 ms
2026-04-26 20:18:23:1823 http: OPTIONS /api/projects?page=1&limit=50&search=&status= 204 0 - 0.281 ms
2026-04-26 20:18:23:1823 http: OPTIONS /api/projects?page=1&limit=50&search=&status= 204 0 - 0.152 ms
2026-04-26 20:18:23:1823 http: GET /api/projects?page=1&limit=50&search=&status= 304 - - 14.919 ms
2026-04-26 20:18:23:1823 http: GET /api/projects?page=1&limit=50&search=&status= 304 - - 14.924 ms
2026-04-26 20:18:26:1826 http: OPTIONS /api/projects/69eb5440407b185bf6a3e56c/insights 204 0 - 0.227 ms
2026-04-26 20:18:26:1826 http: OPTIONS /api/projects/69eb5440407b185bf6a3e56c/insights 204 0 - 0.111 ms
2026-04-26 20:18:26:1826 http: GET /api/projects/69eb5440407b185bf6a3e56c/insights 304 - - 33.702 ms
2026-04-26 20:18:26:1826 http: GET /api/projects/69eb5440407b185bf6a3e56c/insights 304 - - 32.840 ms
2026-04-26 20:23:01:231 http: OPTIONS /api/auth/refresh 204 0 - 0.152 ms
2026-04-26 20:23:01:231 http: OPTIONS /api/auth/refresh 204 0 - 0.102 ms
2026-04-26 20:23:01:231 http: POST /api/auth/refresh 200 470 - 26.905 ms
2026-04-26 20:23:01:231 http: POST /api/auth/refresh 200 470 - 25.706 ms
2026-04-26 20:23:01:231 http: OPTIONS /api/projects/69eb5440407b185bf6a3e56c/insights 204 0 - 0.086 ms
2026-04-26 20:23:01:231 http: GET /api/projects/69eb5440407b185bf6a3e56c/insights 304 - - 46.464 ms
2026-04-26 20:23:01:231 http: GET /api/projects/69eb5440407b185bf6a3e56c/insights 304 - - 71.564 ms
2026-04-26 20:27:20:2720 info: server is running on port 5000
2026-04-26 20:27:34:2734 info: server is running on port 5000
2026-04-26 20:27:56:2756 info: server is running on port 5000
2026-04-26 20:28:26:2826 http: OPTIONS /api/auth/refresh 204 0 - 4.616 ms
2026-04-26 20:28:26:2826 http: OPTIONS /api/auth/refresh 204 0 - 0.297 ms
2026-04-26 20:28:26:2826 http: POST /api/auth/refresh 200 470 - 93.218 ms
2026-04-26 20:28:26:2826 http: POST /api/auth/refresh 200 470 - 28.556 ms
2026-04-26 20:28:26:2826 http: OPTIONS /api/projects/69eb5440407b185bf6a3e56c/insights 204 0 - 0.193 ms
2026-04-26 20:28:26:2826 http: OPTIONS /api/projects/69eb5440407b185bf6a3e56c/insights 204 0 - 0.180 ms
2026-04-26 20:28:26:2826 http: GET /api/projects/69eb5440407b185bf6a3e56c/insights 200 4825 - 145.158 ms
2026-04-26 20:28:26:2826 http: GET /api/projects/69eb5440407b185bf6a3e56c/insights 304 - - 54.244 ms
2026-04-26 20:29:57:2957 info: server is running on port 5000
2026-04-26 20:30:32:3032 http: OPTIONS /api/auth/refresh 204 0 - 2.734 ms
2026-04-26 20:30:32:3032 http: OPTIONS /api/auth/refresh 204 0 - 0.370 ms
2026-04-26 20:30:32:3032 http: POST /api/auth/refresh 200 470 - 80.133 ms
2026-04-26 20:30:32:3032 http: POST /api/auth/refresh 200 470 - 21.804 ms
2026-04-26 20:30:32:3032 http: OPTIONS /api/projects/69eb5440407b185bf6a3e56c/insights 204 0 - 0.260 ms
2026-04-26 20:30:32:3032 http: OPTIONS /api/projects/69eb5440407b185bf6a3e56c/insights 204 0 - 0.202 ms
2026-04-26 20:30:32:3032 http: GET /api/projects/69eb5440407b185bf6a3e56c/insights 200 4892 - 97.448 ms
2026-04-26 20:30:32:3032 http: GET /api/projects/69eb5440407b185bf6a3e56c/insights 304 - - 58.820 ms
2026-04-26 20:33:52:3352 info: server is running on port 5000
2026-04-26 20:34:09:349 http: OPTIONS /api/auth/refresh 204 0 - 2.825 ms
2026-04-26 20:34:09:349 http: OPTIONS /api/auth/refresh 204 0 - 0.316 ms
2026-04-26 20:34:09:349 http: POST /api/auth/refresh 200 470 - 127.687 ms
2026-04-26 20:34:09:349 http: POST /api/auth/refresh 200 470 - 38.727 ms
2026-04-26 20:34:09:349 http: OPTIONS /api/projects/69eb5440407b185bf6a3e56c/insights 204 0 - 0.262 ms
2026-04-26 20:34:09:349 http: OPTIONS /api/projects/69eb5440407b185bf6a3e56c/insights 204 0 - 0.168 ms
2026-04-26 20:34:09:349 http: GET /api/projects/69eb5440407b185bf6a3e56c/insights 200 4977 - 138.227 ms
2026-04-26 20:34:09:349 http: GET /api/projects/69eb5440407b185bf6a3e56c/insights 304 - - 66.158 ms
2026-04-26 20:35:07:357 info: server is running on port 5000
2026-04-26 20:35:35:3535 http: OPTIONS /api/auth/refresh 204 0 - 4.979 ms
2026-04-26 20:35:35:3535 http: OPTIONS /api/auth/refresh 204 0 - 0.308 ms
2026-04-26 20:35:35:3535 http: POST /api/auth/refresh 200 470 - 111.945 ms
2026-04-26 20:35:35:3535 http: POST /api/auth/refresh 200 470 - 25.533 ms
2026-04-26 20:35:35:3535 http: OPTIONS /api/projects/69eb5440407b185bf6a3e56c/insights 204 0 - 0.184 ms
2026-04-26 20:35:35:3535 http: OPTIONS /api/projects/69eb5440407b185bf6a3e56c/insights 204 0 - 0.173 ms
2026-04-26 20:35:36:3536 http: GET /api/projects/69eb5440407b185bf6a3e56c/insights 304 - - 156.468 ms
2026-04-26 20:35:36:3536 http: GET /api/projects/69eb5440407b185bf6a3e56c/insights 304 - - 65.517 ms
2026-04-26 20:36:43:3643 info: server is running on port 5000
2026-04-26 20:36:54:3654 http: OPTIONS /api/auth/login 204 0 - 1.734 ms
2026-04-26 20:36:54:3654 http: POST /api/auth/login 200 470 - 131.712 ms
2026-04-26 20:36:56:3656 http: OPTIONS /api/projects?page=1&limit=50&search=&status= 204 0 - 0.168 ms
2026-04-26 20:36:56:3656 http: OPTIONS /api/projects?page=1&limit=50&search=&status= 204 0 - 0.190 ms
2026-04-26 20:36:56:3656 http: GET /api/projects?page=1&limit=50&search=&status= 200 932 - 55.878 ms
2026-04-26 20:36:56:3656 http: GET /api/projects?page=1&limit=50&search=&status= 304 - - 35.920 ms
2026-04-26 20:36:58:3658 http: OPTIONS /api/projects/69eb5440407b185bf6a3e56c/insights 204 0 - 0.218 ms
2026-04-26 20:36:58:3658 http: OPTIONS /api/projects/69eb5440407b185bf6a3e56c/insights 204 0 - 0.215 ms
2026-04-26 20:36:58:3658 http: GET /api/projects/69eb5440407b185bf6a3e56c/insights 200 5083 - 55.669 ms
2026-04-26 20:36:58:3658 http: GET /api/projects/69eb5440407b185bf6a3e56c/insights 304 - - 48.910 ms
2026-04-26 20:37:01:371 http: GET /api/projects?page=1&limit=50&search=&status= 304 - - 18.891 ms
2026-04-26 20:37:01:371 http: GET /api/projects?page=1&limit=50&search=&status= 304 - - 14.974 ms
2026-04-26 20:37:02:372 http: OPTIONS /api/projects/69eb541b407b185bf6a3e558/insights 204 0 - 0.282 ms
2026-04-26 20:37:02:372 http: OPTIONS /api/projects/69eb541b407b185bf6a3e558/insights 204 0 - 0.152 ms
2026-04-26 20:37:03:373 http: GET /api/projects/69eb541b407b185bf6a3e558/insights 200 5647 - 60.066 ms
2026-04-26 20:37:03:373 http: GET /api/projects/69eb541b407b185bf6a3e558/insights 304 - - 62.677 ms
2026-04-26 20:40:11:4011 info: server is running on port 5000
2026-04-26 20:41:08:418 info: server is running on port 5000
2026-04-26 20:41:15:4115 http: OPTIONS /api/auth/login 204 0 - 1.695 ms
2026-04-26 20:41:16:4116 http: POST /api/auth/login 200 470 - 133.555 ms
2026-04-26 20:41:17:4117 http: OPTIONS /api/projects?page=1&limit=50&search=&status= 204 0 - 0.891 ms
2026-04-26 20:41:17:4117 http: OPTIONS /api/projects?page=1&limit=50&search=&status= 204 0 - 0.138 ms
2026-04-26 20:41:17:4117 http: GET /api/projects?page=1&limit=50&search=&status= 304 - - 50.995 ms
2026-04-26 20:41:17:4117 http: GET /api/projects?page=1&limit=50&search=&status= 304 - - 24.925 ms
2026-04-26 20:41:20:4120 http: OPTIONS /api/company/teams?page=1&limit=8&search= 204 0 - 0.290 ms
2026-04-26 20:41:20:4120 http: OPTIONS /api/company/teams?page=1&limit=8&search= 204 0 - 0.304 ms
2026-04-26 20:41:20:4120 http: GET /api/company/teams?page=1&limit=8&search= 304 - - 15.489 ms
2026-04-26 20:41:20:4120 http: GET /api/company/teams?page=1&limit=8&search= 304 - - 14.074 ms
2026-04-26 20:41:22:4122 http: OPTIONS /api/projects?page=1&limit=50&search=&status= 204 0 - 0.357 ms
2026-04-26 20:41:22:4122 http: OPTIONS /api/projects?page=1&limit=50&search=&status= 204 0 - 0.153 ms
2026-04-26 20:41:22:4122 http: GET /api/projects?page=1&limit=50&search=&status= 304 - - 17.778 ms
2026-04-26 20:41:22:4122 http: GET /api/projects?page=1&limit=50&search=&status= 304 - - 21.933 ms
2026-04-26 20:42:29:4229 info: server is running on port 5000
2026-04-26 20:47:08:478 http: OPTIONS /api/company/teams?page=1&limit=8&search= 204 0 - 5.819 ms
2026-04-26 20:47:08:478 http: OPTIONS /api/company/teams?page=1&limit=8&search= 204 0 - 0.365 ms
2026-04-26 20:47:08:478 http: GET /api/company/teams?page=1&limit=8&search= 304 - - 106.296 ms
2026-04-26 20:47:08:478 http: GET /api/company/teams?page=1&limit=8&search= 304 - - 16.448 ms
2026-04-26 20:48:28:4828 http: OPTIONS /api/company/employees?page=1&limit=8&search= 204 0 - 0.285 ms
2026-04-26 20:48:28:4828 http: OPTIONS /api/company/employees?page=1&limit=8&search= 204 0 - 0.711 ms
2026-04-26 20:48:29:4829 http: GET /api/company/employees?page=1&limit=8&search= 304 - - 39.813 ms
2026-04-26 20:48:29:4829 http: GET /api/company/employees?page=1&limit=8&search= 304 - - 44.291 ms
2026-04-26 20:59:59:5959 info: server is running on port 5000
2026-04-26 21:01:38:138 info: server is running on port 5000
2026-04-26 21:01:56:156 http: OPTIONS /api/auth/login 204 0 - 3.451 ms
2026-04-26 21:01:56:156 http: POST /api/auth/login 200 470 - 148.485 ms
2026-04-26 21:01:58:158 http: OPTIONS /api/company/teams?page=1&limit=8&search= 204 0 - 0.247 ms
2026-04-26 21:01:58:158 http: OPTIONS /api/company/teams?page=1&limit=8&search= 204 0 - 0.108 ms
2026-04-26 21:01:58:158 http: GET /api/company/teams?page=1&limit=8&search= 304 - - 29.181 ms
2026-04-26 21:01:58:158 http: GET /api/company/teams?page=1&limit=8&search= 304 - - 13.957 ms
2026-04-26 21:02:02:22 http: OPTIONS /api 204 0 - 0.158 ms
2026-04-26 21:02:02:22 http: OPTIONS /api 204 0 - 0.222 ms
2026-04-26 21:02:02:22 http: GET /api 404 142 - 2.843 ms
2026-04-26 21:02:02:22 http: GET /api 404 142 - 2.732 ms
2026-04-26 21:03:10:310 http: OPTIONS /api/projects?page=1&limit=50&search=&status= 204 0 - 0.209 ms
2026-04-26 21:03:10:310 http: GET /api/projects?page=1&limit=50&search=&status= 304 - - 71.101 ms
2026-04-26 21:03:10:310 http: GET /api/projects?page=1&limit=50&search=&status= 304 - - 45.706 ms
2026-04-26 21:03:10:310 http: OPTIONS /api/company/employees?page=1&limit=8&search= 204 0 - 0.205 ms
2026-04-26 21:03:10:310 http: OPTIONS /api/company/employees?page=1&limit=8&search= 204 0 - 0.164 ms
2026-04-26 21:03:10:310 http: GET /api/company/employees?page=1&limit=8&search= 304 - - 19.484 ms
2026-04-26 21:03:10:310 http: GET /api/company/employees?page=1&limit=8&search= 304 - - 16.160 ms
2026-04-26 21:03:12:312 http: OPTIONS /api/company/teams?page=1&limit=10&search= 204 0 - 0.172 ms
2026-04-26 21:03:12:312 http: OPTIONS /api/company/teams?page=1&limit=10&search= 204 0 - 0.145 ms
2026-04-26 21:03:13:313 http: GET /api/company/teams?page=1&limit=10&search= 304 - - 22.310 ms
2026-04-26 21:03:13:313 http: GET /api/company/teams?page=1&limit=10&search= 304 - - 16.452 ms
2026-04-26 21:03:42:342 http: OPTIONS /api/company/employee/add 204 0 - 0.156 ms
2026-04-26 21:03:46:346 http: POST /api/company/employee/add 201 63 - 3586.234 ms
2026-04-26 21:03:47:347 http: OPTIONS /api/company/employees?page=1&limit=8&search= 204 0 - 0.258 ms
2026-04-26 21:03:47:347 http: OPTIONS /api/company/employees?page=1&limit=8&search= 204 0 - 0.138 ms
2026-04-26 21:03:47:347 http: GET /api/company/employees?page=1&limit=8&search= 200 2651 - 49.964 ms
2026-04-26 21:03:47:347 http: GET /api/company/employees?page=1&limit=8&search= 304 - - 18.723 ms
2026-04-26 21:03:59:359 http: OPTIONS /api/company/teams?page=1&limit=8&search= 204 0 - 0.187 ms
2026-04-26 21:03:59:359 http: OPTIONS /api/company/teams?page=1&limit=8&search= 204 0 - 0.146 ms
2026-04-26 21:03:59:359 http: GET /api/company/teams?page=1&limit=8&search= 304 - - 13.373 ms
2026-04-26 21:03:59:359 http: GET /api/company/teams?page=1&limit=8&search= 304 - - 12.089 ms
2026-04-26 21:04:01:41 http: OPTIONS /api 204 0 - 0.127 ms
2026-04-26 21:04:01:41 http: OPTIONS /api 204 0 - 0.187 ms
2026-04-26 21:04:01:41 http: GET /api 404 142 - 0.559 ms
2026-04-26 21:04:01:41 http: GET /api 404 142 - 1.820 ms
2026-04-26 21:04:31:431 http: OPTIONS /api 204 0 - 0.098 ms
2026-04-26 21:04:31:431 http: OPTIONS /api 204 0 - 0.140 ms
2026-04-26 21:04:31:431 http: GET /api 404 142 - 0.363 ms
2026-04-26 21:04:31:431 http: GET /api 404 142 - 0.668 ms
2026-04-26 21:07:00:70 info: server is running on port 5000
2026-04-26 21:07:45:745 info: server is running on port 5000
2026-04-26 21:07:48:748 http: OPTIONS /api/auth/refresh 204 0 - 3.292 ms
2026-04-26 21:07:48:748 http: OPTIONS /api/auth/refresh 204 0 - 0.231 ms
2026-04-26 21:07:48:748 http: POST /api/auth/refresh 200 470 - 268.635 ms
2026-04-26 21:07:49:749 http: POST /api/auth/refresh 200 470 - 61.201 ms
2026-04-26 21:07:50:750 http: OPTIONS /api/projects?page=1&limit=50&search=&status= 204 0 - 0.170 ms
2026-04-26 21:07:50:750 http: OPTIONS /api/projects?page=1&limit=50&search=&status= 204 0 - 0.213 ms
2026-04-26 21:07:50:750 http: GET /api/projects?page=1&limit=50&search=&status= 304 - - 55.831 ms
2026-04-26 21:07:50:750 http: GET /api/projects?page=1&limit=50&search=&status= 304 - - 23.034 ms
2026-04-26 21:07:51:751 http: OPTIONS /api/company/teams?page=1&limit=8&search= 204 0 - 0.157 ms
2026-04-26 21:07:51:751 http: OPTIONS /api/company/teams?page=1&limit=8&search= 204 0 - 0.154 ms
2026-04-26 21:07:51:751 http: GET /api/company/teams?page=1&limit=8&search= 304 - - 12.703 ms
2026-04-26 21:07:51:751 http: GET /api/company/teams?page=1&limit=8&search= 304 - - 14.694 ms
2026-04-26 21:07:55:755 http: OPTIONS /api/undefined?search= 204 0 - 0.310 ms
2026-04-26 21:07:55:755 http: OPTIONS /api/undefined?search= 204 0 - 0.178 ms
2026-04-26 21:07:55:755 http: GET /api/undefined?search= 404 152 - 2.261 ms
2026-04-26 21:07:55:755 http: GET /api/undefined?search= 404 152 - 1.135 ms
2026-04-26 21:08:50:850 info: server is running on port 5000
2026-04-26 21:09:02:92 http: OPTIONS /api/auth/refresh 204 0 - 3.388 ms
2026-04-26 21:09:02:92 http: OPTIONS /api/auth/refresh 204 0 - 0.277 ms
2026-04-26 21:09:02:92 http: POST /api/auth/refresh 200 470 - 86.990 ms
2026-04-26 21:09:02:92 http: POST /api/auth/refresh 200 470 - 26.997 ms
2026-04-26 21:09:02:92 http: OPTIONS /api/company/teams?page=1&limit=8&search= 204 0 - 0.194 ms
2026-04-26 21:09:02:92 http: OPTIONS /api/company/teams?page=1&limit=8&search= 204 0 - 0.140 ms
2026-04-26 21:09:02:92 http: GET /api/company/teams?page=1&limit=8&search= 304 - - 31.480 ms
2026-04-26 21:09:02:92 http: GET /api/company/teams?page=1&limit=8&search= 304 - - 27.838 ms
2026-04-26 21:09:05:95 http: OPTIONS /api/undefined?search= 204 0 - 0.172 ms
2026-04-26 21:09:05:95 http: OPTIONS /api/undefined?search= 204 0 - 0.206 ms
2026-04-26 21:09:05:95 http: GET /api/undefined?search= 404 152 - 2.515 ms
2026-04-26 21:09:05:95 http: GET /api/undefined?search= 404 152 - 1.424 ms
2026-04-26 21:10:10:1010 info: server is running on port 5000
2026-04-26 21:10:52:1052 info: server is running on port 5000
2026-04-26 21:10:58:1058 http: OPTIONS /api/auth/refresh 204 0 - 2.443 ms
2026-04-26 21:10:58:1058 http: OPTIONS /api/auth/refresh 204 0 - 0.244 ms
2026-04-26 21:10:58:1058 http: POST /api/auth/refresh 200 470 - 277.585 ms
2026-04-26 21:10:59:1059 http: POST /api/auth/refresh 200 470 - 91.898 ms
2026-04-26 21:11:01:111 http: OPTIONS /api/company/teams?page=1&limit=8&search= 204 0 - 0.754 ms
2026-04-26 21:11:01:111 http: OPTIONS /api/company/teams?page=1&limit=8&search= 204 0 - 0.203 ms
2026-04-26 21:11:01:111 http: GET /api/company/teams?page=1&limit=8&search= 304 - - 27.658 ms
2026-04-26 21:11:01:111 http: GET /api/company/teams?page=1&limit=8&search= 304 - - 18.035 ms
2026-04-26 21:11:04:114 http: OPTIONS /api/undefined?search= 204 0 - 0.219 ms
2026-04-26 21:11:04:114 http: OPTIONS /api/undefined?search= 204 0 - 0.200 ms
2026-04-26 21:11:04:114 http: GET /api/undefined?search= 404 152 - 2.480 ms
2026-04-26 21:11:04:114 http: GET /api/undefined?search= 404 152 - 1.671 ms
2026-04-26 21:12:58:1258 http: OPTIONS /api/auth/refresh 204 0 - 0.323 ms
2026-04-26 21:12:58:1258 http: OPTIONS /api/auth/refresh 204 0 - 0.179 ms
2026-04-26 21:12:58:1258 http: POST /api/auth/refresh 200 470 - 28.918 ms
2026-04-26 21:12:58:1258 http: POST /api/auth/refresh 200 470 - 24.943 ms
2026-04-26 21:12:58:1258 http: OPTIONS /api/company/teams?page=1&limit=8&search= 204 0 - 0.195 ms
2026-04-26 21:12:58:1258 http: OPTIONS /api/company/teams?page=1&limit=8&search= 204 0 - 0.216 ms
2026-04-26 21:12:58:1258 http: GET /api/company/teams?page=1&limit=8&search= 304 - - 13.477 ms
2026-04-26 21:12:59:1259 http: GET /api/company/teams?page=1&limit=8&search= 304 - - 18.427 ms
2026-04-26 21:13:01:131 http: OPTIONS /api/company/employees/unassigned?search= 204 0 - 0.136 ms
2026-04-26 21:13:01:131 http: OPTIONS /api/company/employees/unassigned?search= 204 0 - 0.123 ms
2026-04-26 21:13:01:131 http: GET /api/company/employees/unassigned?search= 200 1330 - 30.708 ms
2026-04-26 21:13:01:131 http: GET /api/company/employees/unassigned?search= 304 - - 20.591 ms
2026-04-26 21:13:11:1311 http: OPTIONS /api/company/employee/69ee30560fa6d91d1cc111f0/assign-team 204 0 - 0.154 ms
2026-04-26 21:13:11:1311 http: PATCH /api/company/employee/69ee30560fa6d91d1cc111f0/assign-team 200 67 - 27.713 ms
2026-04-26 21:13:11:1311 http: OPTIONS /api/company/teams?page=1&limit=8&search= 204 0 - 0.159 ms
2026-04-26 21:13:11:1311 http: GET /api/company/teams?page=1&limit=8&search= 304 - - 14.899 ms
2026-04-26 21:13:16:1316 http: OPTIONS /api/company/employees/unassigned?search= 204 0 - 0.100 ms
2026-04-26 21:13:16:1316 http: OPTIONS /api/company/employees/unassigned?search= 204 0 - 0.066 ms
2026-04-26 21:13:16:1316 http: GET /api/company/employees/unassigned?search= 200 681 - 12.415 ms
2026-04-26 21:13:16:1316 http: GET /api/company/employees/unassigned?search= 304 - - 9.236 ms
2026-04-26 21:13:22:1322 http: OPTIONS /api/company/employees/unassigned?search=de 204 0 - 0.276 ms
2026-04-26 21:13:22:1322 http: GET /api/company/employees/unassigned?search=de 200 681 - 49.302 ms
2026-04-26 21:13:25:1325 http: OPTIONS /api/company/employees/unassigned?search=devika 204 0 - 0.304 ms
2026-04-26 21:13:25:1325 http: GET /api/company/employees/unassigned?search=devika 200 681 - 23.786 ms
2026-04-26 21:28:09:289 http: OPTIONS /api/company/employees?page=1&limit=8&search= 204 0 - 0.434 ms
2026-04-26 21:28:09:289 http: OPTIONS /api/company/employees?page=1&limit=8&search= 204 0 - 0.086 ms
2026-04-26 21:28:09:289 http: GET /api/company/employees?page=1&limit=8&search= 401 54 - 1.759 ms
2026-04-26 21:28:09:289 http: GET /api/company/employees?page=1&limit=8&search= 401 54 - 2.207 ms
2026-04-26 21:28:09:289 http: OPTIONS /api/auth/refresh 204 0 - 0.122 ms
2026-04-26 21:28:09:289 http: OPTIONS /api/auth/refresh 204 0 - 0.088 ms
2026-04-26 21:28:10:2810 http: POST /api/auth/refresh 200 470 - 45.168 ms
2026-04-26 21:28:10:2810 http: POST /api/auth/refresh 200 470 - 41.408 ms
2026-04-26 21:28:10:2810 http: GET /api/company/employees?page=1&limit=8&search= 200 2711 - 44.731 ms
2026-04-26 21:28:10:2810 http: GET /api/company/employees?page=1&limit=8&search= 304 - - 28.635 ms
2026-04-26 21:28:11:2811 http: OPTIONS /api/company/teams?page=1&limit=10&search= 204 0 - 0.177 ms
2026-04-26 21:28:11:2811 http: OPTIONS /api/company/teams?page=1&limit=10&search= 204 0 - 0.087 ms
2026-04-26 21:28:11:2811 http: GET /api/company/teams?page=1&limit=10&search= 304 - - 20.677 ms
2026-04-26 21:28:11:2811 http: GET /api/company/teams?page=1&limit=10&search= 304 - - 13.543 ms
2026-04-26 21:28:56:2856 http: OPTIONS /api/company/employee/add 204 0 - 0.101 ms
2026-04-26 21:29:00:290 http: POST /api/company/employee/add 201 63 - 3391.797 ms
2026-04-26 21:29:01:291 http: OPTIONS /api/company/employees?page=1&limit=8&search= 204 0 - 0.231 ms
2026-04-26 21:29:01:291 http: OPTIONS /api/company/employees?page=1&limit=8&search= 204 0 - 0.098 ms
2026-04-26 21:29:01:291 http: GET /api/company/employees?page=1&limit=8&search= 200 3097 - 26.549 ms
2026-04-26 21:29:01:291 http: GET /api/company/employees?page=1&limit=8&search= 304 - - 37.143 ms
2026-04-26 21:29:03:293 http: OPTIONS /api/company/teams?page=1&limit=10&search= 204 0 - 0.060 ms
2026-04-26 21:29:03:293 http: OPTIONS /api/company/teams?page=1&limit=10&search= 204 0 - 0.113 ms
2026-04-26 21:29:03:293 http: GET /api/company/teams?page=1&limit=10&search= 304 - - 13.364 ms
2026-04-26 21:29:03:293 http: GET /api/company/teams?page=1&limit=10&search= 304 - - 20.287 ms
2026-04-26 21:29:40:2940 http: OPTIONS /api/company/employee/add 204 0 - 0.169 ms
2026-04-26 21:29:43:2943 http: POST /api/company/employee/add 201 63 - 3131.867 ms
2026-04-26 21:29:44:2944 http: OPTIONS /api/company/employees?page=1&limit=8&search= 204 0 - 0.149 ms
2026-04-26 21:29:44:2944 http: GET /api/company/employees?page=1&limit=8&search= 200 3485 - 27.086 ms
2026-04-26 21:29:44:2944 http: GET /api/company/employees?page=1&limit=8&search= 304 - - 28.811 ms
2026-04-26 21:29:45:2945 http: OPTIONS /api/company/teams?page=1&limit=10&search= 204 0 - 0.416 ms
2026-04-26 21:29:45:2945 http: OPTIONS /api/company/teams?page=1&limit=10&search= 204 0 - 0.095 ms
2026-04-26 21:29:45:2945 http: GET /api/company/teams?page=1&limit=10&search= 304 - - 13.114 ms
2026-04-26 21:29:45:2945 http: GET /api/company/teams?page=1&limit=10&search= 304 - - 18.273 ms
2026-04-26 21:34:59:3459 http: OPTIONS /api/company/employee/add 204 0 - 0.151 ms
2026-04-26 21:35:02:352 http: POST /api/company/employee/add 201 63 - 3296.923 ms
2026-04-26 21:35:03:353 http: OPTIONS /api/company/employees?page=1&limit=8&search= 204 0 - 0.082 ms
2026-04-26 21:35:03:353 http: OPTIONS /api/company/employees?page=1&limit=8&search= 204 0 - 0.084 ms
2026-04-26 21:35:03:353 http: GET /api/company/employees?page=1&limit=8&search= 200 3485 - 41.289 ms
2026-04-26 21:35:03:353 http: GET /api/company/employees?page=1&limit=8&search= 304 - - 45.114 ms
2026-04-26 21:35:04:354 http: OPTIONS /api/company/teams?page=1&limit=8&search= 204 0 - 0.214 ms
2026-04-26 21:35:04:354 http: OPTIONS /api/company/teams?page=1&limit=8&search= 204 0 - 0.091 ms
2026-04-26 21:35:04:354 http: GET /api/company/teams?page=1&limit=8&search= 304 - - 12.915 ms
2026-04-26 21:35:04:354 http: GET /api/company/teams?page=1&limit=8&search= 304 - - 10.826 ms
2026-04-26 21:35:07:357 http: OPTIONS /api/company/employees/unassigned?search= 204 0 - 0.124 ms
2026-04-26 21:35:07:357 http: OPTIONS /api/company/employees/unassigned?search= 204 0 - 0.097 ms
2026-04-26 21:35:07:357 http: GET /api/company/employees/unassigned?search= 200 2650 - 12.512 ms
2026-04-26 21:35:07:357 http: GET /api/company/employees/unassigned?search= 304 - - 10.841 ms
2026-04-26 21:35:11:3511 http: OPTIONS /api/company/employees/unassigned?search=emp 204 0 - 0.212 ms
2026-04-26 21:35:11:3511 http: GET /api/company/employees/unassigned?search=emp 200 686 - 45.197 ms
2026-04-26 21:35:13:3513 http: OPTIONS /api/company/employee/69ee37ab1ca2e468010d257d/assign-team 204 0 - 0.079 ms
2026-04-26 21:35:13:3513 http: PATCH /api/company/employee/69ee37ab1ca2e468010d257d/assign-team 200 67 - 13.409 ms
2026-04-26 21:35:13:3513 http: OPTIONS /api/company/teams?page=1&limit=8&search= 204 0 - 0.074 ms
2026-04-26 21:35:13:3513 http: GET /api/company/teams?page=1&limit=8&search= 304 - - 19.070 ms
2026-04-26 21:35:16:3516 http: OPTIONS /api/company/employees/unassigned?search= 204 0 - 0.111 ms
2026-04-26 21:35:16:3516 http: OPTIONS /api/company/employees/unassigned?search= 204 0 - 0.121 ms
2026-04-26 21:35:16:3516 http: GET /api/company/employees/unassigned?search= 200 1989 - 19.547 ms
2026-04-26 21:35:16:3516 http: GET /api/company/employees/unassigned?search= 304 - - 22.725 ms
2026-04-26 21:35:20:3520 http: OPTIONS /api/company/employee/69ee36411ca2e468010d2547/assign-team 204 0 - 0.098 ms
2026-04-26 21:35:20:3520 http: PATCH /api/company/employee/69ee36411ca2e468010d2547/assign-team 200 67 - 12.265 ms
2026-04-26 21:35:20:3520 http: OPTIONS /api/company/teams?page=1&limit=8&search= 204 0 - 0.169 ms
2026-04-26 21:35:20:3520 http: GET /api/company/teams?page=1&limit=8&search= 304 - - 15.924 ms
2026-04-26 21:35:24:3524 http: OPTIONS /api/company/employees/unassigned?search= 204 0 - 0.108 ms
2026-04-26 21:35:24:3524 http: OPTIONS /api/company/employees/unassigned?search= 204 0 - 0.120 ms
2026-04-26 21:35:24:3524 http: GET /api/company/employees/unassigned?search= 200 1336 - 11.788 ms
2026-04-26 21:35:24:3524 http: GET /api/company/employees/unassigned?search= 304 - - 10.032 ms
2026-04-26 21:35:31:3531 http: OPTIONS /api/company/employees/unassigned?search=l 204 0 - 0.132 ms
2026-04-26 21:35:31:3531 http: GET /api/company/employees/unassigned?search=l 200 1336 - 17.485 ms
2026-04-26 21:35:32:3532 http: OPTIONS /api/company/employees/unassigned?search=t 204 0 - 0.180 ms
2026-04-26 21:35:32:3532 http: GET /api/company/employees/unassigned?search=t 200 680 - 28.961 ms
2026-04-26 21:35:35:3535 http: OPTIONS /api/company/employees/unassigned?search=tt 204 0 - 0.110 ms
2026-04-26 21:35:35:3535 http: GET /api/company/employees/unassigned?search=tt 200 680 - 25.846 ms
2026-04-26 21:35:36:3536 http: OPTIONS /api/company/employee/69ee366c1ca2e468010d2562/assign-team 204 0 - 0.055 ms
2026-04-26 21:35:36:3536 http: PATCH /api/company/employee/69ee366c1ca2e468010d2562/assign-team 200 67 - 11.491 ms
2026-04-26 21:35:36:3536 http: OPTIONS /api/company/teams?page=1&limit=8&search= 204 0 - 0.233 ms
2026-04-26 21:35:36:3536 http: GET /api/company/teams?page=1&limit=8&search= 304 - - 16.815 ms
2026-04-26 21:35:38:3538 http: OPTIONS /api/company/employees?page=1&limit=8&search= 204 0 - 0.087 ms
2026-04-26 21:35:39:3539 http: GET /api/company/employees?page=1&limit=8&search= 200 3602 - 32.997 ms
2026-04-26 21:35:39:3539 http: GET /api/company/employees?page=1&limit=8&search= 304 - - 36.065 ms
2026-04-26 21:35:49:3549 http: OPTIONS /api/company/employees?page=2&limit=8&search= 204 0 - 0.122 ms
2026-04-26 21:35:49:3549 http: GET /api/company/employees?page=2&limit=8&search= 200 512 - 19.925 ms
2026-04-26 21:35:52:3552 http: OPTIONS /api/company/employees?page=1&limit=8&search= 204 0 - 0.118 ms
2026-04-26 21:35:52:3552 http: GET /api/company/employees?page=1&limit=8&search= 304 - - 15.333 ms
2026-04-26 21:37:56:3756 http: OPTIONS /api/auth/refresh 204 0 - 0.117 ms
2026-04-26 21:37:56:3756 http: OPTIONS /api/auth/refresh 204 0 - 0.081 ms
2026-04-26 21:37:56:3756 http: POST /api/auth/refresh 200 470 - 16.866 ms
2026-04-26 21:37:56:3756 http: POST /api/auth/refresh 200 470 - 14.337 ms
2026-04-26 21:37:56:3756 http: OPTIONS /api/company/employees?page=1&limit=8&search= 204 0 - 0.345 ms
2026-04-26 21:37:56:3756 http: GET /api/company/employees?page=1&limit=8&search= 200 2269 - 16.717 ms
2026-04-26 21:37:56:3756 http: GET /api/company/employees?page=1&limit=8&search= 304 - - 26.090 ms
2026-04-26 21:49:39:4939 info: server is running on port 5000
