2026-04-25 10:17:03:173 http: OPTIONS /api/auth/refresh 204 0 - 6.449 ms
2026-04-25 10:17:03:173 http: OPTIONS /api/auth/refresh 204 0 - 0.157 ms
2026-04-25 10:17:03:173 http: POST /api/auth/refresh 200 470 - 36.910 ms
2026-04-25 10:17:03:173 http: POST /api/auth/refresh 200 470 - 84.197 ms
2026-04-25 10:17:03:173 http: OPTIONS /api/company/teams?page=1&limit=10&search= 204 0 - 0.094 ms
2026-04-25 10:17:03:173 http: OPTIONS /api/company/teams?page=1&limit=10&search= 204 0 - 0.134 ms
2026-04-25 10:17:03:173 http: GET /api/company/teams?page=1&limit=10&search= 304 - - 44.063 ms
2026-04-25 10:17:03:173 http: GET /api/company/teams?page=1&limit=10&search= 304 - - 24.944 ms
2026-04-25 10:18:03:183 http: OPTIONS /api/auth/refresh 204 0 - 0.065 ms
2026-04-25 10:18:03:183 http: OPTIONS /api/auth/refresh 204 0 - 0.091 ms
2026-04-25 10:18:03:183 http: POST /api/auth/refresh 200 619 - 43.454 ms
2026-04-25 10:18:03:183 http: POST /api/auth/refresh 200 619 - 51.109 ms
2026-04-25 10:18:03:183 http: OPTIONS /api/teams/directory?search= 204 0 - 0.105 ms
2026-04-25 10:18:03:183 http: GET /api/teams/directory?search= 304 - - 23.687 ms
2026-04-25 10:18:03:183 http: GET /api/teams/directory?search= 304 - - 31.306 ms
2026-04-25 10:18:39:1839 http: OPTIONS /api/auth/refresh 204 0 - 0.452 ms
2026-04-25 10:18:39:1839 http: OPTIONS /api/auth/refresh 204 0 - 0.175 ms
2026-04-25 10:18:39:1839 http: POST /api/auth/refresh 200 1202 - 61.616 ms
2026-04-25 10:18:39:1839 http: POST /api/auth/refresh 200 1202 - 46.130 ms
2026-04-25 10:18:39:1839 http: OPTIONS /api/sprints/69eb69cfdeb7d4ce8582611e 204 0 - 0.145 ms
2026-04-25 10:18:39:1839 http: OPTIONS /api/sprints/69eb69cfdeb7d4ce8582611e 204 0 - 0.169 ms
2026-04-25 10:18:39:1839 http: GET /api/sprints/69eb69cfdeb7d4ce8582611e 304 - - 54.472 ms
2026-04-25 10:18:39:1839 http: OPTIONS /api/user-stories/sprint/69eb69cfdeb7d4ce8582611e 204 0 - 0.201 ms
2026-04-25 10:18:39:1839 http: GET /api/sprints/69eb69cfdeb7d4ce8582611e 304 - - 39.398 ms
2026-04-25 10:18:39:1839 http: GET /api/user-stories/sprint/69eb69cfdeb7d4ce8582611e 304 - - 31.733 ms
2026-04-25 10:18:39:1839 http: OPTIONS /api/teams/directory?search= 204 0 - 0.084 ms
2026-04-25 10:18:39:1839 http: GET /api/user-stories/sprint/69eb69cfdeb7d4ce8582611e 304 - - 34.347 ms
2026-04-25 10:18:39:1839 http: GET /api/teams/directory?search= 304 - - 41.091 ms
2026-04-25 10:18:39:1839 http: GET /api/teams/directory?search= 304 - - 34.638 ms
2026-04-25 10:19:28:1928 http: OPTIONS /api/tasks/story/69eb6939deb7d4ce858260f1 204 0 - 0.113 ms
2026-04-25 10:19:28:1928 http: GET /api/tasks/story/69eb6939deb7d4ce858260f1 304 - - 32.013 ms
2026-04-25 10:19:33:1933 http: OPTIONS /api/tasks/all 204 0 - 0.127 ms
2026-04-25 10:19:33:1933 http: OPTIONS /api/tasks/all 204 0 - 0.119 ms
2026-04-25 10:19:33:1933 http: GET /api/tasks/all 200 2959 - 40.685 ms
2026-04-25 10:19:33:1933 http: GET /api/tasks/all 304 - - 26.185 ms
2026-04-25 10:19:51:1951 http: OPTIONS /api/auth/refresh 204 0 - 0.089 ms
2026-04-25 10:19:51:1951 http: OPTIONS /api/auth/refresh 204 0 - 0.094 ms
2026-04-25 10:19:51:1951 http: POST /api/auth/refresh 200 918 - 37.679 ms
2026-04-25 10:19:51:1951 http: POST /api/auth/refresh 200 918 - 37.248 ms
2026-04-25 10:19:51:1951 http: OPTIONS /api/tasks/team 204 0 - 0.092 ms
2026-04-25 10:19:51:1951 http: OPTIONS /api/tasks/team 204 0 - 0.090 ms
2026-04-25 10:19:51:1951 http: GET /api/tasks/team 304 - - 31.139 ms
2026-04-25 10:19:51:1951 http: GET /api/tasks/team 304 - - 40.677 ms
2026-04-25 10:19:56:1956 http: OPTIONS /api/auth/refresh 204 0 - 0.111 ms
2026-04-25 10:19:56:1956 http: OPTIONS /api/auth/refresh 204 0 - 0.115 ms
2026-04-25 10:19:56:1956 http: POST /api/auth/refresh 200 936 - 41.559 ms
2026-04-25 10:19:56:1956 http: POST /api/auth/refresh 200 936 - 54.943 ms
2026-04-25 10:19:56:1956 http: OPTIONS /api/tasks/team 204 0 - 0.078 ms
2026-04-25 10:19:56:1956 http: GET /api/tasks/team 304 - - 51.035 ms
2026-04-25 10:19:56:1956 http: GET /api/tasks/team 304 - - 242.060 ms
2026-04-25 10:42:00:420 http: OPTIONS /api/company/employees?page=1&limit=8&search= 204 0 - 0.253 ms
2026-04-25 10:42:00:420 http: OPTIONS /api/company/employees?page=1&limit=8&search= 204 0 - 0.220 ms
2026-04-25 10:42:00:420 http: GET /api/company/employees?page=1&limit=8&search= 401 54 - 1.636 ms
2026-04-25 10:42:00:420 http: GET /api/company/employees?page=1&limit=8&search= 401 54 - 0.905 ms
2026-04-25 10:42:00:420 http: OPTIONS /api/auth/refresh 204 0 - 0.141 ms
2026-04-25 10:42:00:420 http: OPTIONS /api/auth/refresh 204 0 - 0.090 ms
2026-04-25 10:42:00:420 http: POST /api/auth/refresh 200 470 - 13.954 ms
2026-04-25 10:42:00:420 http: POST /api/auth/refresh 200 470 - 17.855 ms
2026-04-25 10:42:00:420 http: GET /api/company/employees?page=1&limit=8&search= 304 - - 40.212 ms
2026-04-25 10:42:00:420 http: GET /api/company/employees?page=1&limit=8&search= 304 - - 13.782 ms
2026-04-25 10:42:07:427 http: OPTIONS /api/projects?page=1&limit=50&search=&status= 204 0 - 0.399 ms
2026-04-25 10:42:07:427 http: OPTIONS /api/projects?page=1&limit=50&search=&status= 204 0 - 0.186 ms
2026-04-25 10:42:07:427 http: GET /api/projects?page=1&limit=50&search=&status= 200 773 - 26.574 ms
2026-04-25 10:42:07:427 http: GET /api/projects?page=1&limit=50&search=&status= 304 - - 10.288 ms
2026-04-25 10:42:08:428 http: OPTIONS /api/company/employees?page=1&limit=8&search= 204 0 - 0.124 ms
2026-04-25 10:42:08:428 http: OPTIONS /api/company/employees?page=1&limit=8&search= 204 0 - 0.191 ms
2026-04-25 10:42:08:428 http: GET /api/company/employees?page=1&limit=8&search= 304 - - 11.427 ms
2026-04-25 10:42:08:428 http: GET /api/company/employees?page=1&limit=8&search= 304 - - 13.899 ms
2026-04-25 10:42:23:4223 http: OPTIONS /api/projects?page=1&limit=10&search= 204 0 - 0.103 ms
2026-04-25 10:42:23:4223 http: OPTIONS /api/projects?page=1&limit=10&search= 204 0 - 0.081 ms
2026-04-25 10:42:23:4223 http: GET /api/projects?page=1&limit=10&search= 401 54 - 0.796 ms
2026-04-25 10:42:23:4223 http: GET /api/projects?page=1&limit=10&search= 401 54 - 1.043 ms
2026-04-25 10:42:23:4223 http: OPTIONS /api/auth/refresh 204 0 - 0.119 ms
2026-04-25 10:42:23:4223 http: OPTIONS /api/auth/refresh 204 0 - 0.121 ms
2026-04-25 10:42:23:4223 http: POST /api/auth/refresh 200 1202 - 45.406 ms
2026-04-25 10:42:23:4223 http: POST /api/auth/refresh 200 1202 - 50.683 ms
2026-04-25 10:42:23:4223 http: GET /api/projects?page=1&limit=10&search= 304 - - 24.441 ms
2026-04-25 10:42:23:4223 http: GET /api/projects?page=1&limit=10&search= 304 - - 27.067 ms
2026-04-25 10:42:24:4224 http: OPTIONS /api/user-stories/project/69eb5440407b185bf6a3e56c 204 0 - 0.059 ms
2026-04-25 10:42:24:4224 http: GET /api/user-stories/project/69eb5440407b185bf6a3e56c 200 1640 - 23.276 ms
2026-04-25 10:42:27:4227 http: OPTIONS /api/user-stories/project/69eb541b407b185bf6a3e558 204 0 - 0.060 ms
2026-04-25 10:42:27:4227 http: GET /api/user-stories/project/69eb541b407b185bf6a3e558 200 26 - 4.670 ms
2026-04-25 10:42:30:4230 http: OPTIONS /api/tasks/all 204 0 - 0.096 ms
2026-04-25 10:42:31:4231 http: OPTIONS /api/tasks/all 204 0 - 0.090 ms
2026-04-25 10:42:31:4231 http: GET /api/tasks/all 304 - - 28.819 ms
2026-04-25 10:42:31:4231 http: GET /api/tasks/all 304 - - 26.352 ms
2026-04-25 10:42:31:4231 http: OPTIONS /api/sprints 204 0 - 0.056 ms
2026-04-25 10:42:31:4231 http: OPTIONS /api/sprints 204 0 - 0.356 ms
2026-04-25 10:42:31:4231 http: GET /api/sprints 304 - - 40.279 ms
2026-04-25 10:42:31:4231 http: GET /api/sprints 304 - - 32.341 ms
2026-04-25 10:42:38:4238 http: OPTIONS /api/sprints/69eb69cfdeb7d4ce8582611e 204 0 - 0.094 ms
2026-04-25 10:42:38:4238 http: OPTIONS /api/sprints/69eb69cfdeb7d4ce8582611e 204 0 - 0.632 ms
2026-04-25 10:42:38:4238 http: GET /api/sprints/69eb69cfdeb7d4ce8582611e 304 - - 20.316 ms
2026-04-25 10:42:38:4238 http: OPTIONS /api/user-stories/sprint/69eb69cfdeb7d4ce8582611e 204 0 - 0.074 ms
2026-04-25 10:42:38:4238 http: GET /api/sprints/69eb69cfdeb7d4ce8582611e 304 - - 25.271 ms
2026-04-25 10:42:38:4238 http: GET /api/user-stories/sprint/69eb69cfdeb7d4ce8582611e 304 - - 18.741 ms
2026-04-25 10:42:38:4238 http: OPTIONS /api/teams/directory?search= 204 0 - 0.086 ms
2026-04-25 10:42:38:4238 http: GET /api/user-stories/sprint/69eb69cfdeb7d4ce8582611e 304 - - 15.653 ms
2026-04-25 10:42:38:4238 http: GET /api/teams/directory?search= 304 - - 18.920 ms
2026-04-25 10:42:38:4238 http: GET /api/teams/directory?search= 304 - - 16.448 ms
2026-04-25 10:51:10:5110 http: OPTIONS /api/sprints 204 0 - 0.143 ms
2026-04-25 10:51:10:5110 http: OPTIONS /api/sprints 204 0 - 0.089 ms
2026-04-25 10:51:10:5110 http: GET /api/sprints 304 - - 50.919 ms
2026-04-25 10:51:10:5110 http: GET /api/sprints 304 - - 29.133 ms
2026-04-25 10:51:13:5113 http: OPTIONS /api/sprints/69eb69cfdeb7d4ce8582611e 204 0 - 0.078 ms
2026-04-25 10:51:13:5113 http: OPTIONS /api/sprints/69eb69cfdeb7d4ce8582611e 204 0 - 0.055 ms
2026-04-25 10:51:13:5113 http: GET /api/sprints/69eb69cfdeb7d4ce8582611e 304 - - 16.087 ms
2026-04-25 10:51:13:5113 http: OPTIONS /api/user-stories/sprint/69eb69cfdeb7d4ce8582611e 204 0 - 0.055 ms
2026-04-25 10:51:13:5113 http: GET /api/sprints/69eb69cfdeb7d4ce8582611e 304 - - 24.003 ms
2026-04-25 10:51:13:5113 http: GET /api/user-stories/sprint/69eb69cfdeb7d4ce8582611e 304 - - 23.224 ms
2026-04-25 10:51:13:5113 http: OPTIONS /api/teams/directory?search= 204 0 - 0.056 ms
2026-04-25 10:51:13:5113 http: GET /api/user-stories/sprint/69eb69cfdeb7d4ce8582611e 304 - - 16.116 ms
2026-04-25 10:51:13:5113 http: GET /api/teams/directory?search= 304 - - 20.435 ms
2026-04-25 10:51:13:5113 http: GET /api/teams/directory?search= 304 - - 10.560 ms
2026-04-25 10:51:17:5117 http: OPTIONS /api/tasks/story/69eb6939deb7d4ce858260f1 204 0 - 0.082 ms
2026-04-25 10:51:17:5117 http: GET /api/tasks/story/69eb6939deb7d4ce858260f1 304 - - 26.042 ms
2026-04-25 10:51:23:5123 http: OPTIONS /api/tasks/story/69eb696edeb7d4ce858260f9 204 0 - 0.054 ms
2026-04-25 10:51:23:5123 http: GET /api/tasks/story/69eb696edeb7d4ce858260f9 200 26 - 11.509 ms
2026-04-25 10:51:25:5125 http: OPTIONS /api/tasks/story/69eb69a8deb7d4ce85826101 204 0 - 0.134 ms
2026-04-25 10:51:25:5125 http: GET /api/tasks/story/69eb69a8deb7d4ce85826101 200 26 - 19.155 ms
2026-04-25 10:51:33:5133 http: OPTIONS /api/tasks/all 204 0 - 0.140 ms
2026-04-25 10:51:33:5133 http: OPTIONS /api/tasks/all 204 0 - 0.123 ms
2026-04-25 10:51:33:5133 http: GET /api/tasks/all 304 - - 27.583 ms
2026-04-25 10:51:33:5133 http: GET /api/tasks/all 304 - - 27.875 ms
2026-04-25 10:51:37:5137 http: OPTIONS /api/sprints 204 0 - 0.212 ms
2026-04-25 10:51:37:5137 http: OPTIONS /api/sprints 204 0 - 0.088 ms
2026-04-25 10:51:37:5137 http: GET /api/sprints 304 - - 29.041 ms
2026-04-25 10:51:37:5137 http: GET /api/sprints 304 - - 22.817 ms
2026-04-25 10:51:39:5139 http: OPTIONS /api/sprints/69eb69cfdeb7d4ce8582611e 204 0 - 0.061 ms
2026-04-25 10:51:39:5139 http: OPTIONS /api/sprints/69eb69cfdeb7d4ce8582611e 204 0 - 0.119 ms
2026-04-25 10:51:39:5139 http: GET /api/sprints/69eb69cfdeb7d4ce8582611e 304 - - 12.934 ms
2026-04-25 10:51:39:5139 http: OPTIONS /api/user-stories/sprint/69eb69cfdeb7d4ce8582611e 204 0 - 0.051 ms
2026-04-25 10:51:39:5139 http: GET /api/sprints/69eb69cfdeb7d4ce8582611e 304 - - 27.351 ms
2026-04-25 10:51:39:5139 http: GET /api/user-stories/sprint/69eb69cfdeb7d4ce8582611e 304 - - 21.710 ms
2026-04-25 10:51:39:5139 http: OPTIONS /api/teams/directory?search= 204 0 - 0.056 ms
2026-04-25 10:51:39:5139 http: GET /api/user-stories/sprint/69eb69cfdeb7d4ce8582611e 304 - - 13.768 ms
2026-04-25 10:51:39:5139 http: GET /api/teams/directory?search= 304 - - 16.842 ms
2026-04-25 10:51:39:5139 http: GET /api/teams/directory?search= 304 - - 16.740 ms
2026-04-25 10:52:35:5235 http: OPTIONS /api/tasks/story/69eb6939deb7d4ce858260f1 204 0 - 0.074 ms
2026-04-25 10:52:35:5235 http: GET /api/tasks/story/69eb6939deb7d4ce858260f1 304 - - 24.361 ms
2026-04-25 10:52:43:5243 http: OPTIONS /api/tasks/all 204 0 - 0.102 ms
2026-04-25 10:52:43:5243 http: OPTIONS /api/tasks/all 204 0 - 0.528 ms
2026-04-25 10:52:43:5243 http: GET /api/tasks/all 304 - - 43.956 ms
2026-04-25 10:52:43:5243 http: GET /api/tasks/all 304 - - 25.816 ms
2026-04-25 10:53:12:5312 http: OPTIONS /api/sprints 204 0 - 0.101 ms
2026-04-25 10:53:12:5312 http: OPTIONS /api/sprints 204 0 - 0.086 ms
2026-04-25 10:53:12:5312 http: GET /api/sprints 304 - - 30.228 ms
2026-04-25 10:53:12:5312 http: GET /api/sprints 304 - - 29.397 ms
2026-04-25 10:53:15:5315 http: OPTIONS /api/sprints/69eb69cfdeb7d4ce8582611e 204 0 - 0.095 ms
2026-04-25 10:53:15:5315 http: OPTIONS /api/sprints/69eb69cfdeb7d4ce8582611e 204 0 - 0.102 ms
2026-04-25 10:53:15:5315 http: GET /api/sprints/69eb69cfdeb7d4ce8582611e 304 - - 11.425 ms
2026-04-25 10:53:15:5315 http: OPTIONS /api/user-stories/sprint/69eb69cfdeb7d4ce8582611e 204 0 - 0.220 ms
2026-04-25 10:53:15:5315 http: GET /api/sprints/69eb69cfdeb7d4ce8582611e 304 - - 24.858 ms
2026-04-25 10:53:15:5315 http: GET /api/user-stories/sprint/69eb69cfdeb7d4ce8582611e 304 - - 15.751 ms
2026-04-25 10:53:15:5315 http: OPTIONS /api/teams/directory?search= 204 0 - 0.105 ms
2026-04-25 10:53:15:5315 http: GET /api/user-stories/sprint/69eb69cfdeb7d4ce8582611e 304 - - 18.145 ms
2026-04-25 10:53:15:5315 http: GET /api/teams/directory?search= 304 - - 20.127 ms
2026-04-25 10:53:15:5315 http: GET /api/teams/directory?search= 304 - - 17.080 ms
2026-04-25 10:54:43:5443 http: OPTIONS /api/sprints 204 0 - 0.131 ms
2026-04-25 10:54:43:5443 http: OPTIONS /api/sprints 204 0 - 0.107 ms
2026-04-25 10:54:43:5443 http: GET /api/sprints 304 - - 31.002 ms
2026-04-25 10:54:43:5443 http: GET /api/sprints 304 - - 44.450 ms
2026-04-25 10:54:45:5445 http: OPTIONS /api/sprints/69eb69cfdeb7d4ce8582611e 204 0 - 0.088 ms
2026-04-25 10:54:45:5445 http: OPTIONS /api/sprints/69eb69cfdeb7d4ce8582611e 204 0 - 0.157 ms
2026-04-25 10:54:45:5445 http: GET /api/sprints/69eb69cfdeb7d4ce8582611e 304 - - 15.269 ms
2026-04-25 10:54:45:5445 http: OPTIONS /api/user-stories/sprint/69eb69cfdeb7d4ce8582611e 204 0 - 0.086 ms
2026-04-25 10:54:45:5445 http: GET /api/sprints/69eb69cfdeb7d4ce8582611e 304 - - 20.579 ms
2026-04-25 10:54:45:5445 http: GET /api/user-stories/sprint/69eb69cfdeb7d4ce8582611e 304 - - 14.279 ms
2026-04-25 10:54:45:5445 http: OPTIONS /api/teams/directory?search= 204 0 - 0.066 ms
2026-04-25 10:54:45:5445 http: GET /api/user-stories/sprint/69eb69cfdeb7d4ce8582611e 304 - - 16.179 ms
2026-04-25 10:54:45:5445 http: GET /api/teams/directory?search= 304 - - 17.876 ms
2026-04-25 10:54:45:5445 http: GET /api/teams/directory?search= 304 - - 9.494 ms
2026-04-25 10:54:47:5447 http: OPTIONS /api/tasks/all 204 0 - 0.114 ms
2026-04-25 10:54:47:5447 http: OPTIONS /api/tasks/all 204 0 - 0.095 ms
2026-04-25 10:54:47:5447 http: GET /api/tasks/all 304 - - 23.622 ms
2026-04-25 10:54:48:5448 http: GET /api/tasks/all 304 - - 26.810 ms
2026-04-25 10:56:47:5647 info: server is running on port 5000
2026-04-25 10:58:32:5832 http: OPTIONS /api/auth/refresh 204 0 - 6.307 ms
2026-04-25 10:58:32:5832 http: OPTIONS /api/auth/refresh 204 0 - 0.455 ms
2026-04-25 10:58:32:5832 http: POST /api/auth/refresh 200 1202 - 170.070 ms
2026-04-25 10:58:32:5832 http: POST /api/auth/refresh 200 1202 - 90.264 ms
2026-04-25 10:58:32:5832 http: OPTIONS /api/tasks/all 204 0 - 0.231 ms
2026-04-25 10:58:32:5832 http: OPTIONS /api/tasks/all 204 0 - 0.158 ms
2026-04-25 10:58:32:5832 http: GET /api/tasks/all 200 2998 - 62.338 ms
2026-04-25 10:58:32:5832 http: GET /api/tasks/all 304 - - 53.762 ms
2026-04-25 10:58:44:5844 http: OPTIONS /api/auth/refresh 204 0 - 0.246 ms
2026-04-25 10:58:44:5844 http: OPTIONS /api/auth/refresh 204 0 - 0.208 ms
2026-04-25 10:58:44:5844 http: POST /api/auth/refresh 200 918 - 38.139 ms
2026-04-25 10:58:44:5844 http: POST /api/auth/refresh 200 918 - 48.400 ms
2026-04-25 10:58:44:5844 http: OPTIONS /api/tasks/team 204 0 - 0.156 ms
2026-04-25 10:58:44:5844 http: OPTIONS /api/tasks/team 204 0 - 0.118 ms
2026-04-25 10:58:44:5844 http: GET /api/tasks/team 200 1805 - 63.360 ms
2026-04-25 10:58:44:5844 http: GET /api/tasks/team 304 - - 50.703 ms
2026-04-25 10:58:51:5851 http: OPTIONS /api/auth/refresh 204 0 - 0.126 ms
2026-04-25 10:58:51:5851 http: OPTIONS /api/auth/refresh 204 0 - 0.287 ms
2026-04-25 10:58:51:5851 http: POST /api/auth/refresh 200 936 - 32.765 ms
2026-04-25 10:58:51:5851 http: POST /api/auth/refresh 200 936 - 36.005 ms
2026-04-25 10:58:51:5851 http: OPTIONS /api/tasks/team 204 0 - 0.142 ms
2026-04-25 10:58:51:5851 http: OPTIONS /api/tasks/team 204 0 - 0.181 ms
2026-04-25 10:58:51:5851 http: GET /api/tasks/team 200 1218 - 50.549 ms
2026-04-25 10:58:51:5851 http: GET /api/tasks/team 304 - - 54.586 ms
2026-04-25 10:58:57:5857 http: OPTIONS /api/tasks/assigned 204 0 - 0.075 ms
2026-04-25 10:58:57:5857 http: OPTIONS /api/tasks/assigned 204 0 - 0.144 ms
2026-04-25 10:58:57:5857 http: GET /api/tasks/assigned 401 54 - 0.726 ms
2026-04-25 10:58:57:5857 http: GET /api/tasks/assigned 401 54 - 1.218 ms
2026-04-25 10:58:57:5857 http: OPTIONS /api/auth/refresh 204 0 - 0.147 ms
2026-04-25 10:58:57:5857 http: OPTIONS /api/auth/refresh 204 0 - 0.272 ms
2026-04-25 10:58:57:5857 http: POST /api/auth/refresh 200 619 - 24.300 ms
2026-04-25 10:58:57:5857 http: POST /api/auth/refresh 200 619 - 30.264 ms
2026-04-25 10:58:57:5857 http: GET /api/tasks/assigned 200 1162 - 22.879 ms
2026-04-25 10:58:57:5857 http: GET /api/tasks/assigned 304 - - 21.762 ms
2026-04-25 10:59:25:5925 http: OPTIONS /api/auth/refresh 204 0 - 0.296 ms
2026-04-25 10:59:25:5925 http: OPTIONS /api/auth/refresh 204 0 - 0.247 ms
2026-04-25 10:59:25:5925 http: POST /api/auth/refresh 200 619 - 35.340 ms
2026-04-25 10:59:25:5925 http: POST /api/auth/refresh 200 619 - 35.658 ms
2026-04-25 10:59:25:5925 http: OPTIONS /api/tasks/assigned 204 0 - 0.151 ms
2026-04-25 10:59:25:5925 http: OPTIONS /api/tasks/assigned 204 0 - 0.126 ms
2026-04-25 10:59:25:5925 http: GET /api/tasks/assigned 304 - - 25.858 ms
2026-04-25 10:59:25:5925 http: GET /api/tasks/assigned 304 - - 45.818 ms
2026-04-25 11:11:00:110 http: OPTIONS /api/auth/logout 204 0 - 0.212 ms
2026-04-25 11:11:00:110 http: POST /api/auth/logout 200 39 - 15.937 ms
2026-04-25 11:12:21:1221 http: OPTIONS /api/auth/login 204 0 - 0.086 ms
2026-04-25 11:12:21:1221 http: POST /api/auth/login 200 621 - 96.864 ms
2026-04-25 11:12:31:1231 http: OPTIONS /api/tasks/assigned 204 0 - 0.118 ms
2026-04-25 11:12:31:1231 http: OPTIONS /api/tasks/assigned 204 0 - 0.149 ms
2026-04-25 11:12:31:1231 http: GET /api/tasks/assigned 200 1707 - 20.976 ms
2026-04-25 11:12:31:1231 http: GET /api/tasks/assigned 304 - - 20.121 ms
2026-04-25 11:24:04:244 info: server is running on port 5000
2026-04-25 11:27:24:2724 info: server is running on port 5000
2026-04-25 11:32:48:3248 info: server is running on port 5000
2026-04-25 11:34:58:3458 http: OPTIONS /api/auth/refresh 204 0 - 13.666 ms
2026-04-25 11:34:58:3458 http: OPTIONS /api/auth/refresh 204 0 - 0.121 ms
2026-04-25 11:34:59:3459 http: POST /api/auth/refresh 200 621 - 172.103 ms
2026-04-25 11:34:59:3459 http: POST /api/auth/refresh 200 621 - 99.794 ms
2026-04-25 11:34:59:3459 http: OPTIONS /api/tasks/assigned 204 0 - 0.150 ms
2026-04-25 11:34:59:3459 http: OPTIONS /api/tasks/assigned 204 0 - 0.250 ms
2026-04-25 11:34:59:3459 http: GET /api/tasks/assigned 200 1790 - 46.104 ms
2026-04-25 11:34:59:3459 http: GET /api/tasks/assigned 304 - - 39.321 ms
2026-04-25 11:37:46:3746 info: server is running on port 5000
2026-04-25 11:41:30:4130 http: OPTIONS /api/auth/refresh 204 0 - 2.767 ms
2026-04-25 11:41:30:4130 http: OPTIONS /api/auth/refresh 204 0 - 0.249 ms
2026-04-25 11:41:30:4130 http: POST /api/auth/refresh 200 621 - 183.695 ms
2026-04-25 11:41:30:4130 http: POST /api/auth/refresh 200 621 - 100.961 ms
2026-04-25 11:41:30:4130 http: OPTIONS /api/tasks/assigned 204 0 - 0.422 ms
2026-04-25 11:41:30:4130 http: OPTIONS /api/tasks/assigned 204 0 - 0.506 ms
2026-04-25 11:41:30:4130 http: GET /api/tasks/assigned 304 - - 46.408 ms
2026-04-25 11:41:30:4130 http: GET /api/tasks/assigned 304 - - 33.330 ms
2026-04-25 11:43:21:4321 info: server is running on port 5000
2026-04-25 11:46:42:4642 http: OPTIONS /api/teams/directory?search= 204 0 - 3.804 ms
2026-04-25 11:46:42:4642 http: OPTIONS /api/teams/directory?search= 204 0 - 0.121 ms
2026-04-25 11:46:42:4642 http: GET /api/teams/directory?search= 200 343 - 58.587 ms
2026-04-25 11:46:42:4642 http: GET /api/teams/directory?search= 304 - - 23.435 ms
2026-04-25 11:46:45:4645 http: GET /api/teams/directory?search= 304 - - 24.606 ms
2026-04-25 11:46:45:4645 http: GET /api/teams/directory?search= 304 - - 12.902 ms
2026-04-25 11:46:46:4646 http: OPTIONS /api/user/profile 204 0 - 0.232 ms
2026-04-25 11:46:46:4646 http: OPTIONS /api/user/profile 204 0 - 0.238 ms
2026-04-25 11:46:46:4646 http: GET /api/user/profile 200 362 - 17.926 ms
2026-04-25 11:46:46:4646 http: GET /api/user/profile 304 - - 15.942 ms
2026-04-25 11:46:49:4649 http: OPTIONS /api/tasks/assigned 204 0 - 0.186 ms
2026-04-25 11:46:49:4649 http: OPTIONS /api/tasks/assigned 204 0 - 0.151 ms
2026-04-25 11:46:49:4649 http: GET /api/tasks/assigned 304 - - 25.688 ms
2026-04-25 11:46:49:4649 http: GET /api/tasks/assigned 304 - - 24.374 ms
2026-04-25 11:55:32:5532 http: OPTIONS /api/auth/refresh 204 0 - 0.203 ms
2026-04-25 11:55:32:5532 http: OPTIONS /api/auth/refresh 204 0 - 0.079 ms
2026-04-25 11:55:32:5532 http: POST /api/auth/refresh 200 621 - 76.007 ms
2026-04-25 11:55:32:5532 http: POST /api/auth/refresh 200 621 - 31.844 ms
2026-04-25 11:55:32:5532 http: OPTIONS /api/tasks/assigned 204 0 - 0.166 ms
2026-04-25 11:55:32:5532 http: OPTIONS /api/tasks/assigned 204 0 - 0.193 ms
2026-04-25 11:55:32:5532 http: GET /api/tasks/assigned 304 - - 26.229 ms
2026-04-25 11:55:32:5532 http: GET /api/tasks/assigned 304 - - 24.568 ms
2026-04-25 11:56:53:5653 http: OPTIONS /api/auth/refresh 204 0 - 0.149 ms
2026-04-25 11:56:53:5653 http: OPTIONS /api/auth/refresh 204 0 - 0.158 ms
2026-04-25 11:56:53:5653 http: POST /api/auth/refresh 200 621 - 35.754 ms
2026-04-25 11:56:53:5653 http: POST /api/auth/refresh 200 621 - 48.178 ms
2026-04-25 11:56:53:5653 http: OPTIONS /api/tasks/assigned 204 0 - 0.129 ms
2026-04-25 11:56:53:5653 http: OPTIONS /api/tasks/assigned 204 0 - 0.160 ms
2026-04-25 11:56:53:5653 http: GET /api/tasks/assigned 304 - - 35.641 ms
2026-04-25 11:56:53:5653 http: GET /api/tasks/assigned 304 - - 30.821 ms
2026-04-25 11:58:49:5849 http: OPTIONS /api/auth/refresh 204 0 - 0.097 ms
2026-04-25 11:58:49:5849 http: OPTIONS /api/auth/refresh 204 0 - 0.120 ms
2026-04-25 11:58:49:5849 http: POST /api/auth/refresh 200 621 - 33.009 ms
2026-04-25 11:58:49:5849 http: POST /api/auth/refresh 200 621 - 33.090 ms
2026-04-25 11:58:49:5849 http: OPTIONS /api/tasks/assigned 204 0 - 0.571 ms
2026-04-25 11:58:49:5849 http: GET /api/tasks/assigned 304 - - 20.389 ms
2026-04-25 11:58:49:5849 http: GET /api/tasks/assigned 304 - - 30.905 ms
2026-04-25 12:02:40:240 info: server is running on port 5000
2026-04-25 12:02:56:256 http: OPTIONS /api/auth/refresh 204 0 - 3.882 ms
2026-04-25 12:02:56:256 http: OPTIONS /api/auth/refresh 204 0 - 0.185 ms
2026-04-25 12:02:56:256 http: POST /api/auth/refresh 200 621 - 100.194 ms
2026-04-25 12:02:56:256 http: POST /api/auth/refresh 200 621 - 61.226 ms
2026-04-25 12:02:56:256 http: OPTIONS /api/tasks/assigned 204 0 - 0.234 ms
2026-04-25 12:02:56:256 http: OPTIONS /api/tasks/assigned 204 0 - 0.200 ms
2026-04-25 12:02:56:256 http: GET /api/tasks/assigned 200 1984 - 85.606 ms
2026-04-25 12:02:56:256 http: GET /api/tasks/assigned 304 - - 51.411 ms
2026-04-25 12:03:12:312 http: OPTIONS /api/tasks/69eb6d21ad2d3e9c811d2ed9 204 0 - 0.578 ms
2026-04-25 12:03:12:312 http: PUT /api/tasks/69eb6d21ad2d3e9c811d2ed9 200 751 - 29.140 ms
2026-04-25 12:03:16:316 http: OPTIONS /api/tasks/69eb696edeb7d4ce858260f9 204 0 - 0.183 ms
2026-04-25 12:03:16:316 http: PUT /api/tasks/69eb696edeb7d4ce858260f9 200 654 - 16.819 ms
2026-04-25 12:03:40:340 http: OPTIONS /api/tasks/69eb6d21ad2d3e9c811d2ed9 204 0 - 0.101 ms
2026-04-25 12:03:40:340 http: PUT /api/tasks/69eb6d21ad2d3e9c811d2ed9 200 850 - 35.040 ms
2026-04-25 12:03:53:353 http: OPTIONS /api/auth/logout 204 0 - 0.117 ms
2026-04-25 12:03:53:353 http: POST /api/auth/logout 200 39 - 5.669 ms
2026-04-25 12:04:04:44 http: OPTIONS /api/auth/login 204 0 - 0.179 ms
2026-04-25 12:04:04:44 http: POST /api/auth/login 200 619 - 93.818 ms
2026-04-25 12:04:08:48 http: OPTIONS /api/tasks/assigned 204 0 - 0.209 ms
2026-04-25 12:04:08:48 http: OPTIONS /api/tasks/assigned 204 0 - 0.136 ms
2026-04-25 12:04:08:48 http: GET /api/tasks/assigned 200 1330 - 33.816 ms
2026-04-25 12:04:08:48 http: GET /api/tasks/assigned 304 - - 33.069 ms
2026-04-25 12:04:13:413 http: OPTIONS /api/tasks/69eb69a8deb7d4ce85826101 204 0 - 0.086 ms
2026-04-25 12:04:13:413 http: PUT /api/tasks/69eb69a8deb7d4ce85826101 200 653 - 18.038 ms
2026-04-25 12:04:16:416 http: OPTIONS /api/tasks/69eb6ce3ad2d3e9c811d2e5e 204 0 - 0.470 ms
2026-04-25 12:04:16:416 http: PUT /api/tasks/69eb6ce3ad2d3e9c811d2e5e 200 786 - 16.397 ms
2026-04-25 12:04:36:436 http: OPTIONS /api/tasks/69eb69a8deb7d4ce85826101 204 0 - 0.177 ms
2026-04-25 12:04:36:436 http: PUT /api/tasks/69eb69a8deb7d4ce85826101 200 651 - 23.831 ms
2026-04-25 12:04:45:445 http: OPTIONS /api/auth/refresh 204 0 - 0.115 ms
2026-04-25 12:04:45:445 http: OPTIONS /api/auth/refresh 204 0 - 0.119 ms
2026-04-25 12:04:45:445 http: POST /api/auth/refresh 200 918 - 29.845 ms
2026-04-25 12:04:45:445 http: POST /api/auth/refresh 200 918 - 42.692 ms
2026-04-25 12:04:45:445 http: OPTIONS /api/tasks/team 204 0 - 0.117 ms
2026-04-25 12:04:45:445 http: OPTIONS /api/tasks/team 204 0 - 0.117 ms
2026-04-25 12:04:45:445 http: GET /api/tasks/team 200 2109 - 54.924 ms
2026-04-25 12:04:45:445 http: GET /api/tasks/team 304 - - 51.156 ms
2026-04-25 12:05:21:521 http: OPTIONS /api/auth/refresh 204 0 - 0.144 ms
2026-04-25 12:05:21:521 http: OPTIONS /api/auth/refresh 204 0 - 0.632 ms
2026-04-25 12:05:21:521 http: POST /api/auth/refresh 200 1202 - 50.882 ms
2026-04-25 12:05:21:521 http: POST /api/auth/refresh 200 1202 - 61.038 ms
2026-04-25 12:05:21:521 http: OPTIONS /api/tasks/all 204 0 - 0.231 ms
2026-04-25 12:05:21:521 http: OPTIONS /api/tasks/all 204 0 - 0.141 ms
2026-04-25 12:05:21:521 http: GET /api/tasks/all 200 3432 - 53.336 ms
2026-04-25 12:05:21:521 http: GET /api/tasks/all 304 - - 53.991 ms
2026-04-25 12:06:01:61 http: OPTIONS /api/auth/refresh 204 0 - 0.112 ms
2026-04-25 12:06:01:61 http: OPTIONS /api/auth/refresh 204 0 - 0.103 ms
2026-04-25 12:06:01:61 http: POST /api/auth/refresh 200 918 - 33.362 ms
2026-04-25 12:06:01:61 http: POST /api/auth/refresh 200 918 - 42.485 ms
2026-04-25 12:06:01:61 http: OPTIONS /api/tasks/team 204 0 - 0.120 ms
2026-04-25 12:06:01:61 http: OPTIONS /api/tasks/team 204 0 - 0.084 ms
2026-04-25 12:06:01:61 http: GET /api/tasks/team 304 - - 65.798 ms
2026-04-25 12:06:01:61 http: GET /api/tasks/team 304 - - 42.955 ms
2026-04-25 12:06:13:613 http: OPTIONS /api/tasks/69eb6d21ad2d3e9c811d2ed9 204 0 - 0.096 ms
2026-04-25 12:06:13:613 http: PUT /api/tasks/69eb6d21ad2d3e9c811d2ed9 200 845 - 18.055 ms
2026-04-25 12:06:30:630 http: OPTIONS /api/auth/refresh 204 0 - 0.075 ms
2026-04-25 12:06:30:630 http: OPTIONS /api/auth/refresh 204 0 - 0.135 ms
2026-04-25 12:06:30:630 http: POST /api/auth/refresh 200 936 - 30.222 ms
2026-04-25 12:06:30:630 http: POST /api/auth/refresh 200 936 - 27.420 ms
2026-04-25 12:06:30:630 http: OPTIONS /api/tasks/team 204 0 - 0.111 ms
2026-04-25 12:06:30:630 http: OPTIONS /api/tasks/team 204 0 - 0.086 ms
2026-04-25 12:06:30:630 http: GET /api/tasks/team 200 1348 - 33.124 ms
2026-04-25 12:06:30:630 http: GET /api/tasks/team 304 - - 42.065 ms
2026-04-25 12:06:33:633 http: OPTIONS /api/tasks/69eb69a8deb7d4ce85826101 204 0 - 0.064 ms
2026-04-25 12:06:33:633 http: PUT /api/tasks/69eb69a8deb7d4ce85826101 200 646 - 16.336 ms
2026-04-25 12:06:43:643 http: OPTIONS /api/auth/refresh 204 0 - 0.169 ms
2026-04-25 12:06:43:643 http: OPTIONS /api/auth/refresh 204 0 - 0.091 ms
2026-04-25 12:06:43:643 http: POST /api/auth/refresh 200 1202 - 39.336 ms
2026-04-25 12:06:43:643 http: POST /api/auth/refresh 200 1202 - 42.601 ms
2026-04-25 12:06:43:643 http: OPTIONS /api/tasks/all 204 0 - 0.103 ms
2026-04-25 12:06:43:643 http: OPTIONS /api/tasks/all 204 0 - 0.089 ms
2026-04-25 12:06:43:643 http: GET /api/tasks/all 200 3422 - 67.861 ms
2026-04-25 12:06:43:643 http: GET /api/tasks/all 304 - - 51.748 ms
2026-04-25 12:06:50:650 http: OPTIONS /api/auth/refresh 204 0 - 0.140 ms
2026-04-25 12:06:50:650 http: OPTIONS /api/auth/refresh 204 0 - 0.093 ms
2026-04-25 12:06:50:650 http: POST /api/auth/refresh 200 619 - 34.889 ms
2026-04-25 12:06:50:650 http: POST /api/auth/refresh 200 619 - 35.802 ms
2026-04-25 12:06:50:650 http: OPTIONS /api/tasks/assigned 204 0 - 0.088 ms
2026-04-25 12:06:50:650 http: OPTIONS /api/tasks/assigned 204 0 - 0.096 ms
2026-04-25 12:06:50:650 http: GET /api/tasks/assigned 200 1335 - 45.697 ms
2026-04-25 12:06:50:650 http: GET /api/tasks/assigned 304 - - 38.431 ms
2026-04-25 12:07:05:75 http: OPTIONS /api/tasks/69eb6ce3ad2d3e9c811d2e5e 204 0 - 0.101 ms
2026-04-25 12:07:05:75 http: PUT /api/tasks/69eb6ce3ad2d3e9c811d2e5e 200 876 - 35.953 ms
2026-04-25 12:07:19:719 http: OPTIONS /api/auth/refresh 204 0 - 0.224 ms
2026-04-25 12:07:19:719 http: OPTIONS /api/auth/refresh 204 0 - 0.081 ms
2026-04-25 12:07:19:719 http: POST /api/auth/refresh 200 936 - 32.784 ms
2026-04-25 12:07:19:719 http: POST /api/auth/refresh 200 936 - 33.964 ms
2026-04-25 12:07:19:719 http: OPTIONS /api/tasks/team 204 0 - 0.103 ms
2026-04-25 12:07:19:719 http: OPTIONS /api/tasks/team 204 0 - 0.133 ms
2026-04-25 12:07:20:720 http: GET /api/tasks/team 200 1433 - 63.501 ms
2026-04-25 12:07:20:720 http: GET /api/tasks/team 304 - - 40.006 ms
2026-04-25 12:07:23:723 http: OPTIONS /api/tasks/69eb6ce3ad2d3e9c811d2e5e 204 0 - 0.365 ms
2026-04-25 12:07:23:723 http: PUT /api/tasks/69eb6ce3ad2d3e9c811d2e5e 200 904 - 24.031 ms
2026-04-25 12:07:31:731 http: OPTIONS /api/auth/refresh 204 0 - 0.088 ms
2026-04-25 12:07:31:731 http: OPTIONS /api/auth/refresh 204 0 - 0.115 ms
2026-04-25 12:07:31:731 http: POST /api/auth/refresh 200 619 - 33.338 ms
2026-04-25 12:07:31:731 http: POST /api/auth/refresh 200 619 - 36.398 ms
2026-04-25 12:07:31:731 http: OPTIONS /api/tasks/assigned 204 0 - 0.096 ms
2026-04-25 12:07:31:731 http: OPTIONS /api/tasks/assigned 204 0 - 0.094 ms
2026-04-25 12:07:31:731 http: GET /api/tasks/assigned 200 1453 - 35.477 ms
2026-04-25 12:07:31:731 http: GET /api/tasks/assigned 304 - - 36.000 ms
2026-04-25 12:09:21:921 info: server is running on port 5000
2026-04-25 12:09:22:922 http: OPTIONS /api/auth/refresh 204 0 - 3.438 ms
2026-04-25 12:09:22:922 http: OPTIONS /api/auth/refresh 204 0 - 0.615 ms
2026-04-25 12:09:22:922 http: POST /api/auth/refresh 200 619 - 195.798 ms
2026-04-25 12:09:22:922 http: POST /api/auth/refresh 200 619 - 132.660 ms
2026-04-25 12:09:24:924 http: OPTIONS /api/tasks/assigned 204 0 - 0.449 ms
2026-04-25 12:09:24:924 http: OPTIONS /api/tasks/assigned 204 0 - 0.203 ms
2026-04-25 12:09:24:924 http: GET /api/tasks/assigned 304 - - 38.928 ms
2026-04-25 12:09:24:924 http: GET /api/tasks/assigned 304 - - 35.806 ms
2026-04-25 12:32:58:3258 http: OPTIONS /api/tasks/assigned 204 0 - 0.907 ms
2026-04-25 12:32:58:3258 http: GET /api/tasks/assigned 401 54 - 6.021 ms
2026-04-25 12:32:58:3258 http: OPTIONS /api/auth/refresh 204 0 - 0.102 ms
2026-04-25 12:32:58:3258 http: POST /api/auth/refresh 200 936 - 49.648 ms
2026-04-25 12:32:58:3258 http: GET /api/tasks/assigned 304 - - 17.861 ms
2026-04-25 12:33:00:330 http: OPTIONS /api/tasks/team 204 0 - 0.129 ms
2026-04-25 12:33:00:330 http: GET /api/tasks/team 200 1461 - 42.343 ms
2026-04-25 12:39:05:395 http: OPTIONS /api/projects?page=1&limit=10&search= 204 0 - 0.252 ms
2026-04-25 12:39:05:395 http: OPTIONS /api/projects?page=1&limit=10&search= 204 0 - 0.140 ms
2026-04-25 12:39:06:396 http: GET /api/projects?page=1&limit=10&search= 304 - - 145.285 ms
2026-04-25 12:39:06:396 http: GET /api/projects?page=1&limit=10&search= 304 - - 30.161 ms
2026-04-25 12:39:07:397 http: OPTIONS /api/sprints 204 0 - 0.240 ms
2026-04-25 12:39:07:397 http: OPTIONS /api/sprints 204 0 - 0.095 ms
2026-04-25 12:39:07:397 http: GET /api/sprints 304 - - 57.001 ms
2026-04-25 12:39:07:397 http: GET /api/sprints 304 - - 32.325 ms
2026-04-25 12:39:10:3910 http: OPTIONS /api/sprints/69eb69cfdeb7d4ce8582611e 204 0 - 0.286 ms
2026-04-25 12:39:10:3910 http: OPTIONS /api/sprints/69eb69cfdeb7d4ce8582611e 204 0 - 0.104 ms
2026-04-25 12:39:10:3910 http: GET /api/sprints/69eb69cfdeb7d4ce8582611e 304 - - 26.319 ms
2026-04-25 12:39:10:3910 http: OPTIONS /api/user-stories/sprint/69eb69cfdeb7d4ce8582611e 204 0 - 0.112 ms
2026-04-25 12:39:10:3910 http: GET /api/sprints/69eb69cfdeb7d4ce8582611e 304 - - 30.527 ms
2026-04-25 12:39:10:3910 http: GET /api/user-stories/sprint/69eb69cfdeb7d4ce8582611e 200 1645 - 23.912 ms
2026-04-25 12:39:10:3910 http: OPTIONS /api/teams/directory?search= 204 0 - 0.092 ms
2026-04-25 12:39:10:3910 http: GET /api/user-stories/sprint/69eb69cfdeb7d4ce8582611e 304 - - 23.361 ms
2026-04-25 12:39:10:3910 http: GET /api/teams/directory?search= 304 - - 33.798 ms
2026-04-25 12:39:10:3910 http: GET /api/teams/directory?search= 304 - - 18.696 ms
2026-04-25 12:39:12:3912 http: OPTIONS /api/tasks/story/69eb696edeb7d4ce858260f9 204 0 - 0.120 ms
2026-04-25 12:39:12:3912 http: GET /api/tasks/story/69eb696edeb7d4ce858260f9 304 - - 48.547 ms
2026-04-25 12:39:20:3920 http: OPTIONS /api/tasks/story/69eb6939deb7d4ce858260f1 204 0 - 0.076 ms
2026-04-25 12:39:20:3920 http: GET /api/tasks/story/69eb6939deb7d4ce858260f1 200 876 - 36.090 ms
2026-04-25 12:39:43:3943 http: OPTIONS /api/tasks/69eb6ce3ad2d3e9c811d2e5e 204 0 - 0.157 ms
2026-04-25 12:39:43:3943 http: PUT /api/tasks/69eb6ce3ad2d3e9c811d2e5e 401 54 - 1.302 ms
2026-04-25 12:39:43:3943 http: OPTIONS /api/auth/refresh 204 0 - 0.109 ms
2026-04-25 12:39:43:3943 http: POST /api/auth/refresh 200 619 - 31.902 ms
2026-04-25 12:39:43:3943 http: PUT /api/tasks/69eb6ce3ad2d3e9c811d2e5e 200 903 - 72.398 ms
2026-04-25 12:39:49:3949 http: OPTIONS /api/tasks/team 204 0 - 0.246 ms
2026-04-25 12:39:49:3949 http: OPTIONS /api/tasks/team 204 0 - 0.093 ms
2026-04-25 12:39:49:3949 http: GET /api/tasks/team 200 1460 - 40.190 ms
2026-04-25 12:39:49:3949 http: GET /api/tasks/team 304 - - 33.111 ms
2026-04-25 12:39:50:3950 http: OPTIONS /api/tasks/69eb6ce3ad2d3e9c811d2e5e 204 0 - 0.110 ms
2026-04-25 12:39:50:3950 http: PUT /api/tasks/69eb6ce3ad2d3e9c811d2e5e 200 898 - 20.302 ms
2026-04-25 12:39:54:3954 http: OPTIONS /api/auth/logout 204 0 - 0.141 ms
2026-04-25 12:39:54:3954 http: POST /api/auth/logout 200 39 - 16.527 ms
2026-04-25 12:40:04:404 http: OPTIONS /api/auth/login 204 0 - 0.096 ms
2026-04-25 12:40:04:404 http: POST /api/auth/login 200 621 - 94.536 ms
2026-04-25 12:40:08:408 http: OPTIONS /api/tasks/assigned 204 0 - 0.133 ms
2026-04-25 12:40:08:408 http: OPTIONS /api/tasks/assigned 204 0 - 0.134 ms
2026-04-25 12:40:08:408 http: GET /api/tasks/assigned 200 2090 - 46.381 ms
2026-04-25 12:40:08:408 http: GET /api/tasks/assigned 304 - - 49.632 ms
2026-04-25 12:40:18:4018 http: OPTIONS /api/tasks/69eb696edeb7d4ce858260f9 204 0 - 0.086 ms
2026-04-25 12:40:19:4019 http: PUT /api/tasks/69eb696edeb7d4ce858260f9 200 652 - 33.996 ms
2026-04-25 12:40:21:4021 http: OPTIONS /api/tasks/69eb6d3cad2d3e9c811d2eeb 204 0 - 0.096 ms
2026-04-25 12:40:21:4021 http: PUT /api/tasks/69eb6d3cad2d3e9c811d2eeb 200 755 - 21.957 ms
2026-04-25 12:40:25:4025 http: PUT /api/tasks/69eb6d3cad2d3e9c811d2eeb 200 852 - 45.567 ms
2026-04-25 12:40:30:4030 http: OPTIONS /api/auth/refresh 204 0 - 0.167 ms
2026-04-25 12:40:30:4030 http: OPTIONS /api/auth/refresh 204 0 - 0.356 ms
2026-04-25 12:40:30:4030 http: POST /api/auth/refresh 200 918 - 37.664 ms
2026-04-25 12:40:30:4030 http: POST /api/auth/refresh 200 918 - 66.261 ms
2026-04-25 12:40:30:4030 http: OPTIONS /api/tasks/team 204 0 - 0.159 ms
2026-04-25 12:40:30:4030 http: GET /api/tasks/team 200 2205 - 55.340 ms
2026-04-25 12:40:31:4031 http: GET /api/tasks/team 304 - - 55.626 ms
2026-04-25 12:40:32:4032 http: OPTIONS /api/tasks/69eb6d3cad2d3e9c811d2eeb 204 0 - 0.113 ms
2026-04-25 12:40:32:4032 http: PUT /api/tasks/69eb6d3cad2d3e9c811d2eeb 200 847 - 21.479 ms
2026-04-25 12:40:33:4033 http: OPTIONS /api/tasks/69eb696edeb7d4ce858260f9 204 0 - 0.057 ms
2026-04-25 12:40:33:4033 http: PUT /api/tasks/69eb696edeb7d4ce858260f9 200 647 - 13.674 ms
2026-04-25 12:40:34:4034 http: OPTIONS /api/projects?page=1&limit=10&search= 204 0 - 0.090 ms
2026-04-25 12:40:34:4034 http: OPTIONS /api/projects?page=1&limit=10&search= 204 0 - 0.089 ms
2026-04-25 12:40:34:4034 http: GET /api/projects?page=1&limit=10&search= 304 - - 29.014 ms
2026-04-25 12:40:34:4034 http: GET /api/projects?page=1&limit=10&search= 304 - - 20.617 ms
2026-04-25 12:40:37:4037 http: OPTIONS /api/sprints 204 0 - 0.091 ms
2026-04-25 12:40:37:4037 http: OPTIONS /api/sprints 204 0 - 0.104 ms
2026-04-25 12:40:37:4037 http: GET /api/sprints 304 - - 29.221 ms
2026-04-25 12:40:37:4037 http: GET /api/sprints 304 - - 32.479 ms
2026-04-25 12:40:39:4039 http: OPTIONS /api/sprints/69eb69cfdeb7d4ce8582611e 204 0 - 0.082 ms
2026-04-25 12:40:39:4039 http: OPTIONS /api/sprints/69eb69cfdeb7d4ce8582611e 204 0 - 0.058 ms
2026-04-25 12:40:40:4040 http: GET /api/sprints/69eb69cfdeb7d4ce8582611e 304 - - 17.384 ms
2026-04-25 12:40:40:4040 http: OPTIONS /api/user-stories/sprint/69eb69cfdeb7d4ce8582611e 204 0 - 0.111 ms
2026-04-25 12:40:40:4040 http: GET /api/sprints/69eb69cfdeb7d4ce8582611e 304 - - 20.937 ms
2026-04-25 12:40:40:4040 http: GET /api/user-stories/sprint/69eb69cfdeb7d4ce8582611e 200 1638 - 30.692 ms
2026-04-25 12:40:40:4040 http: OPTIONS /api/teams/directory?search= 204 0 - 0.085 ms
2026-04-25 12:40:40:4040 http: GET /api/user-stories/sprint/69eb69cfdeb7d4ce8582611e 304 - - 19.044 ms
2026-04-25 12:40:40:4040 http: GET /api/teams/directory?search= 304 - - 22.561 ms
2026-04-25 12:40:40:4040 http: GET /api/teams/directory?search= 304 - - 11.299 ms
2026-04-25 12:40:41:4041 http: OPTIONS /api/tasks/story/69eb6939deb7d4ce858260f1 204 0 - 0.148 ms
2026-04-25 12:40:41:4041 http: GET /api/tasks/story/69eb6939deb7d4ce858260f1 200 1609 - 39.913 ms
2026-04-25 12:40:49:4049 http: OPTIONS /api/sprints 204 0 - 0.110 ms
2026-04-25 12:40:49:4049 http: OPTIONS /api/sprints 204 0 - 0.097 ms
2026-04-25 12:40:49:4049 http: GET /api/sprints 304 - - 28.667 ms
2026-04-25 12:40:49:4049 http: GET /api/sprints 304 - - 26.687 ms
2026-04-25 12:40:51:4051 http: OPTIONS /api/sprints/69eb69cfdeb7d4ce8582611e 204 0 - 0.098 ms
2026-04-25 12:40:51:4051 http: OPTIONS /api/sprints/69eb69cfdeb7d4ce8582611e 204 0 - 0.092 ms
2026-04-25 12:40:51:4051 http: GET /api/sprints/69eb69cfdeb7d4ce8582611e 304 - - 18.875 ms
2026-04-25 12:40:51:4051 http: OPTIONS /api/user-stories/sprint/69eb69cfdeb7d4ce8582611e 204 0 - 0.085 ms
2026-04-25 12:40:51:4051 http: GET /api/sprints/69eb69cfdeb7d4ce8582611e 304 - - 24.662 ms
2026-04-25 12:40:51:4051 http: GET /api/user-stories/sprint/69eb69cfdeb7d4ce8582611e 200 1638 - 18.415 ms
2026-04-25 12:40:51:4051 http: OPTIONS /api/teams/directory?search= 204 0 - 0.130 ms
2026-04-25 12:40:51:4051 http: GET /api/user-stories/sprint/69eb69cfdeb7d4ce8582611e 304 - - 15.668 ms
2026-04-25 12:40:51:4051 http: GET /api/teams/directory?search= 304 - - 16.221 ms
2026-04-25 12:40:51:4051 http: GET /api/teams/directory?search= 304 - - 12.027 ms
2026-04-25 12:40:53:4053 http: OPTIONS /api/tasks/story/69eb6939deb7d4ce858260f1 204 0 - 0.068 ms
2026-04-25 12:40:53:4053 http: GET /api/tasks/story/69eb6939deb7d4ce858260f1 200 870 - 27.665 ms
2026-04-25 12:41:00:410 http: OPTIONS /api/auth/refresh 204 0 - 0.100 ms
2026-04-25 12:41:00:410 http: OPTIONS /api/auth/refresh 204 0 - 0.079 ms
2026-04-25 12:41:01:411 http: POST /api/auth/refresh 200 1202 - 58.399 ms
2026-04-25 12:41:01:411 http: POST /api/auth/refresh 200 1202 - 46.998 ms
2026-04-25 12:41:01:411 http: OPTIONS /api/tasks/all 204 0 - 0.133 ms
2026-04-25 12:41:01:411 http: OPTIONS /api/tasks/all 204 0 - 0.189 ms
2026-04-25 12:41:01:411 http: GET /api/tasks/all 200 3625 - 41.166 ms
2026-04-25 12:41:01:411 http: GET /api/tasks/all 304 - - 54.233 ms
2026-04-25 12:41:07:417 http: OPTIONS /api/sprints 204 0 - 0.086 ms
2026-04-25 12:41:07:417 http: OPTIONS /api/sprints 204 0 - 0.125 ms
2026-04-25 12:41:07:417 http: GET /api/sprints 304 - - 34.093 ms
2026-04-25 12:41:07:417 http: GET /api/sprints 304 - - 21.820 ms
2026-04-25 12:41:12:4112 http: OPTIONS /api/sprints/69eb69cfdeb7d4ce8582611e 204 0 - 0.071 ms
2026-04-25 12:41:12:4112 http: OPTIONS /api/sprints/69eb69cfdeb7d4ce8582611e 204 0 - 0.082 ms
2026-04-25 12:41:12:4112 http: GET /api/sprints/69eb69cfdeb7d4ce8582611e 304 - - 14.891 ms
2026-04-25 12:41:12:4112 http: OPTIONS /api/user-stories/sprint/69eb69cfdeb7d4ce8582611e 204 0 - 0.049 ms
2026-04-25 12:41:12:4112 http: GET /api/sprints/69eb69cfdeb7d4ce8582611e 304 - - 18.976 ms
2026-04-25 12:41:12:4112 http: GET /api/user-stories/sprint/69eb69cfdeb7d4ce8582611e 200 1638 - 13.009 ms
2026-04-25 12:41:12:4112 http: OPTIONS /api/teams/directory?search= 204 0 - 0.079 ms
2026-04-25 12:41:12:4112 http: GET /api/user-stories/sprint/69eb69cfdeb7d4ce8582611e 304 - - 11.447 ms
2026-04-25 12:41:12:4112 http: GET /api/teams/directory?search= 304 - - 17.744 ms
2026-04-25 12:41:12:4112 http: GET /api/teams/directory?search= 304 - - 17.159 ms
2026-04-25 12:41:14:4114 http: OPTIONS /api/tasks/story/69eb6939deb7d4ce858260f1 204 0 - 0.070 ms
2026-04-25 12:41:14:4114 http: GET /api/tasks/story/69eb6939deb7d4ce858260f1 200 2454 - 27.885 ms
2026-04-25 12:41:19:4119 http: OPTIONS /api/sprints/69eb69cfdeb7d4ce8582611e 204 0 - 0.076 ms
2026-04-25 12:41:19:4119 http: PATCH /api/sprints/69eb69cfdeb7d4ce8582611e 400 583 - 33.605 ms
2026-04-25 12:41:21:4121 http: PATCH /api/sprints/69eb69cfdeb7d4ce8582611e 400 583 - 10.199 ms
2026-04-25 12:47:14:4714 info: server is running on port 5000
2026-04-25 12:47:52:4752 info: server is running on port 5000
2026-04-25 12:55:46:5546 info: server is running on port 5000
2026-04-25 14:54:01:541 http: OPTIONS /api/company/teams?page=1&limit=10&search= 204 0 - 16.401 ms
2026-04-25 14:54:01:541 http: OPTIONS /api/company/teams?page=1&limit=10&search= 204 0 - 0.268 ms
2026-04-25 14:54:01:541 http: GET /api/company/teams?page=1&limit=10&search= 401 54 - 84.710 ms
2026-04-25 14:54:01:541 http: GET /api/company/teams?page=1&limit=10&search= 401 54 - 0.891 ms
2026-04-25 14:54:01:541 http: OPTIONS /api/auth/refresh 204 0 - 0.204 ms
2026-04-25 14:54:01:541 http: OPTIONS /api/auth/refresh 204 0 - 0.221 ms
2026-04-25 14:54:01:541 http: POST /api/auth/refresh 200 470 - 219.844 ms
2026-04-25 14:54:01:541 http: POST /api/auth/refresh 200 470 - 44.911 ms
2026-04-25 14:54:01:541 http: GET /api/company/teams?page=1&limit=10&search= 304 - - 113.311 ms
2026-04-25 14:54:01:541 http: GET /api/company/teams?page=1&limit=10&search= 304 - - 11.132 ms
2026-04-25 14:59:41:5941 http: OPTIONS /api/auth/refresh 204 0 - 6.944 ms
2026-04-25 14:59:41:5941 http: OPTIONS /api/auth/refresh 204 0 - 0.150 ms
2026-04-25 14:59:41:5941 http: POST /api/auth/refresh 200 470 - 45.490 ms
2026-04-25 14:59:41:5941 http: POST /api/auth/refresh 200 470 - 19.498 ms
2026-04-25 14:59:41:5941 http: OPTIONS /api/company/teams?page=1&limit=10&search= 204 0 - 0.198 ms
2026-04-25 14:59:41:5941 http: OPTIONS /api/company/teams?page=1&limit=10&search= 204 0 - 0.118 ms
2026-04-25 14:59:42:5942 http: GET /api/company/teams?page=1&limit=10&search= 304 - - 25.526 ms
2026-04-25 14:59:42:5942 http: GET /api/company/teams?page=1&limit=10&search= 304 - - 19.719 ms
2026-04-25 14:59:49:5949 http: OPTIONS /api/company/employees?page=1&limit=8&search= 204 0 - 0.144 ms
2026-04-25 14:59:49:5949 http: OPTIONS /api/company/employees?page=1&limit=8&search= 204 0 - 0.188 ms
2026-04-25 14:59:49:5949 http: GET /api/company/employees?page=1&limit=8&search= 304 - - 62.478 ms
2026-04-25 14:59:49:5949 http: GET /api/company/employees?page=1&limit=8&search= 304 - - 13.263 ms
2026-04-25 14:59:51:5951 http: OPTIONS /api/auth/refresh 204 0 - 0.142 ms
2026-04-25 14:59:51:5951 http: OPTIONS /api/auth/refresh 204 0 - 0.124 ms
2026-04-25 14:59:51:5951 http: POST /api/auth/refresh 200 470 - 22.169 ms
2026-04-25 14:59:51:5951 http: POST /api/auth/refresh 200 470 - 17.805 ms
2026-04-25 14:59:51:5951 http: GET /api/company/employees?page=1&limit=8&search= 304 - - 41.020 ms
2026-04-25 14:59:51:5951 http: GET /api/company/employees?page=1&limit=8&search= 304 - - 19.048 ms
2026-04-25 14:59:52:5952 http: OPTIONS /api/company/teams?page=1&limit=10&search= 204 0 - 0.258 ms
2026-04-25 14:59:52:5952 http: OPTIONS /api/company/teams?page=1&limit=10&search= 204 0 - 0.196 ms
2026-04-25 14:59:52:5952 http: GET /api/company/teams?page=1&limit=10&search= 304 - - 13.497 ms
2026-04-25 14:59:52:5952 http: GET /api/company/teams?page=1&limit=10&search= 304 - - 12.146 ms
2026-04-25 15:00:21:021 http: OPTIONS /api/auth/refresh 204 0 - 0.131 ms
2026-04-25 15:00:21:021 http: OPTIONS /api/auth/refresh 204 0 - 0.103 ms
2026-04-25 15:00:21:021 http: OPTIONS /api/auth/refresh 204 0 - 0.108 ms
2026-04-25 15:00:21:021 http: OPTIONS /api/auth/refresh 204 0 - 0.470 ms
2026-04-25 15:00:21:021 http: POST /api/auth/refresh 200 918 - 171.407 ms
2026-04-25 15:00:21:021 http: OPTIONS /api/auth/refresh 204 0 - 0.167 ms
2026-04-25 15:00:21:021 http: OPTIONS /api/auth/refresh 204 0 - 0.154 ms
2026-04-25 15:00:21:021 http: POST /api/auth/refresh 200 621 - 129.280 ms
2026-04-25 15:00:21:021 http: POST /api/auth/refresh 200 918 - 260.384 ms
2026-04-25 15:00:21:021 http: POST /api/auth/refresh 200 621 - 112.238 ms
2026-04-25 15:00:21:021 http: OPTIONS /api/auth/refresh 204 0 - 0.126 ms
2026-04-25 15:00:21:021 http: OPTIONS /api/auth/refresh 204 0 - 0.091 ms
2026-04-25 15:00:21:021 http: POST /api/auth/refresh 200 936 - 98.895 ms
2026-04-25 15:00:21:021 http: POST /api/auth/refresh 200 936 - 82.143 ms
2026-04-25 15:00:21:021 http: POST /api/auth/refresh 200 1202 - 63.651 ms
2026-04-25 15:00:21:021 http: POST /api/auth/refresh 200 1202 - 65.287 ms
2026-04-25 15:00:21:021 http: OPTIONS /api/sprints/69eb69cfdeb7d4ce8582611e 204 0 - 0.108 ms
2026-04-25 15:00:21:021 http: OPTIONS /api/tasks/assigned 204 0 - 0.105 ms
2026-04-25 15:00:21:021 http: OPTIONS /api/tasks/assigned 204 0 - 0.362 ms
2026-04-25 15:00:21:021 http: OPTIONS /api/sprints/69eb69cfdeb7d4ce8582611e 204 0 - 0.569 ms
2026-04-25 15:00:21:021 http: OPTIONS /api/sprints/69eb69cfdeb7d4ce8582611e 204 0 - 0.108 ms
2026-04-25 15:00:21:021 http: GET /api/sprints/69eb69cfdeb7d4ce8582611e 304 - - 65.018 ms
2026-04-25 15:00:21:021 http: OPTIONS /api/sprints/69eb69cfdeb7d4ce8582611e 204 0 - 0.106 ms
2026-04-25 15:00:21:021 http: OPTIONS /api/sprints/69eb69cfdeb7d4ce8582611e 204 0 - 0.085 ms
2026-04-25 15:00:21:021 http: OPTIONS /api/user-stories/sprint/69eb69cfdeb7d4ce8582611e 204 0 - 0.100 ms
2026-04-25 15:00:21:021 http: GET /api/sprints/69eb69cfdeb7d4ce8582611e 304 - - 55.785 ms
2026-04-25 15:00:21:021 http: OPTIONS /api/user-stories/sprint/69eb69cfdeb7d4ce8582611e 204 0 - 0.221 ms
2026-04-25 15:00:22:022 http: GET /api/sprints/69eb69cfdeb7d4ce8582611e 304 - - 78.086 ms
2026-04-25 15:00:22:022 http: GET /api/sprints/69eb69cfdeb7d4ce8582611e 304 - - 87.593 ms
2026-04-25 15:00:22:022 http: GET /api/user-stories/sprint/69eb69cfdeb7d4ce8582611e 304 - - 78.822 ms
2026-04-25 15:00:22:022 http: OPTIONS /api/user-stories/sprint/69eb69cfdeb7d4ce8582611e 204 0 - 0.153 ms
2026-04-25 15:00:22:022 http: OPTIONS /api/teams/directory?search= 204 0 - 0.084 ms
2026-04-25 15:00:22:022 http: GET /api/sprints/69eb69cfdeb7d4ce8582611e 304 - - 92.986 ms
2026-04-25 15:00:22:022 http: GET /api/user-stories/sprint/69eb69cfdeb7d4ce8582611e 304 - - 74.526 ms
2026-04-25 15:00:22:022 http: GET /api/tasks/assigned 200 2181 - 227.504 ms
2026-04-25 15:00:22:022 http: GET /api/user-stories/sprint/69eb69cfdeb7d4ce8582611e 304 - - 83.833 ms
2026-04-25 15:00:22:022 http: GET /api/sprints/69eb69cfdeb7d4ce8582611e 304 - - 98.935 ms
2026-04-25 15:00:22:022 http: GET /api/user-stories/sprint/69eb69cfdeb7d4ce8582611e 304 - - 79.243 ms
2026-04-25 15:00:22:022 http: OPTIONS /api/teams/directory?search= 204 0 - 0.090 ms
2026-04-25 15:00:22:022 http: GET /api/teams/directory?search= 304 - - 128.460 ms
2026-04-25 15:00:22:022 http: GET /api/user-stories/sprint/69eb69cfdeb7d4ce8582611e 304 - - 46.577 ms
2026-04-25 15:00:22:022 http: GET /api/teams/directory?search= 304 - - 41.537 ms
2026-04-25 15:00:22:022 http: OPTIONS /api/teams/directory?search= 204 0 - 0.096 ms
2026-04-25 15:00:22:022 http: GET /api/user-stories/sprint/69eb69cfdeb7d4ce8582611e 304 - - 49.087 ms
2026-04-25 15:00:22:022 http: GET /api/teams/directory?search= 304 - - 47.264 ms
2026-04-25 15:00:22:022 http: GET /api/teams/directory?search= 304 - - 45.112 ms
2026-04-25 15:00:22:022 http: GET /api/teams/directory?search= 304 - - 55.545 ms
2026-04-25 15:00:22:022 http: GET /api/tasks/assigned 304 - - 162.260 ms
2026-04-25 15:00:22:022 http: GET /api/teams/directory?search= 304 - - 23.367 ms
2026-04-25 15:02:36:236 info: server is running on port 5000
2026-04-25 15:02:38:238 http: OPTIONS /api/auth/refresh 204 0 - 3.064 ms
2026-04-25 15:02:38:238 http: OPTIONS /api/auth/refresh 204 0 - 0.325 ms
2026-04-25 15:02:38:238 http: POST /api/auth/refresh 200 470 - 246.881 ms
2026-04-25 15:02:39:239 http: POST /api/auth/refresh 200 470 - 109.194 ms
2026-04-25 15:02:40:240 http: OPTIONS /api/projects?page=1&limit=50&search=&status= 204 0 - 0.153 ms
2026-04-25 15:02:40:240 http: OPTIONS /api/projects?page=1&limit=50&search=&status= 204 0 - 0.220 ms
2026-04-25 15:02:40:240 http: GET /api/projects?page=1&limit=50&search=&status= 304 - - 38.403 ms
2026-04-25 15:02:40:240 http: GET /api/projects?page=1&limit=50&search=&status= 304 - - 18.534 ms
2026-04-25 15:02:42:242 http: OPTIONS /api/company/employees?page=1&limit=8&search= 204 0 - 0.189 ms
2026-04-25 15:02:42:242 http: OPTIONS /api/company/employees?page=1&limit=8&search= 204 0 - 0.843 ms
2026-04-25 15:02:42:242 http: GET /api/company/employees?page=1&limit=8&search= 304 - - 28.945 ms
2026-04-25 15:02:42:242 http: GET /api/company/employees?page=1&limit=8&search= 304 - - 20.609 ms
2026-04-25 15:02:45:245 http: OPTIONS /api/company/teams?page=1&limit=10&search= 204 0 - 0.300 ms
2026-04-25 15:02:45:245 http: OPTIONS /api/company/teams?page=1&limit=10&search= 204 0 - 0.140 ms
2026-04-25 15:02:46:246 http: GET /api/company/teams?page=1&limit=10&search= 304 - - 30.604 ms
2026-04-25 15:02:46:246 http: GET /api/company/teams?page=1&limit=10&search= 304 - - 21.540 ms
2026-04-25 15:15:08:158 http: OPTIONS /api/company/employees?page=1&limit=8&search= 204 0 - 2.718 ms
2026-04-25 15:15:08:158 http: OPTIONS /api/company/employees?page=1&limit=8&search= 204 0 - 0.157 ms
2026-04-25 15:15:08:158 http: GET /api/company/employees?page=1&limit=8&search= 304 - - 63.698 ms
2026-04-25 15:15:08:158 http: GET /api/company/employees?page=1&limit=8&search= 304 - - 27.024 ms
2026-04-25 15:15:13:1513 http: OPTIONS /api/company/employee/69df528617415c7f9a653845 204 0 - 0.243 ms
2026-04-25 15:15:13:1513 http: OPTIONS /api/company/teams?page=1&limit=10&search= 204 0 - 0.097 ms
2026-04-25 15:15:13:1513 http: OPTIONS /api/company/teams?page=1&limit=10&search= 204 0 - 0.112 ms
2026-04-25 15:15:13:1513 http: GET /api/company/teams?page=1&limit=10&search= 304 - - 58.837 ms
2026-04-25 15:15:13:1513 http: GET /api/company/employee/69df528617415c7f9a653845 200 963 - 71.399 ms
2026-04-25 15:15:13:1513 http: GET /api/company/teams?page=1&limit=10&search= 304 - - 23.716 ms
2026-04-25 15:15:13:1513 http: GET /api/company/employee/69df528617415c7f9a653845 304 - - 32.239 ms
2026-04-25 15:15:22:1522 http: OPTIONS /api/company/employees?page=1&limit=8&search= 204 0 - 0.338 ms
2026-04-25 15:15:22:1522 http: OPTIONS /api/company/employees?page=1&limit=8&search= 204 0 - 0.120 ms
2026-04-25 15:15:22:1522 http: GET /api/company/employees?page=1&limit=8&search= 304 - - 24.950 ms
2026-04-25 15:15:22:1522 http: GET /api/company/employees?page=1&limit=8&search= 304 - - 19.859 ms
2026-04-25 15:15:25:1525 http: OPTIONS /api/company/employee/69df521417415c7f9a65382c 204 0 - 0.102 ms
2026-04-25 15:15:25:1525 http: OPTIONS /api/company/employee/69df521417415c7f9a65382c 204 0 - 0.106 ms
2026-04-25 15:15:25:1525 http: OPTIONS /api/company/teams?page=1&limit=10&search= 204 0 - 0.108 ms
2026-04-25 15:15:25:1525 http: OPTIONS /api/company/teams?page=1&limit=10&search= 204 0 - 0.092 ms
2026-04-25 15:15:25:1525 http: GET /api/company/teams?page=1&limit=10&search= 304 - - 22.936 ms
2026-04-25 15:15:25:1525 http: GET /api/company/employee/69df521417415c7f9a65382c 200 1047 - 32.008 ms
2026-04-25 15:15:25:1525 http: GET /api/company/teams?page=1&limit=10&search= 304 - - 28.380 ms
2026-04-25 15:15:25:1525 http: GET /api/company/employee/69df521417415c7f9a65382c 304 - - 32.995 ms
2026-04-25 15:15:33:1533 http: OPTIONS /api/company/employee/69df521417415c7f9a65382c 204 0 - 0.221 ms
2026-04-25 15:15:33:1533 http: PUT /api/company/employee/69df521417415c7f9a65382c 200 1096 - 74.068 ms
2026-04-25 15:15:34:1534 http: OPTIONS /api/company/employees?page=1&limit=8&search= 204 0 - 0.126 ms
2026-04-25 15:15:34:1534 http: GET /api/company/employees?page=1&limit=8&search= 304 - - 23.924 ms
2026-04-25 15:15:34:1534 http: GET /api/company/employees?page=1&limit=8&search= 304 - - 21.429 ms
2026-04-25 15:15:38:1538 http: OPTIONS /api/company/employee/69e8a8f227ca04befa038ec4 204 0 - 0.174 ms
2026-04-25 15:15:38:1538 http: OPTIONS /api/company/teams?page=1&limit=10&search= 204 0 - 0.087 ms
2026-04-25 15:15:38:1538 http: OPTIONS /api/company/teams?page=1&limit=10&search= 204 0 - 0.605 ms
2026-04-25 15:15:38:1538 http: GET /api/company/employee/69e8a8f227ca04befa038ec4 200 1038 - 32.463 ms
2026-04-25 15:15:38:1538 http: GET /api/company/teams?page=1&limit=10&search= 304 - - 29.218 ms
2026-04-25 15:15:38:1538 http: GET /api/company/employee/69e8a8f227ca04befa038ec4 304 - - 29.058 ms
2026-04-25 15:15:38:1538 http: GET /api/company/teams?page=1&limit=10&search= 304 - - 29.792 ms
2026-04-25 15:15:43:1543 http: OPTIONS /api/company/employee/69e8a8f227ca04befa038ec4 204 0 - 0.149 ms
2026-04-25 15:15:44:1544 http: PUT /api/company/employee/69e8a8f227ca04befa038ec4 200 1087 - 43.144 ms
2026-04-25 15:15:45:1545 http: OPTIONS /api/company/employees?page=1&limit=8&search= 204 0 - 0.078 ms
2026-04-25 15:15:45:1545 http: OPTIONS /api/company/employees?page=1&limit=8&search= 204 0 - 0.084 ms
2026-04-25 15:15:45:1545 http: GET /api/company/employees?page=1&limit=8&search= 304 - - 12.660 ms
2026-04-25 15:15:45:1545 http: GET /api/company/employees?page=1&limit=8&search= 304 - - 19.848 ms
2026-04-25 15:16:01:161 http: OPTIONS /api/auth/refresh 204 0 - 0.094 ms
2026-04-25 15:16:01:161 http: OPTIONS /api/auth/refresh 204 0 - 0.098 ms
2026-04-25 15:16:01:161 http: POST /api/auth/refresh 200 981 - 84.398 ms
2026-04-25 15:16:01:161 http: POST /api/auth/refresh 200 981 - 93.574 ms
2026-04-25 15:16:04:164 http: OPTIONS /api/projects?page=1&limit=10&search= 204 0 - 0.093 ms
2026-04-25 15:16:04:164 http: OPTIONS /api/projects?page=1&limit=10&search= 204 0 - 0.141 ms
2026-04-25 15:16:04:164 http: GET /api/projects?page=1&limit=10&search= 304 - - 20.526 ms
2026-04-25 15:16:04:164 http: GET /api/projects?page=1&limit=10&search= 304 - - 29.688 ms
2026-04-25 15:16:05:165 http: OPTIONS /api/user-stories/project/69eb541b407b185bf6a3e558 204 0 - 0.097 ms
2026-04-25 15:16:05:165 http: GET /api/user-stories/project/69eb541b407b185bf6a3e558 200 26 - 11.227 ms
2026-04-25 15:16:07:167 http: OPTIONS /api/user-stories/project/69eb5440407b185bf6a3e56c 204 0 - 0.109 ms
2026-04-25 15:16:07:167 http: GET /api/user-stories/project/69eb5440407b185bf6a3e56c 200 1638 - 18.414 ms
2026-04-25 15:16:25:1625 http: OPTIONS /api/auth/refresh 204 0 - 0.106 ms
2026-04-25 15:16:25:1625 http: OPTIONS /api/auth/refresh 204 0 - 0.238 ms
2026-04-25 15:16:25:1625 http: POST /api/auth/refresh 200 1202 - 106.056 ms
2026-04-25 15:16:25:1625 http: POST /api/auth/refresh 200 1202 - 136.549 ms
2026-04-25 15:16:27:1627 http: OPTIONS /api/projects?page=1&limit=10&search= 204 0 - 0.179 ms
2026-04-25 15:16:27:1627 http: OPTIONS /api/projects?page=1&limit=10&search= 204 0 - 0.118 ms
2026-04-25 15:16:27:1627 http: GET /api/projects?page=1&limit=10&search= 304 - - 23.990 ms
2026-04-25 15:16:27:1627 http: GET /api/projects?page=1&limit=10&search= 304 - - 23.382 ms
2026-04-25 15:17:21:1721 http: OPTIONS /api/user-stories 204 0 - 0.097 ms
2026-04-25 15:17:21:1721 http: POST /api/user-stories 201 447 - 65.271 ms
2026-04-25 15:17:21:1721 http: OPTIONS /api/user-stories/project/69eb541b407b185bf6a3e558 204 0 - 0.176 ms
2026-04-25 15:17:21:1721 http: GET /api/user-stories/project/69eb541b407b185bf6a3e558 200 493 - 26.711 ms
2026-04-25 15:18:03:183 http: OPTIONS /api/user-stories 204 0 - 0.092 ms
2026-04-25 15:18:03:183 http: POST /api/user-stories 201 529 - 18.230 ms
2026-04-25 15:18:03:183 http: OPTIONS /api/user-stories/project/69eb541b407b185bf6a3e558 204 0 - 1.188 ms
2026-04-25 15:18:03:183 http: GET /api/user-stories/project/69eb541b407b185bf6a3e558 200 1043 - 30.024 ms
2026-04-25 15:18:40:1840 http: OPTIONS /api/user-stories 204 0 - 0.099 ms
2026-04-25 15:18:40:1840 http: POST /api/user-stories 201 439 - 21.055 ms
2026-04-25 15:18:40:1840 http: OPTIONS /api/user-stories/project/69eb541b407b185bf6a3e558 204 0 - 0.063 ms
2026-04-25 15:18:41:1841 http: GET /api/user-stories/project/69eb541b407b185bf6a3e558 200 1503 - 16.293 ms
2026-04-25 15:18:44:1844 http: OPTIONS /api/sprints 204 0 - 0.095 ms
2026-04-25 15:18:44:1844 http: OPTIONS /api/sprints 204 0 - 0.120 ms
2026-04-25 15:18:44:1844 http: GET /api/sprints 304 - - 50.557 ms
2026-04-25 15:18:44:1844 http: GET /api/sprints 304 - - 37.449 ms
2026-04-25 15:18:48:1848 http: OPTIONS /api/sprints/69eb69cfdeb7d4ce8582611e 204 0 - 0.062 ms
2026-04-25 15:18:48:1848 http: PATCH /api/sprints/69eb69cfdeb7d4ce8582611e 400 583 - 18.117 ms
2026-04-25 15:18:53:1853 http: OPTIONS /api/projects?page=1&limit=10&search= 204 0 - 0.141 ms
2026-04-25 15:18:53:1853 http: GET /api/projects?page=1&limit=10&search= 304 - - 24.526 ms
2026-04-25 15:19:25:1925 http: OPTIONS /api/sprints 204 0 - 0.113 ms
2026-04-25 15:19:25:1925 http: POST /api/sprints 201 478 - 17.923 ms
2026-04-25 15:19:26:1926 http: GET /api/sprints 200 913 - 44.541 ms
2026-04-25 15:20:19:2019 http: OPTIONS /api/sprints/69ec8e25ca3e778bcb899692 204 0 - 0.147 ms
2026-04-25 15:20:19:2019 http: OPTIONS /api/projects?page=1&limit=10&search= 204 0 - 0.283 ms
2026-04-25 15:20:19:2019 http: OPTIONS /api/sprints/69ec8e25ca3e778bcb899692 204 0 - 0.160 ms
2026-04-25 15:20:19:2019 http: OPTIONS /api/projects?page=1&limit=10&search= 204 0 - 0.192 ms
2026-04-25 15:20:19:2019 http: GET /api/sprints/69ec8e25ca3e778bcb899692 200 476 - 54.032 ms
2026-04-25 15:20:19:2019 http: GET /api/sprints/69ec8e25ca3e778bcb899692 304 - - 20.454 ms
2026-04-25 15:20:19:2019 http: GET /api/projects?page=1&limit=10&search= 304 - - 73.425 ms
2026-04-25 15:20:19:2019 http: OPTIONS /api/user-stories/sprint/69ec8e25ca3e778bcb899692 204 0 - 0.083 ms
2026-04-25 15:20:19:2019 http: OPTIONS /api/user-stories/project/69eb5440407b185bf6a3e56c 204 0 - 0.090 ms
2026-04-25 15:20:19:2019 http: GET /api/user-stories/sprint/69ec8e25ca3e778bcb899692 200 26 - 25.006 ms
2026-04-25 15:20:19:2019 http: GET /api/user-stories/project/69eb5440407b185bf6a3e56c 200 1638 - 51.225 ms
2026-04-25 15:20:19:2019 http: GET /api/projects?page=1&limit=10&search= 304 - - 112.183 ms
2026-04-25 15:20:19:2019 http: GET /api/user-stories/sprint/69ec8e25ca3e778bcb899692 304 - - 9.136 ms
2026-04-25 15:20:19:2019 http: GET /api/user-stories/project/69eb5440407b185bf6a3e56c 304 - - 27.372 ms
2026-04-25 15:20:21:2021 http: OPTIONS /api/user-stories/project/69eb541b407b185bf6a3e558 204 0 - 0.180 ms
2026-04-25 15:20:21:2021 http: GET /api/user-stories/project/69eb541b407b185bf6a3e558 304 - - 11.384 ms
2026-04-25 15:20:22:2022 http: OPTIONS /api/user-stories/69ec8df8ca3e778bcb89966d 204 0 - 0.064 ms
2026-04-25 15:20:22:2022 http: PUT /api/user-stories/69ec8df8ca3e778bcb89966d 200 570 - 14.405 ms
2026-04-25 15:20:24:2024 http: OPTIONS /api/user-stories/69ec8dd3ca3e778bcb899663 204 0 - 0.100 ms
2026-04-25 15:20:24:2024 http: PUT /api/user-stories/69ec8dd3ca3e778bcb899663 200 660 - 10.794 ms
2026-04-25 15:20:25:2025 http: OPTIONS /api/user-stories/69ec8da9ca3e778bcb899659 204 0 - 0.054 ms
2026-04-25 15:20:25:2025 http: PUT /api/user-stories/69ec8da9ca3e778bcb899659 200 578 - 12.296 ms
2026-04-25 15:20:26:2026 http: OPTIONS /api/sprints 204 0 - 0.127 ms
2026-04-25 15:20:26:2026 http: OPTIONS /api/sprints 204 0 - 0.162 ms
2026-04-25 15:20:26:2026 http: GET /api/sprints 200 913 - 34.134 ms
2026-04-25 15:20:26:2026 http: GET /api/sprints 304 - - 30.629 ms
2026-04-25 15:20:31:2031 http: OPTIONS /api/sprints/69ec8e25ca3e778bcb899692 204 0 - 0.068 ms
2026-04-25 15:20:31:2031 http: PATCH /api/sprints/69ec8e25ca3e778bcb899692 200 477 - 7.365 ms
2026-04-25 15:20:31:2031 http: GET /api/sprints 200 912 - 40.988 ms
2026-04-25 15:20:48:2048 http: OPTIONS /api/sprints/69ec8e25ca3e778bcb899692 204 0 - 0.102 ms
2026-04-25 15:20:48:2048 http: OPTIONS /api/sprints/69ec8e25ca3e778bcb899692 204 0 - 0.074 ms
2026-04-25 15:20:48:2048 http: GET /api/sprints/69ec8e25ca3e778bcb899692 200 475 - 16.167 ms
2026-04-25 15:20:48:2048 http: OPTIONS /api/user-stories/sprint/69ec8e25ca3e778bcb899692 204 0 - 0.078 ms
2026-04-25 15:20:48:2048 http: GET /api/sprints/69ec8e25ca3e778bcb899692 304 - - 22.128 ms
2026-04-25 15:20:48:2048 http: GET /api/user-stories/sprint/69ec8e25ca3e778bcb899692 200 1632 - 16.101 ms
2026-04-25 15:20:48:2048 http: OPTIONS /api/teams/directory?search= 204 0 - 0.049 ms
2026-04-25 15:20:48:2048 http: GET /api/user-stories/sprint/69ec8e25ca3e778bcb899692 304 - - 14.531 ms
2026-04-25 15:20:48:2048 http: GET /api/teams/directory?search= 304 - - 21.503 ms
2026-04-25 15:20:48:2048 http: GET /api/teams/directory?search= 304 - - 15.364 ms
2026-04-25 15:21:02:212 http: OPTIONS /api/auth/refresh 204 0 - 0.096 ms
2026-04-25 15:21:02:212 http: OPTIONS /api/auth/refresh 204 0 - 0.093 ms
2026-04-25 15:21:02:212 http: POST /api/auth/refresh 200 999 - 44.275 ms
2026-04-25 15:21:02:212 http: POST /api/auth/refresh 200 999 - 47.884 ms
2026-04-25 15:21:02:212 http: OPTIONS /api/sprints/69eb69cfdeb7d4ce8582611e 204 0 - 0.139 ms
2026-04-25 15:21:02:212 http: OPTIONS /api/sprints/69eb69cfdeb7d4ce8582611e 204 0 - 0.081 ms
2026-04-25 15:21:02:212 http: GET /api/sprints/69eb69cfdeb7d4ce8582611e 304 - - 13.851 ms
2026-04-25 15:21:02:212 http: OPTIONS /api/user-stories/sprint/69eb69cfdeb7d4ce8582611e 204 0 - 0.085 ms
2026-04-25 15:21:02:212 http: GET /api/sprints/69eb69cfdeb7d4ce8582611e 304 - - 39.916 ms
2026-04-25 15:21:02:212 http: GET /api/user-stories/sprint/69eb69cfdeb7d4ce8582611e 304 - - 27.717 ms
2026-04-25 15:21:02:212 http: OPTIONS /api/teams/directory?search= 204 0 - 0.065 ms
2026-04-25 15:21:02:212 http: GET /api/user-stories/sprint/69eb69cfdeb7d4ce8582611e 304 - - 18.532 ms
2026-04-25 15:21:02:212 http: GET /api/teams/directory?search= 304 - - 24.614 ms
2026-04-25 15:21:02:212 http: GET /api/teams/directory?search= 304 - - 18.422 ms
2026-04-25 15:21:13:2113 http: OPTIONS /api/sprints 204 0 - 0.060 ms
2026-04-25 15:21:13:2113 http: OPTIONS /api/sprints 204 0 - 0.110 ms
2026-04-25 15:21:13:2113 http: GET /api/sprints 200 912 - 54.437 ms
2026-04-25 15:21:13:2113 http: GET /api/sprints 304 - - 30.524 ms
2026-04-25 15:21:17:2117 http: OPTIONS /api/sprints/69ec8e25ca3e778bcb899692 204 0 - 0.098 ms
2026-04-25 15:21:17:2117 http: OPTIONS /api/sprints/69ec8e25ca3e778bcb899692 204 0 - 0.075 ms
2026-04-25 15:21:17:2117 http: GET /api/sprints/69ec8e25ca3e778bcb899692 200 475 - 26.175 ms
2026-04-25 15:21:17:2117 http: OPTIONS /api/user-stories/sprint/69ec8e25ca3e778bcb899692 204 0 - 0.133 ms
2026-04-25 15:21:17:2117 http: GET /api/sprints/69ec8e25ca3e778bcb899692 304 - - 31.956 ms
2026-04-25 15:21:17:2117 http: GET /api/user-stories/sprint/69ec8e25ca3e778bcb899692 200 1632 - 25.255 ms
2026-04-25 15:21:17:2117 http: OPTIONS /api/teams/directory?search= 204 0 - 0.103 ms
2026-04-25 15:21:17:2117 http: GET /api/user-stories/sprint/69ec8e25ca3e778bcb899692 304 - - 19.583 ms
2026-04-25 15:21:17:2117 http: GET /api/teams/directory?search= 304 - - 24.040 ms
2026-04-25 15:21:17:2117 http: GET /api/teams/directory?search= 304 - - 15.860 ms
2026-04-25 15:21:20:2120 http: OPTIONS /api/sprints 204 0 - 0.079 ms
2026-04-25 15:21:20:2120 http: OPTIONS /api/sprints 204 0 - 0.120 ms
2026-04-25 15:21:20:2120 http: GET /api/sprints 304 - - 44.253 ms
2026-04-25 15:21:20:2120 http: GET /api/sprints 304 - - 32.393 ms
2026-04-25 15:21:22:2122 http: OPTIONS /api/sprints/69ec8e25ca3e778bcb899692 204 0 - 0.085 ms
2026-04-25 15:21:22:2122 http: OPTIONS /api/sprints/69ec8e25ca3e778bcb899692 204 0 - 0.109 ms
2026-04-25 15:21:22:2122 http: GET /api/sprints/69ec8e25ca3e778bcb899692 304 - - 10.789 ms
2026-04-25 15:21:22:2122 http: OPTIONS /api/user-stories/sprint/69ec8e25ca3e778bcb899692 204 0 - 0.119 ms
2026-04-25 15:21:22:2122 http: GET /api/sprints/69ec8e25ca3e778bcb899692 304 - - 22.054 ms
2026-04-25 15:21:22:2122 http: GET /api/user-stories/sprint/69ec8e25ca3e778bcb899692 304 - - 18.555 ms
2026-04-25 15:21:22:2122 http: OPTIONS /api/teams/directory?search= 204 0 - 0.084 ms
2026-04-25 15:21:22:2122 http: GET /api/user-stories/sprint/69ec8e25ca3e778bcb899692 304 - - 22.789 ms
2026-04-25 15:21:22:2122 http: GET /api/teams/directory?search= 304 - - 23.719 ms
2026-04-25 15:21:22:2122 http: GET /api/teams/directory?search= 304 - - 13.335 ms
2026-04-25 15:25:32:2532 http: OPTIONS /api/sprints/69ec8e25ca3e778bcb899692 204 0 - 0.107 ms
2026-04-25 15:25:32:2532 http: GET /api/sprints/69ec8e25ca3e778bcb899692 304 - - 137.980 ms
2026-04-25 15:25:32:2532 http: OPTIONS /api/user-stories/sprint/69ec8e25ca3e778bcb899692 204 0 - 0.099 ms
2026-04-25 15:25:32:2532 http: GET /api/user-stories/sprint/69ec8e25ca3e778bcb899692 304 - - 18.396 ms
2026-04-25 15:25:32:2532 http: OPTIONS /api/teams/directory?search= 204 0 - 0.075 ms
2026-04-25 15:25:32:2532 http: GET /api/teams/directory?search= 304 - - 18.887 ms
2026-04-25 15:25:33:2533 http: OPTIONS /api/sprints/69ec8e25ca3e778bcb899692 204 0 - 0.049 ms
2026-04-25 15:25:33:2533 http: GET /api/sprints/69ec8e25ca3e778bcb899692 304 - - 13.610 ms
2026-04-25 15:25:33:2533 http: OPTIONS /api/user-stories/sprint/69ec8e25ca3e778bcb899692 204 0 - 0.082 ms
2026-04-25 15:25:33:2533 http: GET /api/user-stories/sprint/69ec8e25ca3e778bcb899692 304 - - 39.830 ms
2026-04-25 15:25:33:2533 http: OPTIONS /api/teams/directory?search= 204 0 - 0.076 ms
2026-04-25 15:25:33:2533 http: GET /api/teams/directory?search= 304 - - 29.321 ms
2026-04-25 15:27:25:2725 http: OPTIONS /api/auth/refresh 204 0 - 0.147 ms
2026-04-25 15:27:25:2725 http: OPTIONS /api/auth/refresh 204 0 - 0.092 ms
2026-04-25 15:27:25:2725 http: POST /api/auth/refresh 200 1202 - 51.633 ms
2026-04-25 15:27:25:2725 http: POST /api/auth/refresh 200 1202 - 72.761 ms
2026-04-25 15:27:26:2726 http: OPTIONS /api/sprints/69ec8e25ca3e778bcb899692 204 0 - 0.077 ms
2026-04-25 15:27:26:2726 http: OPTIONS /api/sprints/69ec8e25ca3e778bcb899692 204 0 - 0.082 ms
2026-04-25 15:27:26:2726 http: GET /api/sprints/69ec8e25ca3e778bcb899692 304 - - 39.900 ms
2026-04-25 15:27:26:2726 http: OPTIONS /api/user-stories/sprint/69ec8e25ca3e778bcb899692 204 0 - 0.255 ms
2026-04-25 15:27:26:2726 http: GET /api/sprints/69ec8e25ca3e778bcb899692 304 - - 50.046 ms
2026-04-25 15:27:26:2726 http: GET /api/user-stories/sprint/69ec8e25ca3e778bcb899692 304 - - 23.851 ms
2026-04-25 15:27:26:2726 http: OPTIONS /api/teams/directory?search= 204 0 - 0.087 ms
2026-04-25 15:27:26:2726 http: GET /api/user-stories/sprint/69ec8e25ca3e778bcb899692 304 - - 25.569 ms
2026-04-25 15:27:26:2726 http: GET /api/teams/directory?search= 304 - - 29.397 ms
2026-04-25 15:27:26:2726 http: GET /api/teams/directory?search= 304 - - 23.289 ms
2026-04-25 15:44:30:4430 http: OPTIONS /api/sprints 204 0 - 0.310 ms
2026-04-25 15:44:30:4430 http: OPTIONS /api/sprints 204 0 - 0.137 ms
2026-04-25 15:44:30:4430 http: GET /api/sprints 401 54 - 3.599 ms
2026-04-25 15:44:30:4430 http: GET /api/sprints 401 54 - 2.633 ms
2026-04-25 15:44:30:4430 http: OPTIONS /api/auth/refresh 204 0 - 0.075 ms
2026-04-25 15:44:30:4430 http: OPTIONS /api/auth/refresh 204 0 - 0.226 ms
2026-04-25 15:44:30:4430 http: POST /api/auth/refresh 200 1202 - 36.577 ms
2026-04-25 15:44:30:4430 http: POST /api/auth/refresh 200 1202 - 36.050 ms
2026-04-25 15:44:30:4430 http: GET /api/sprints 304 - - 34.683 ms
2026-04-25 15:44:30:4430 http: GET /api/sprints 304 - - 29.850 ms
2026-04-25 15:44:39:4439 http: OPTIONS /api/sprints/69eb69cfdeb7d4ce8582611e 204 0 - 0.080 ms
2026-04-25 15:44:39:4439 http: OPTIONS /api/sprints/69eb69cfdeb7d4ce8582611e 204 0 - 0.076 ms
2026-04-25 15:44:39:4439 http: GET /api/sprints/69eb69cfdeb7d4ce8582611e 304 - - 18.496 ms
2026-04-25 15:44:39:4439 http: OPTIONS /api/user-stories/sprint/69eb69cfdeb7d4ce8582611e 204 0 - 0.092 ms
2026-04-25 15:44:40:4440 http: GET /api/sprints/69eb69cfdeb7d4ce8582611e 304 - - 22.311 ms
2026-04-25 15:44:40:4440 http: GET /api/user-stories/sprint/69eb69cfdeb7d4ce8582611e 304 - - 17.032 ms
2026-04-25 15:44:40:4440 http: OPTIONS /api/teams/directory?search= 204 0 - 0.093 ms
2026-04-25 15:44:40:4440 http: GET /api/user-stories/sprint/69eb69cfdeb7d4ce8582611e 304 - - 15.484 ms
2026-04-25 15:44:40:4440 http: GET /api/teams/directory?search= 304 - - 18.836 ms
2026-04-25 15:44:40:4440 http: GET /api/teams/directory?search= 304 - - 16.964 ms
2026-04-25 15:44:42:4442 http: OPTIONS /api/sprints 204 0 - 0.093 ms
2026-04-25 15:44:42:4442 http: OPTIONS /api/sprints 204 0 - 0.078 ms
2026-04-25 15:44:42:4442 http: GET /api/sprints 304 - - 81.410 ms
2026-04-25 15:44:42:4442 http: GET /api/sprints 304 - - 37.154 ms
2026-04-25 15:44:44:4444 http: GET /api/sprints/69eb69cfdeb7d4ce8582611e 304 - - 13.826 ms
2026-04-25 15:44:44:4444 http: GET /api/sprints/69eb69cfdeb7d4ce8582611e 304 - - 19.301 ms
2026-04-25 15:44:44:4444 http: GET /api/user-stories/sprint/69eb69cfdeb7d4ce8582611e 304 - - 19.776 ms
2026-04-25 15:44:44:4444 http: GET /api/user-stories/sprint/69eb69cfdeb7d4ce8582611e 304 - - 20.806 ms
2026-04-25 15:44:44:4444 http: GET /api/teams/directory?search= 304 - - 24.699 ms
2026-04-25 15:44:44:4444 http: GET /api/teams/directory?search= 304 - - 12.242 ms
2026-04-25 16:01:18:118 http: OPTIONS /api/sprints/69eb69cfdeb7d4ce8582611e 204 0 - 0.174 ms
2026-04-25 16:01:18:118 http: PATCH /api/sprints/69eb69cfdeb7d4ce8582611e 401 54 - 1.183 ms
2026-04-25 16:01:18:118 http: OPTIONS /api/auth/refresh 204 0 - 0.217 ms
2026-04-25 16:01:18:118 http: POST /api/auth/refresh 200 1202 - 19.581 ms
2026-04-25 16:01:18:118 http: PATCH /api/sprints/69eb69cfdeb7d4ce8582611e 400 583 - 23.100 ms
2026-04-25 16:01:22:122 http: PATCH /api/sprints/69eb69cfdeb7d4ce8582611e 400 583 - 8.553 ms
2026-04-25 16:01:49:149 http: OPTIONS /api/sprints/69eb69cfdeb7d4ce8582611e 204 0 - 0.155 ms
2026-04-25 16:01:49:149 http: PATCH /api/sprints/69eb69cfdeb7d4ce8582611e 400 583 - 6.867 ms
2026-04-25 16:08:58:858 info: server is running on port 5000
2026-04-25 16:12:19:1219 http: OPTIONS /api/tasks/story/69eb6939deb7d4ce858260f1 204 0 - 3.032 ms
2026-04-25 16:12:19:1219 http: GET /api/tasks/story/69eb6939deb7d4ce858260f1 304 - - 79.318 ms
2026-04-25 16:13:05:135 info: server is running on port 5000
2026-04-25 16:13:26:1326 info: server is running on port 5000
2026-04-25 16:16:37:1637 http: OPTIONS /api/projects?page=1&limit=8&search= 204 0 - 2.175 ms
2026-04-25 16:16:37:1637 http: OPTIONS /api/projects?page=1&limit=8&search= 204 0 - 0.181 ms
2026-04-25 16:16:37:1637 http: GET /api/projects?page=1&limit=8&search= 401 54 - 33.362 ms
2026-04-25 16:16:37:1637 http: GET /api/projects?page=1&limit=8&search= 401 54 - 4.275 ms
2026-04-25 16:16:37:1637 http: OPTIONS /api/auth/refresh 204 0 - 0.232 ms
2026-04-25 16:16:37:1637 http: OPTIONS /api/auth/refresh 204 0 - 0.124 ms
2026-04-25 16:16:38:1638 http: POST /api/auth/refresh 200 1202 - 124.601 ms
2026-04-25 16:16:38:1638 http: POST /api/auth/refresh 200 1202 - 97.093 ms
2026-04-25 16:16:38:1638 http: GET /api/projects?page=1&limit=8&search= 304 - - 56.696 ms
2026-04-25 16:16:38:1638 http: GET /api/projects?page=1&limit=8&search= 304 - - 23.746 ms
2026-04-25 16:16:41:1641 http: OPTIONS /api/projects?page=1&limit=10&search= 204 0 - 0.212 ms
2026-04-25 16:16:41:1641 http: OPTIONS /api/projects?page=1&limit=10&search= 204 0 - 0.245 ms
2026-04-25 16:16:41:1641 http: GET /api/projects?page=1&limit=10&search= 304 - - 21.174 ms
2026-04-25 16:16:41:1641 http: GET /api/projects?page=1&limit=10&search= 304 - - 18.985 ms
2026-04-25 16:16:43:1643 http: OPTIONS /api/user-stories/project/69eb5440407b185bf6a3e56c 204 0 - 0.159 ms
2026-04-25 16:16:43:1643 http: GET /api/user-stories/project/69eb5440407b185bf6a3e56c 304 - - 14.027 ms
2026-04-25 16:16:53:1653 http: OPTIONS /api/sprints 204 0 - 0.137 ms
2026-04-25 16:16:53:1653 http: OPTIONS /api/sprints 204 0 - 0.138 ms
2026-04-25 16:16:53:1653 http: GET /api/sprints 304 - - 32.504 ms
2026-04-25 16:16:53:1653 http: GET /api/sprints 304 - - 32.239 ms
2026-04-25 16:16:57:1657 http: OPTIONS /api/sprints/69ec8e25ca3e778bcb899692 204 0 - 0.459 ms
2026-04-25 16:16:57:1657 http: OPTIONS /api/sprints/69ec8e25ca3e778bcb899692 204 0 - 0.178 ms
2026-04-25 16:16:57:1657 http: GET /api/sprints/69ec8e25ca3e778bcb899692 304 - - 16.052 ms
2026-04-25 16:16:57:1657 http: OPTIONS /api/user-stories/sprint/69ec8e25ca3e778bcb899692 204 0 - 0.079 ms
2026-04-25 16:16:57:1657 http: GET /api/sprints/69ec8e25ca3e778bcb899692 304 - - 19.473 ms
2026-04-25 16:16:57:1657 http: GET /api/user-stories/sprint/69ec8e25ca3e778bcb899692 304 - - 16.459 ms
2026-04-25 16:16:57:1657 http: OPTIONS /api/teams/directory?search= 204 0 - 0.060 ms
2026-04-25 16:16:57:1657 http: GET /api/user-stories/sprint/69ec8e25ca3e778bcb899692 304 - - 15.020 ms
2026-04-25 16:16:57:1657 http: GET /api/teams/directory?search= 304 - - 18.723 ms
2026-04-25 16:16:57:1657 http: GET /api/teams/directory?search= 304 - - 13.463 ms
2026-04-25 16:18:18:1818 http: OPTIONS /api/tasks/story/69ec8da9ca3e778bcb899659 204 0 - 0.132 ms
2026-04-25 16:18:18:1818 http: GET /api/tasks/story/69ec8da9ca3e778bcb899659 200 26 - 15.884 ms
2026-04-25 16:18:22:1822 http: OPTIONS /api/sprints 204 0 - 0.963 ms
2026-04-25 16:18:22:1822 http: OPTIONS /api/sprints 204 0 - 0.161 ms
2026-04-25 16:18:22:1822 http: GET /api/sprints 304 - - 32.310 ms
2026-04-25 16:18:22:1822 http: GET /api/sprints 304 - - 31.394 ms
2026-04-25 16:18:24:1824 http: OPTIONS /api/sprints/69eb69cfdeb7d4ce8582611e 204 0 - 0.137 ms
2026-04-25 16:18:24:1824 http: OPTIONS /api/sprints/69eb69cfdeb7d4ce8582611e 204 0 - 0.140 ms
2026-04-25 16:18:24:1824 http: GET /api/sprints/69eb69cfdeb7d4ce8582611e 200 476 - 14.305 ms
2026-04-25 16:18:24:1824 http: OPTIONS /api/user-stories/sprint/69eb69cfdeb7d4ce8582611e 204 0 - 0.158 ms
2026-04-25 16:18:24:1824 http: GET /api/sprints/69eb69cfdeb7d4ce8582611e 304 - - 19.329 ms
2026-04-25 16:18:24:1824 http: GET /api/user-stories/sprint/69eb69cfdeb7d4ce8582611e 304 - - 16.216 ms
2026-04-25 16:18:24:1824 http: OPTIONS /api/teams/directory?search= 204 0 - 0.062 ms
2026-04-25 16:18:24:1824 http: GET /api/user-stories/sprint/69eb69cfdeb7d4ce8582611e 304 - - 14.088 ms
2026-04-25 16:18:24:1824 http: GET /api/teams/directory?search= 304 - - 15.876 ms
2026-04-25 16:18:24:1824 http: GET /api/teams/directory?search= 304 - - 13.839 ms
2026-04-25 16:18:27:1827 http: OPTIONS /api/tasks/story/69eb6939deb7d4ce858260f1 204 0 - 0.113 ms
2026-04-25 16:18:27:1827 http: GET /api/tasks/story/69eb6939deb7d4ce858260f1 304 - - 28.145 ms
2026-04-25 16:22:13:2213 info: server is running on port 5000
2026-04-25 16:22:28:2228 info: server is running on port 5000
2026-04-25 16:24:24:2424 info: server is running on port 5000
2026-04-25 16:24:35:2435 http: OPTIONS /api/auth/refresh 204 0 - 2.577 ms
2026-04-25 16:24:35:2435 http: OPTIONS /api/auth/refresh 204 0 - 0.218 ms
2026-04-25 16:24:35:2435 http: POST /api/auth/refresh 200 1202 - 159.940 ms
2026-04-25 16:24:35:2435 http: POST /api/auth/refresh 200 1202 - 98.247 ms
2026-04-25 16:24:35:2435 http: OPTIONS /api/sprints/69eb69cfdeb7d4ce8582611e 204 0 - 0.275 ms
2026-04-25 16:24:35:2435 http: OPTIONS /api/sprints/69eb69cfdeb7d4ce8582611e 204 0 - 0.238 ms
2026-04-25 16:24:35:2435 http: GET /api/sprints/69eb69cfdeb7d4ce8582611e 304 - - 46.755 ms
2026-04-25 16:24:35:2435 http: OPTIONS /api/user-stories/sprint/69eb69cfdeb7d4ce8582611e 204 0 - 0.180 ms
2026-04-25 16:24:35:2435 http: GET /api/sprints/69eb69cfdeb7d4ce8582611e 304 - - 38.267 ms
2026-04-25 16:24:35:2435 http: GET /api/user-stories/sprint/69eb69cfdeb7d4ce8582611e 304 - - 17.339 ms
2026-04-25 16:24:35:2435 http: OPTIONS /api/teams/directory?search= 204 0 - 0.154 ms
2026-04-25 16:24:35:2435 http: GET /api/user-stories/sprint/69eb69cfdeb7d4ce8582611e 304 - - 26.811 ms
2026-04-25 16:24:35:2435 http: GET /api/teams/directory?search= 304 - - 38.000 ms
2026-04-25 16:24:35:2435 http: GET /api/teams/directory?search= 304 - - 19.115 ms
2026-04-25 16:26:16:2616 http: OPTIONS /api/tasks/story/69eb6939deb7d4ce858260f1 204 0 - 0.180 ms
2026-04-25 16:26:16:2616 http: GET /api/tasks/story/69eb6939deb7d4ce858260f1 304 - - 31.741 ms
2026-04-25 16:28:43:2843 info: server is running on port 5000
2026-04-25 16:29:45:2945 info: server is running on port 5000
2026-04-25 16:30:01:301 http: OPTIONS /api/auth/refresh 204 0 - 6.675 ms
2026-04-25 16:30:01:301 http: OPTIONS /api/auth/refresh 204 0 - 0.274 ms
2026-04-25 16:30:01:301 http: POST /api/auth/refresh 200 1202 - 146.497 ms
2026-04-25 16:30:01:301 http: POST /api/auth/refresh 200 1202 - 92.349 ms
2026-04-25 16:30:01:301 http: OPTIONS /api/sprints/69eb69cfdeb7d4ce8582611e 204 0 - 0.239 ms
2026-04-25 16:30:01:301 http: OPTIONS /api/sprints/69eb69cfdeb7d4ce8582611e 204 0 - 0.246 ms
2026-04-25 16:30:01:301 http: GET /api/sprints/69eb69cfdeb7d4ce8582611e 304 - - 36.187 ms
2026-04-25 16:30:01:301 http: OPTIONS /api/user-stories/sprint/69eb69cfdeb7d4ce8582611e 204 0 - 0.208 ms
2026-04-25 16:30:01:301 http: GET /api/sprints/69eb69cfdeb7d4ce8582611e 304 - - 24.140 ms
2026-04-25 16:30:01:301 http: GET /api/user-stories/sprint/69eb69cfdeb7d4ce8582611e 200 1634 - 23.644 ms
2026-04-25 16:30:01:301 http: OPTIONS /api/teams/directory?search= 204 0 - 0.165 ms
2026-04-25 16:30:01:301 http: GET /api/user-stories/sprint/69eb69cfdeb7d4ce8582611e 304 - - 22.075 ms
2026-04-25 16:30:01:301 http: GET /api/teams/directory?search= 304 - - 34.380 ms
2026-04-25 16:30:01:301 http: GET /api/teams/directory?search= 304 - - 18.783 ms
2026-04-25 16:30:36:3036 http: OPTIONS /api/projects?page=1&limit=10&search= 204 0 - 0.472 ms
2026-04-25 16:30:36:3036 http: OPTIONS /api/projects?page=1&limit=10&search= 204 0 - 0.258 ms
2026-04-25 16:30:37:3037 http: GET /api/projects?page=1&limit=10&search= 304 - - 34.636 ms
2026-04-25 16:30:37:3037 http: GET /api/projects?page=1&limit=10&search= 304 - - 21.456 ms
2026-04-25 16:31:10:3110 http: OPTIONS /api/user-stories 204 0 - 0.192 ms
2026-04-25 16:31:10:3110 http: POST /api/user-stories 201 489 - 55.021 ms
2026-04-25 16:31:10:3110 http: OPTIONS /api/user-stories/project/69eb541b407b185bf6a3e558 204 0 - 0.143 ms
2026-04-25 16:31:10:3110 http: GET /api/user-stories/project/69eb541b407b185bf6a3e558 200 2130 - 16.636 ms
2026-04-25 16:31:28:3128 http: OPTIONS /api/user-stories 204 0 - 0.225 ms
2026-04-25 16:31:28:3128 http: POST /api/user-stories 201 396 - 18.909 ms
2026-04-25 16:31:28:3128 http: OPTIONS /api/user-stories/project/69eb541b407b185bf6a3e558 204 0 - 0.061 ms
2026-04-25 16:31:28:3128 http: GET /api/user-stories/project/69eb541b407b185bf6a3e558 200 2547 - 12.187 ms
2026-04-25 16:31:36:3136 http: OPTIONS /api/user-stories/69ec9f081026d35d137482be 204 0 - 0.118 ms
2026-04-25 16:31:36:3136 http: DELETE /api/user-stories/69ec9f081026d35d137482be 200 60 - 11.683 ms
2026-04-25 16:31:36:3136 http: OPTIONS /api/user-stories/project/69eb541b407b185bf6a3e558 204 0 - 0.162 ms
2026-04-25 16:31:36:3136 http: GET /api/user-stories/project/69eb541b407b185bf6a3e558 200 2130 - 18.950 ms
2026-04-25 16:31:38:3138 http: OPTIONS /api/user-stories/project/69eb5440407b185bf6a3e56c 204 0 - 0.169 ms
2026-04-25 16:31:38:3138 http: GET /api/user-stories/project/69eb5440407b185bf6a3e56c 200 1633 - 15.617 ms
2026-04-25 16:31:42:3142 http: OPTIONS /api/tasks/all 204 0 - 0.183 ms
2026-04-25 16:31:42:3142 http: OPTIONS /api/tasks/all 204 0 - 0.181 ms
2026-04-25 16:31:42:3142 http: GET /api/tasks/all 200 5316 - 52.537 ms
2026-04-25 16:31:42:3142 http: GET /api/tasks/all 304 - - 43.948 ms
2026-04-25 16:31:45:3145 http: OPTIONS /api/auth/refresh 204 0 - 0.101 ms
2026-04-25 16:31:45:3145 http: OPTIONS /api/auth/refresh 204 0 - 0.476 ms
2026-04-25 16:31:45:3145 http: POST /api/auth/refresh 200 1202 - 37.528 ms
2026-04-25 16:31:45:3145 http: POST /api/auth/refresh 200 1202 - 37.979 ms
2026-04-25 16:31:45:3145 http: GET /api/tasks/all 304 - - 63.883 ms
2026-04-25 16:31:45:3145 http: GET /api/tasks/all 304 - - 49.199 ms
2026-04-25 16:31:51:3151 http: OPTIONS /api/sprints 204 0 - 0.061 ms
2026-04-25 16:31:51:3151 http: OPTIONS /api/sprints 204 0 - 0.081 ms
2026-04-25 16:31:51:3151 http: GET /api/sprints 304 - - 28.115 ms
2026-04-25 16:31:51:3151 http: GET /api/sprints 304 - - 30.043 ms
2026-04-25 16:31:53:3153 http: OPTIONS /api/sprints/69ec8e25ca3e778bcb899692 204 0 - 0.126 ms
2026-04-25 16:31:53:3153 http: OPTIONS /api/sprints/69ec8e25ca3e778bcb899692 204 0 - 0.154 ms
2026-04-25 16:31:53:3153 http: GET /api/sprints/69ec8e25ca3e778bcb899692 304 - - 13.876 ms
2026-04-25 16:31:53:3153 http: OPTIONS /api/user-stories/sprint/69ec8e25ca3e778bcb899692 204 0 - 0.063 ms
2026-04-25 16:31:53:3153 http: GET /api/sprints/69ec8e25ca3e778bcb899692 304 - - 18.344 ms
2026-04-25 16:31:53:3153 http: GET /api/user-stories/sprint/69ec8e25ca3e778bcb899692 200 1620 - 14.625 ms
2026-04-25 16:31:53:3153 http: OPTIONS /api/teams/directory?search= 204 0 - 0.120 ms
2026-04-25 16:31:53:3153 http: GET /api/user-stories/sprint/69ec8e25ca3e778bcb899692 304 - - 12.828 ms
2026-04-25 16:31:53:3153 http: GET /api/teams/directory?search= 304 - - 18.311 ms
2026-04-25 16:31:53:3153 http: GET /api/teams/directory?search= 304 - - 14.299 ms
2026-04-25 16:31:56:3156 http: GET /api/sprints 304 - - 34.003 ms
2026-04-25 16:31:56:3156 http: GET /api/sprints 304 - - 24.354 ms
2026-04-25 16:31:58:3158 http: OPTIONS /api/sprints/69eb69cfdeb7d4ce8582611e 204 0 - 0.082 ms
2026-04-25 16:31:58:3158 http: OPTIONS /api/sprints/69eb69cfdeb7d4ce8582611e 204 0 - 0.074 ms
2026-04-25 16:31:58:3158 http: GET /api/sprints/69eb69cfdeb7d4ce8582611e 304 - - 14.004 ms
2026-04-25 16:31:58:3158 http: OPTIONS /api/user-stories/sprint/69eb69cfdeb7d4ce8582611e 204 0 - 0.188 ms
2026-04-25 16:31:58:3158 http: GET /api/sprints/69eb69cfdeb7d4ce8582611e 304 - - 18.498 ms
2026-04-25 16:31:58:3158 http: GET /api/user-stories/sprint/69eb69cfdeb7d4ce8582611e 200 1633 - 17.092 ms
2026-04-25 16:31:58:3158 http: GET /api/user-stories/sprint/69eb69cfdeb7d4ce8582611e 304 - - 14.846 ms
2026-04-25 16:31:58:3158 http: GET /api/teams/directory?search= 304 - - 18.499 ms
2026-04-25 16:31:58:3158 http: GET /api/teams/directory?search= 304 - - 14.103 ms
2026-04-25 16:32:00:320 http: OPTIONS /api/sprints/69eb69cfdeb7d4ce8582611e 204 0 - 0.205 ms
2026-04-25 16:32:00:320 http: PATCH /api/sprints/69eb69cfdeb7d4ce8582611e 200 481 - 13.966 ms
2026-04-25 16:32:00:320 http: GET /api/sprints/69eb69cfdeb7d4ce8582611e 200 479 - 14.363 ms
2026-04-25 16:32:00:320 http: GET /api/user-stories/sprint/69eb69cfdeb7d4ce8582611e 304 - - 12.146 ms
2026-04-25 16:32:00:320 http: OPTIONS /api/teams/directory?search= 204 0 - 0.063 ms
2026-04-25 16:32:00:320 http: GET /api/teams/directory?search= 304 - - 11.906 ms
2026-04-25 16:32:03:323 http: OPTIONS /api/sprints 204 0 - 0.325 ms
2026-04-25 16:32:03:323 http: OPTIONS /api/sprints 204 0 - 0.095 ms
2026-04-25 16:32:04:324 http: GET /api/sprints 200 915 - 59.098 ms
2026-04-25 16:32:04:324 http: GET /api/sprints 304 - - 24.846 ms
2026-04-25 16:32:21:3221 http: OPTIONS /api/projects?page=1&limit=10&search= 204 0 - 0.207 ms
2026-04-25 16:32:21:3221 http: OPTIONS /api/projects?page=1&limit=10&search= 204 0 - 0.249 ms
2026-04-25 16:32:21:3221 http: GET /api/projects?page=1&limit=10&search= 304 - - 20.690 ms
2026-04-25 16:32:21:3221 http: GET /api/projects?page=1&limit=10&search= 304 - - 20.554 ms
2026-04-25 16:32:22:3222 http: OPTIONS /api/projects?page=1&limit=8&search= 204 0 - 0.234 ms
2026-04-25 16:32:22:3222 http: OPTIONS /api/projects?page=1&limit=8&search= 204 0 - 0.103 ms
2026-04-25 16:32:22:3222 http: GET /api/projects?page=1&limit=8&search= 304 - - 16.753 ms
2026-04-25 16:32:22:3222 http: GET /api/projects?page=1&limit=8&search= 304 - - 18.742 ms
2026-04-25 16:34:23:3423 info: server is running on port 5000
2026-04-25 16:56:16:5616 info: server is running on port 5000
2026-04-25 16:59:44:5944 http: OPTIONS /api/auth/refresh 204 0 - 9.860 ms
2026-04-25 16:59:45:5945 http: OPTIONS /api/auth/refresh 204 0 - 0.826 ms
2026-04-25 16:59:45:5945 http: POST /api/auth/refresh 200 1202 - 556.326 ms
2026-04-25 16:59:45:5945 http: POST /api/auth/refresh 200 1202 - 151.361 ms
2026-04-25 16:59:48:5948 http: OPTIONS /api/projects?page=1&limit=8&search= 204 0 - 0.459 ms
2026-04-25 16:59:48:5948 http: OPTIONS /api/projects?page=1&limit=8&search= 204 0 - 0.242 ms
2026-04-25 16:59:48:5948 http: GET /api/projects?page=1&limit=8&search= 200 775 - 80.545 ms
2026-04-25 16:59:49:5949 http: GET /api/projects?page=1&limit=8&search= 304 - - 27.836 ms
2026-04-25 16:59:51:5951 http: OPTIONS /api/projects?page=1&limit=10&search= 204 0 - 0.224 ms
2026-04-25 16:59:51:5951 http: OPTIONS /api/projects?page=1&limit=10&search= 204 0 - 0.238 ms
2026-04-25 16:59:51:5951 http: GET /api/projects?page=1&limit=10&search= 200 776 - 28.784 ms
2026-04-25 16:59:51:5951 http: GET /api/projects?page=1&limit=10&search= 304 - - 21.698 ms
2026-04-25 16:59:53:5953 http: OPTIONS /api/sprints 204 0 - 0.103 ms
2026-04-25 16:59:53:5953 http: OPTIONS /api/sprints 204 0 - 0.128 ms
2026-04-25 16:59:53:5953 http: GET /api/sprints 304 - - 33.778 ms
2026-04-25 16:59:54:5954 http: GET /api/sprints 304 - - 59.108 ms
2026-04-25 16:59:58:5958 http: OPTIONS /api/sprints/69ec8e25ca3e778bcb899692 204 0 - 0.148 ms
2026-04-25 16:59:58:5958 http: OPTIONS /api/sprints/69ec8e25ca3e778bcb899692 204 0 - 0.172 ms
2026-04-25 16:59:58:5958 http: GET /api/sprints/69ec8e25ca3e778bcb899692 304 - - 22.639 ms
2026-04-25 16:59:58:5958 http: OPTIONS /api/user-stories/sprint/69ec8e25ca3e778bcb899692 204 0 - 0.221 ms
2026-04-25 16:59:58:5958 http: GET /api/sprints/69ec8e25ca3e778bcb899692 304 - - 26.859 ms
2026-04-25 16:59:58:5958 http: GET /api/user-stories/sprint/69ec8e25ca3e778bcb899692 304 - - 20.104 ms
2026-04-25 16:59:58:5958 http: OPTIONS /api/teams/directory?search= 204 0 - 0.055 ms
2026-04-25 16:59:58:5958 http: GET /api/user-stories/sprint/69ec8e25ca3e778bcb899692 304 - - 22.461 ms
2026-04-25 16:59:58:5958 http: GET /api/teams/directory?search= 304 - - 21.638 ms
2026-04-25 16:59:58:5958 http: GET /api/teams/directory?search= 304 - - 15.504 ms
2026-04-25 17:00:00:00 http: OPTIONS /api/tasks/story/69ec8da9ca3e778bcb899659 204 0 - 0.122 ms
2026-04-25 17:00:00:00 http: GET /api/tasks/story/69ec8da9ca3e778bcb899659 304 - - 16.578 ms
2026-04-25 17:04:12:412 info: server is running on port 5000
2026-04-25 17:05:06:56 info: server is running on port 5000
2026-04-25 17:05:10:510 http: OPTIONS /api/auth/refresh 204 0 - 2.372 ms
2026-04-25 17:05:10:510 http: OPTIONS /api/auth/refresh 204 0 - 2.006 ms
2026-04-25 17:05:11:511 http: POST /api/auth/refresh 200 999 - 115.603 ms
2026-04-25 17:05:11:511 http: POST /api/auth/refresh 200 999 - 68.309 ms
2026-04-25 17:05:11:511 http: OPTIONS /api/sprints/69ec8e25ca3e778bcb899692 204 0 - 0.173 ms
2026-04-25 17:05:11:511 http: OPTIONS /api/sprints/69ec8e25ca3e778bcb899692 204 0 - 0.183 ms
2026-04-25 17:05:11:511 http: GET /api/sprints/69ec8e25ca3e778bcb899692 304 - - 37.558 ms
2026-04-25 17:05:11:511 http: GET /api/sprints/69ec8e25ca3e778bcb899692 304 - - 21.382 ms
2026-04-25 17:05:11:511 http: OPTIONS /api/user-stories/sprint/69ec8e25ca3e778bcb899692 204 0 - 0.200 ms
2026-04-25 17:05:11:511 http: GET /api/user-stories/sprint/69ec8e25ca3e778bcb899692 200 1620 - 16.089 ms
2026-04-25 17:05:11:511 http: OPTIONS /api/teams/directory?search= 204 0 - 0.196 ms
2026-04-25 17:05:11:511 http: GET /api/user-stories/sprint/69ec8e25ca3e778bcb899692 304 - - 24.483 ms
2026-04-25 17:05:11:511 http: GET /api/teams/directory?search= 304 - - 27.108 ms
2026-04-25 17:05:11:511 http: GET /api/teams/directory?search= 304 - - 15.355 ms
2026-04-25 17:12:32:1232 info: server is running on port 5000
2026-04-25 17:13:21:1321 info: server is running on port 5000
2026-04-25 17:13:54:1354 info: server is running on port 5000
