2026-04-30 08:34:32:3432 info: server is running on port 5000
2026-04-30 11:40:28:4028 http: OPTIONS /api/auth/refresh 204 0 - 24.853 ms
2026-04-30 11:40:28:4028 http: OPTIONS /api/auth/refresh 204 0 - 0.354 ms
2026-04-30 11:42:30:4230 info: server is running on port 5000
2026-04-30 11:44:28:4428 http: OPTIONS /api/auth/login 204 0 - 3.831 ms
2026-04-30 11:44:29:4429 http: POST /api/auth/login 200 1665 - 205.508 ms
2026-04-30 11:45:30:4530 http: OPTIONS /api/auth/login 204 0 - 0.142 ms
2026-04-30 11:45:30:4530 http: POST /api/auth/login 200 1665 - 92.803 ms
2026-04-30 11:45:37:4537 http: OPTIONS /api/projects?page=1&limit=8&search= 204 0 - 0.153 ms
2026-04-30 11:45:37:4537 http: OPTIONS /api/projects?page=1&limit=8&search= 204 0 - 0.199 ms
2026-04-30 11:45:37:4537 http: GET /api/projects?page=1&limit=8&search= 200 842 - 37.080 ms
2026-04-30 11:45:37:4537 http: GET /api/projects?page=1&limit=8&search= 304 - - 18.324 ms
2026-04-30 11:46:23:4623 http: OPTIONS /api/projects 204 0 - 0.449 ms
2026-04-30 11:46:24:4624 http: POST /api/projects 201 390 - 67.222 ms
2026-04-30 11:46:25:4625 http: OPTIONS /api/projects?page=1&limit=8&search= 204 0 - 0.993 ms
2026-04-30 11:46:25:4625 http: OPTIONS /api/projects?page=1&limit=8&search= 204 0 - 0.145 ms
2026-04-30 11:46:26:4626 http: GET /api/projects?page=1&limit=8&search= 200 1232 - 19.580 ms
2026-04-30 11:46:26:4626 http: GET /api/projects?page=1&limit=8&search= 304 - - 18.425 ms
2026-04-30 11:46:31:4631 http: OPTIONS /api/teams/directory?search= 204 0 - 0.137 ms
2026-04-30 11:46:31:4631 http: OPTIONS /api/projects?page=1&limit=10&search= 204 0 - 0.257 ms
2026-04-30 11:46:31:4631 http: OPTIONS /api/projects?page=1&limit=10&search= 204 0 - 0.214 ms
2026-04-30 11:46:31:4631 http: GET /api/projects?page=1&limit=10&search= 200 1233 - 44.336 ms
2026-04-30 11:46:31:4631 http: OPTIONS /api/teams/directory?search= 204 0 - 0.078 ms
2026-04-30 11:46:31:4631 http: GET /api/projects?page=1&limit=10&search= 304 - - 15.512 ms
2026-04-30 11:46:31:4631 http: GET /api/teams/directory?search= 200 848 - 39.841 ms
2026-04-30 11:46:31:4631 http: GET /api/teams/directory?search= 304 - - 28.076 ms
2026-04-30 11:46:33:4633 http: OPTIONS /api/issues/project/69f2f3b8c8838af586b75723 204 0 - 0.148 ms
2026-04-30 11:46:33:4633 http: GET /api/issues/project/69f2f3b8c8838af586b75723 200 26 - 16.901 ms
2026-04-30 11:46:50:4650 http: OPTIONS /api/issues 204 0 - 0.061 ms
2026-04-30 11:46:51:4651 http: POST /api/issues 201 643 - 14.296 ms
2026-04-30 11:46:51:4651 http: OPTIONS /api/issues/project/69f2f3b8c8838af586b75723 204 0 - 0.120 ms
2026-04-30 11:46:51:4651 http: GET /api/issues/project/69f2f3b8c8838af586b75723 200 619 - 9.592 ms
2026-04-30 11:47:02:472 http: OPTIONS /api/issues/project/69f18705329da4ed79cc27fe 204 0 - 0.334 ms
2026-04-30 11:47:02:472 http: GET /api/issues/project/69f18705329da4ed79cc27fe 200 3360 - 29.757 ms
2026-04-30 11:47:06:476 http: OPTIONS /api/sprints 204 0 - 0.103 ms
2026-04-30 11:47:06:476 http: OPTIONS /api/sprints 204 0 - 0.119 ms
2026-04-30 11:47:06:476 http: GET /api/sprints 200 948 - 50.386 ms
2026-04-30 11:47:06:476 http: GET /api/sprints 304 - - 55.040 ms
2026-04-30 11:47:09:479 http: OPTIONS /api/sprints/69f22716e2f53629fccf5708 204 0 - 0.574 ms
2026-04-30 11:47:09:479 http: PATCH /api/sprints/69f22716e2f53629fccf5708 200 484 - 14.404 ms
2026-04-30 11:47:09:479 http: GET /api/sprints 200 947 - 28.520 ms
2026-04-30 11:47:16:4716 http: OPTIONS /api/subtasks/all 204 0 - 0.139 ms
2026-04-30 11:47:16:4716 http: OPTIONS /api/teams/directory?search= 204 0 - 0.127 ms
2026-04-30 11:47:16:4716 http: OPTIONS /api/subtasks/all 204 0 - 0.128 ms
2026-04-30 11:47:16:4716 http: OPTIONS /api/teams/directory?search= 204 0 - 0.084 ms
2026-04-30 11:47:16:4716 http: GET /api/teams/directory?search= 304 - - 38.166 ms
2026-04-30 11:47:16:4716 http: GET /api/subtasks/all 200 5687 - 68.475 ms
2026-04-30 11:47:16:4716 http: GET /api/teams/directory?search= 304 - - 35.842 ms
2026-04-30 11:47:16:4716 http: GET /api/subtasks/all 304 - - 68.822 ms
2026-04-30 11:47:19:4719 http: OPTIONS /api/subtasks/start/69f222bab7b7b81b2fe37ea0 204 0 - 0.155 ms
2026-04-30 11:47:19:4719 http: PATCH /api/subtasks/start/69f222bab7b7b81b2fe37ea0 403 92 - 2.693 ms
2026-04-30 11:47:20:4720 http: PATCH /api/subtasks/start/69f222bab7b7b81b2fe37ea0 403 92 - 4.769 ms
2026-04-30 11:47:23:4723 http: OPTIONS /api/subtasks/start/69f1df17057806a8ed206057 204 0 - 0.078 ms
2026-04-30 11:47:23:4723 http: PATCH /api/subtasks/start/69f1df17057806a8ed206057 403 92 - 2.368 ms
2026-04-30 11:47:33:4733 http: OPTIONS /api/subtasks/start/69f1dfb7057806a8ed2060ab 204 0 - 0.127 ms
2026-04-30 11:47:34:4734 http: PATCH /api/subtasks/start/69f1dfb7057806a8ed2060ab 403 92 - 5.521 ms
2026-04-30 11:47:35:4735 http: OPTIONS /api/subtasks/start/69f1b229057806a8ed205bf8 204 0 - 0.074 ms
2026-04-30 11:47:35:4735 http: PATCH /api/subtasks/start/69f1b229057806a8ed205bf8 403 92 - 3.092 ms
2026-04-30 11:47:36:4736 http: OPTIONS /api/subtasks/submit/69f222bab7b7b81b2fe37ea0 204 0 - 0.146 ms
2026-04-30 11:47:36:4736 http: PATCH /api/subtasks/submit/69f222bab7b7b81b2fe37ea0 403 92 - 3.019 ms
2026-04-30 11:47:37:4737 http: PATCH /api/subtasks/submit/69f222bab7b7b81b2fe37ea0 403 92 - 2.317 ms
2026-04-30 11:47:38:4738 http: OPTIONS /api/subtasks/submit/69f1df17057806a8ed206057 204 0 - 0.055 ms
2026-04-30 11:47:38:4738 http: PATCH /api/subtasks/submit/69f1df17057806a8ed206057 403 92 - 2.722 ms
2026-04-30 11:47:41:4741 http: OPTIONS /api/subtasks/submit/69f222bab7b7b81b2fe37ea0 204 0 - 0.186 ms
2026-04-30 11:47:42:4742 http: PATCH /api/subtasks/submit/69f222bab7b7b81b2fe37ea0 403 92 - 3.746 ms
2026-04-30 11:47:42:4742 http: PATCH /api/subtasks/submit/69f1df17057806a8ed206057 403 92 - 6.655 ms
2026-04-30 11:47:46:4746 http: PATCH /api/subtasks/submit/69f222bab7b7b81b2fe37ea0 403 92 - 7.926 ms
2026-04-30 11:47:47:4747 http: OPTIONS /api/subtasks/submit/69f222bab7b7b81b2fe37ea0 204 0 - 0.071 ms
2026-04-30 11:47:47:4747 http: PATCH /api/subtasks/submit/69f222bab7b7b81b2fe37ea0 403 92 - 2.019 ms
2026-04-30 11:47:48:4748 http: OPTIONS /api/subtasks/submit/69f1df17057806a8ed206057 204 0 - 0.100 ms
2026-04-30 11:47:48:4748 http: PATCH /api/subtasks/submit/69f1df17057806a8ed206057 403 92 - 3.181 ms
2026-04-30 11:47:49:4749 http: OPTIONS /api/subtasks/start/69f1df17057806a8ed206057 204 0 - 0.118 ms
2026-04-30 11:47:49:4749 http: PATCH /api/subtasks/start/69f1df17057806a8ed206057 403 92 - 2.194 ms
2026-04-30 11:47:50:4750 http: OPTIONS /api/subtasks/69f1dfb7057806a8ed2060ab 204 0 - 0.066 ms
2026-04-30 11:47:50:4750 http: PUT /api/subtasks/69f1dfb7057806a8ed2060ab 403 87 - 3.331 ms
2026-04-30 11:47:57:4757 http: OPTIONS /api/teams/directory?search= 204 0 - 0.189 ms
2026-04-30 11:47:57:4757 http: OPTIONS /api/teams/directory?search= 204 0 - 0.074 ms
2026-04-30 11:47:57:4757 http: GET /api/teams/directory?search= 304 - - 16.690 ms
2026-04-30 11:47:57:4757 http: GET /api/teams/directory?search= 304 - - 12.522 ms
2026-04-30 11:47:59:4759 http: GET /api/teams/directory?search= 304 - - 29.644 ms
2026-04-30 11:47:59:4759 http: OPTIONS /api/subtasks/all 204 0 - 0.117 ms
2026-04-30 11:47:59:4759 http: OPTIONS /api/subtasks/all 204 0 - 0.101 ms
2026-04-30 11:47:59:4759 http: GET /api/teams/directory?search= 304 - - 14.211 ms
2026-04-30 11:47:59:4759 http: GET /api/subtasks/all 304 - - 41.783 ms
2026-04-30 11:47:59:4759 http: GET /api/subtasks/all 304 - - 48.326 ms
2026-04-30 11:48:19:4819 http: OPTIONS /api/subtasks/comment/69f1dfb7057806a8ed2060ab 204 0 - 0.079 ms
2026-04-30 11:48:19:4819 http: POST /api/subtasks/comment/69f1dfb7057806a8ed2060ab 200 1580 - 24.997 ms
2026-04-30 11:48:19:4819 http: OPTIONS /api/subtasks/all 204 0 - 0.095 ms
2026-04-30 11:48:19:4819 http: GET /api/subtasks/all 200 5758 - 33.505 ms
2026-04-30 11:48:52:4852 http: OPTIONS /api/teams/directory?search= 204 0 - 0.263 ms
2026-04-30 11:48:52:4852 http: OPTIONS /api/teams/directory?search= 204 0 - 0.287 ms
2026-04-30 11:48:52:4852 http: GET /api/teams/directory?search= 304 - - 15.744 ms
2026-04-30 11:48:52:4852 http: GET /api/teams/directory?search= 304 - - 12.015 ms
2026-04-30 11:48:56:4856 http: OPTIONS /api/user/profile 204 0 - 0.120 ms
2026-04-30 11:48:56:4856 http: OPTIONS /api/user/profile 204 0 - 0.132 ms
2026-04-30 11:48:56:4856 http: GET /api/user/profile 200 360 - 10.363 ms
2026-04-30 11:48:56:4856 http: GET /api/user/profile 304 - - 25.432 ms
2026-04-30 11:49:02:492 http: OPTIONS /api/subtasks/all 204 0 - 0.188 ms
2026-04-30 11:49:02:492 http: OPTIONS /api/teams/directory?search= 204 0 - 0.176 ms
2026-04-30 11:49:03:493 http: OPTIONS /api/teams/directory?search= 204 0 - 0.097 ms
2026-04-30 11:49:03:493 http: OPTIONS /api/subtasks/all 204 0 - 0.143 ms
2026-04-30 11:49:03:493 http: GET /api/subtasks/all 200 4240 - 28.705 ms
2026-04-30 11:49:03:493 http: GET /api/teams/directory?search= 200 848 - 9.945 ms
2026-04-30 11:49:03:493 http: GET /api/teams/directory?search= 304 - - 46.701 ms
2026-04-30 11:49:03:493 http: GET /api/subtasks/all 304 - - 63.683 ms
2026-04-30 11:49:03:493 http: GET /api/teams/directory?search= 304 - - 14.311 ms
2026-04-30 11:49:03:493 http: GET /api/teams/directory?search= 304 - - 16.328 ms
2026-04-30 11:49:09:499 http: OPTIONS /api/user/profile 204 0 - 0.225 ms
2026-04-30 11:49:09:499 http: OPTIONS /api/user/profile 204 0 - 0.390 ms
2026-04-30 11:49:10:4910 http: GET /api/user/profile 304 - - 21.411 ms
2026-04-30 11:49:10:4910 http: GET /api/user/profile 304 - - 14.293 ms
2026-04-30 11:49:11:4911 http: OPTIONS /api/teams/directory?search= 204 0 - 0.095 ms
2026-04-30 11:49:11:4911 http: OPTIONS /api/projects?page=1&limit=10&search= 204 0 - 0.121 ms
2026-04-30 11:49:11:4911 http: OPTIONS /api/teams/directory?search= 204 0 - 0.093 ms
2026-04-30 11:49:11:4911 http: OPTIONS /api/projects?page=1&limit=10&search= 204 0 - 0.067 ms
2026-04-30 11:49:11:4911 http: GET /api/teams/directory?search= 304 - - 11.255 ms
2026-04-30 11:49:11:4911 http: GET /api/projects?page=1&limit=10&search= 304 - - 18.122 ms
2026-04-30 11:49:11:4911 http: GET /api/teams/directory?search= 304 - - 11.666 ms
2026-04-30 11:49:12:4912 http: GET /api/projects?page=1&limit=10&search= 304 - - 15.962 ms
2026-04-30 11:49:12:4912 http: OPTIONS /api/projects?page=1&limit=8&search= 204 0 - 0.086 ms
2026-04-30 11:49:12:4912 http: OPTIONS /api/projects?page=1&limit=8&search= 204 0 - 0.078 ms
2026-04-30 11:49:12:4912 http: GET /api/projects?page=1&limit=8&search= 304 - - 21.616 ms
2026-04-30 11:49:12:4912 http: GET /api/projects?page=1&limit=8&search= 304 - - 17.771 ms
2026-04-30 11:49:12:4912 http: GET /api/teams/directory?search= 304 - - 21.871 ms
2026-04-30 11:49:12:4912 http: GET /api/projects?page=1&limit=10&search= 304 - - 24.311 ms
2026-04-30 11:49:13:4913 http: GET /api/teams/directory?search= 304 - - 16.209 ms
2026-04-30 11:49:13:4913 http: GET /api/projects?page=1&limit=10&search= 304 - - 20.372 ms
2026-04-30 11:49:13:4913 http: OPTIONS /api/subtasks/all 204 0 - 0.151 ms
2026-04-30 11:49:13:4913 http: OPTIONS /api/subtasks/all 204 0 - 0.156 ms
2026-04-30 11:49:13:4913 http: GET /api/teams/directory?search= 304 - - 21.700 ms
2026-04-30 11:49:13:4913 http: GET /api/teams/directory?search= 304 - - 47.881 ms
2026-04-30 11:49:13:4913 http: GET /api/subtasks/all 304 - - 64.805 ms
2026-04-30 11:49:14:4914 http: GET /api/subtasks/all 304 - - 26.677 ms
2026-04-30 11:49:14:4914 http: OPTIONS /api/sprints 204 0 - 0.117 ms
2026-04-30 11:49:14:4914 http: OPTIONS /api/sprints 204 0 - 0.109 ms
2026-04-30 11:49:14:4914 http: GET /api/sprints 304 - - 30.839 ms
2026-04-30 11:49:15:4915 http: GET /api/sprints 304 - - 22.727 ms
2026-04-30 11:49:21:4921 http: OPTIONS /api/projects?page=1&limit=10&search= 204 0 - 0.174 ms
2026-04-30 11:49:22:4922 http: GET /api/projects?page=1&limit=10&search= 304 - - 23.916 ms
2026-04-30 11:49:29:4929 http: OPTIONS /api/sprints 204 0 - 0.084 ms
2026-04-30 11:49:29:4929 http: POST /api/sprints 201 487 - 9.477 ms
2026-04-30 11:49:30:4930 http: GET /api/sprints 200 1369 - 24.570 ms
2026-04-30 11:49:37:4937 http: OPTIONS /api/auth/logout 204 0 - 0.271 ms
2026-04-30 11:49:37:4937 http: POST /api/auth/logout 200 39 - 6.759 ms
2026-04-30 11:55:14:5514 info: server is running on port 5000
2026-04-30 12:17:41:1741 info: server is running on port 5000
2026-04-30 12:31:10:3110 info: server is running on port 5000
2026-04-30 12:36:23:3623 http: OPTIONS /api/auth/refresh 204 0 - 8.338 ms
2026-04-30 12:36:23:3623 http: OPTIONS /api/auth/refresh 204 0 - 2.218 ms
2026-04-30 12:36:24:3624 http: POST /api/auth/refresh 401 390 - 251.621 ms
2026-04-30 12:36:24:3624 http: POST /api/auth/refresh 401 390 - 10.841 ms
2026-04-30 12:36:24:3624 http: POST /api/auth/refresh 401 390 - 22.632 ms
2026-04-30 12:36:24:3624 http: POST /api/auth/refresh 401 390 - 11.658 ms
2026-04-30 12:36:41:3641 http: OPTIONS /api/auth/login 204 0 - 0.593 ms
2026-04-30 12:36:42:3642 http: POST /api/auth/login 200 1665 - 493.229 ms
2026-04-30 12:36:55:3655 http: OPTIONS /api/projects?page=1&limit=8&search= 204 0 - 0.153 ms
2026-04-30 12:36:55:3655 http: OPTIONS /api/projects?page=1&limit=8&search= 204 0 - 0.323 ms
2026-04-30 12:36:56:3656 http: GET /api/projects?page=1&limit=8&search= 200 1232 - 60.309 ms
2026-04-30 12:36:56:3656 http: GET /api/projects?page=1&limit=8&search= 304 - - 130.333 ms
2026-04-30 12:36:58:3658 http: OPTIONS /api/projects?page=1&limit=10&search= 204 0 - 0.228 ms
2026-04-30 12:36:58:3658 http: OPTIONS /api/projects?page=1&limit=10&search= 204 0 - 0.413 ms
2026-04-30 12:36:58:3658 http: OPTIONS /api/teams/directory?search= 204 0 - 0.356 ms
2026-04-30 12:36:58:3658 http: OPTIONS /api/teams/directory?search= 204 0 - 0.168 ms
2026-04-30 12:36:58:3658 http: GET /api/teams/directory?search= 200 848 - 125.488 ms
2026-04-30 12:36:58:3658 http: GET /api/projects?page=1&limit=10&search= 200 1233 - 211.157 ms
2026-04-30 12:36:58:3658 http: GET /api/teams/directory?search= 304 - - 180.862 ms
2026-04-30 12:36:59:3659 http: GET /api/projects?page=1&limit=10&search= 304 - - 203.063 ms
2026-04-30 12:38:00:380 http: OPTIONS /api/issues 204 0 - 0.141 ms
2026-04-30 12:38:00:380 http: POST /api/issues 201 584 - 205.600 ms
2026-04-30 12:38:00:380 http: OPTIONS /api/issues/project/69f2f3b8c8838af586b75723 204 0 - 0.151 ms
2026-04-30 12:38:00:380 http: GET /api/issues/project/69f2f3b8c8838af586b75723 200 1154 - 171.055 ms
2026-04-30 12:38:12:3812 http: OPTIONS /api/sprints 204 0 - 0.133 ms
2026-04-30 12:38:12:3812 http: OPTIONS /api/sprints 204 0 - 0.074 ms
2026-04-30 12:38:12:3812 http: GET /api/sprints 200 1369 - 156.406 ms
2026-04-30 12:38:12:3812 http: GET /api/sprints 304 - - 134.264 ms
2026-04-30 12:38:14:3814 http: OPTIONS /api/projects?page=1&limit=10&search= 204 0 - 0.174 ms
2026-04-30 12:38:14:3814 http: OPTIONS /api/teams/directory?search= 204 0 - 0.114 ms
2026-04-30 12:38:14:3814 http: OPTIONS /api/projects?page=1&limit=10&search= 204 0 - 0.141 ms
2026-04-30 12:38:14:3814 http: OPTIONS /api/teams/directory?search= 204 0 - 0.469 ms
2026-04-30 12:38:14:3814 http: GET /api/teams/directory?search= 304 - - 159.933 ms
2026-04-30 12:38:14:3814 http: GET /api/projects?page=1&limit=10&search= 304 - - 223.649 ms
2026-04-30 12:38:14:3814 http: GET /api/teams/directory?search= 304 - - 117.677 ms
2026-04-30 12:38:14:3814 http: GET /api/projects?page=1&limit=10&search= 304 - - 138.308 ms
2026-04-30 12:38:21:3821 http: OPTIONS /api/issues/project/69f2f3b8c8838af586b75723 204 0 - 0.190 ms
2026-04-30 12:38:21:3821 http: GET /api/issues/project/69f2f3b8c8838af586b75723 304 - - 18.222 ms
2026-04-30 12:38:23:3823 http: OPTIONS /api/sprints 204 0 - 0.135 ms
2026-04-30 12:38:23:3823 http: OPTIONS /api/sprints 204 0 - 1.135 ms
2026-04-30 12:38:23:3823 http: GET /api/sprints 304 - - 116.603 ms
2026-04-30 12:38:23:3823 http: GET /api/sprints 304 - - 148.996 ms
2026-04-30 12:38:28:3828 http: OPTIONS /api/projects?page=1&limit=10&search= 204 0 - 0.147 ms
2026-04-30 12:38:28:3828 http: GET /api/projects?page=1&limit=10&search= 304 - - 410.915 ms
2026-04-30 12:38:48:3848 http: OPTIONS /api/sprints 204 0 - 0.202 ms
2026-04-30 12:38:49:3849 http: POST /api/sprints 201 484 - 364.957 ms
2026-04-30 12:38:49:3849 http: GET /api/sprints 200 1788 - 282.422 ms
2026-04-30 12:38:52:3852 http: OPTIONS /api/sprints/69f300018db74073b10b97bd 204 0 - 2.268 ms
2026-04-30 12:38:52:3852 http: OPTIONS /api/projects?page=1&limit=10&search= 204 0 - 0.096 ms
2026-04-30 12:38:52:3852 http: OPTIONS /api/sprints/69f300018db74073b10b97bd 204 0 - 0.660 ms
2026-04-30 12:38:52:3852 http: OPTIONS /api/projects?page=1&limit=10&search= 204 0 - 0.086 ms
2026-04-30 12:38:52:3852 http: GET /api/sprints/69f300018db74073b10b97bd 200 494 - 128.283 ms
2026-04-30 12:38:52:3852 http: GET /api/sprints/69f300018db74073b10b97bd 304 - - 131.156 ms
2026-04-30 12:38:52:3852 http: GET /api/projects?page=1&limit=10&search= 304 - - 386.904 ms
2026-04-30 12:38:52:3852 http: OPTIONS /api/issues/sprint/69f300018db74073b10b97bd 204 0 - 0.093 ms
2026-04-30 12:38:53:3853 http: OPTIONS /api/issues/project/69f2f3b8c8838af586b75723 204 0 - 0.192 ms
2026-04-30 12:38:53:3853 http: GET /api/issues/sprint/69f300018db74073b10b97bd 200 26 - 67.772 ms
2026-04-30 12:38:53:3853 http: GET /api/issues/project/69f2f3b8c8838af586b75723 304 - - 278.090 ms
2026-04-30 12:38:53:3853 http: GET /api/projects?page=1&limit=10&search= 304 - - 436.532 ms
2026-04-30 12:38:53:3853 http: GET /api/issues/sprint/69f300018db74073b10b97bd 304 - - 19.177 ms
2026-04-30 12:38:53:3853 http: GET /api/issues/project/69f2f3b8c8838af586b75723 304 - - 79.475 ms
2026-04-30 12:38:57:3857 http: OPTIONS /api/issues/69f2ffd08db74073b10b9750 204 0 - 0.119 ms
2026-04-30 12:38:57:3857 http: PUT /api/issues/69f2ffd08db74073b10b9750 200 625 - 117.977 ms
2026-04-30 12:38:59:3859 http: OPTIONS /api/sprints 204 0 - 0.178 ms
2026-04-30 12:38:59:3859 http: GET /api/sprints 200 1788 - 245.024 ms
2026-04-30 12:38:59:3859 http: GET /api/sprints 304 - - 270.084 ms
2026-04-30 12:39:01:391 http: OPTIONS /api/sprints/69f22716e2f53629fccf5708 204 0 - 0.110 ms
2026-04-30 12:39:01:391 http: OPTIONS /api/projects?page=1&limit=10&search= 204 0 - 0.562 ms
2026-04-30 12:39:01:391 http: OPTIONS /api/teams/directory?search= 204 0 - 0.178 ms
2026-04-30 12:39:01:391 http: OPTIONS /api/sprints/69f22716e2f53629fccf5708 204 0 - 0.090 ms
2026-04-30 12:39:01:391 http: OPTIONS /api/projects?page=1&limit=10&search= 204 0 - 0.105 ms
2026-04-30 12:39:01:391 http: OPTIONS /api/teams/directory?search= 204 0 - 0.256 ms
2026-04-30 12:39:01:391 http: GET /api/sprints/69f22716e2f53629fccf5708 200 1309 - 103.752 ms
2026-04-30 12:39:02:392 http: GET /api/teams/directory?search= 304 - - 180.214 ms
2026-04-30 12:39:02:392 http: GET /api/projects?page=1&limit=10&search= 304 - - 317.723 ms
2026-04-30 12:39:02:392 http: OPTIONS /api/issues/project/69f2f3b8c8838af586b75723 204 0 - 0.098 ms
2026-04-30 12:39:02:392 http: GET /api/teams/directory?search= 304 - - 330.786 ms
2026-04-30 12:39:02:392 http: GET /api/sprints/69f22716e2f53629fccf5708 304 - - 395.518 ms
2026-04-30 12:39:02:392 http: GET /api/projects?page=1&limit=10&search= 304 - - 344.062 ms
2026-04-30 12:39:02:392 http: GET /api/issues/project/69f2f3b8c8838af586b75723 200 1195 - 252.439 ms
2026-04-30 12:39:02:392 http: GET /api/issues/project/69f2f3b8c8838af586b75723 304 - - 21.973 ms
2026-04-30 12:39:26:3926 http: OPTIONS /api/auth/logout 204 0 - 0.219 ms
2026-04-30 12:39:26:3926 http: POST /api/auth/logout 200 39 - 6.004 ms
2026-04-30 12:39:40:3940 http: OPTIONS /api/auth/login 204 0 - 0.157 ms
2026-04-30 12:39:40:3940 http: POST /api/auth/login 200 1613 - 184.895 ms
2026-04-30 12:39:43:3943 http: OPTIONS /api/sprints 204 0 - 0.183 ms
2026-04-30 12:39:43:3943 http: OPTIONS /api/sprints 204 0 - 0.086 ms
2026-04-30 12:39:44:3944 http: GET /api/sprints 304 - - 241.982 ms
2026-04-30 12:39:44:3944 http: GET /api/sprints 304 - - 175.054 ms
2026-04-30 12:39:45:3945 http: OPTIONS /api/sprints/69f22716e2f53629fccf5708 204 0 - 0.194 ms
2026-04-30 12:39:45:3945 http: OPTIONS /api/projects?page=1&limit=10&search= 204 0 - 0.149 ms
2026-04-30 12:39:45:3945 http: OPTIONS /api/teams/directory?search= 204 0 - 0.147 ms
2026-04-30 12:39:45:3945 http: OPTIONS /api/teams/directory?search= 204 0 - 0.086 ms
2026-04-30 12:39:45:3945 http: OPTIONS /api/projects?page=1&limit=10&search= 204 0 - 0.121 ms
2026-04-30 12:39:45:3945 http: GET /api/teams/directory?search= 200 343 - 98.916 ms
2026-04-30 12:39:45:3945 http: GET /api/sprints/69f22716e2f53629fccf5708 304 - - 117.228 ms
2026-04-30 12:39:45:3945 http: GET /api/projects?page=1&limit=10&search= 304 - - 269.924 ms
2026-04-30 12:39:45:3945 http: OPTIONS /api/issues/project/69f2f3b8c8838af586b75723 204 0 - 0.088 ms
2026-04-30 12:39:45:3945 http: GET /api/teams/directory?search= 304 - - 181.530 ms
2026-04-30 12:39:45:3945 http: GET /api/sprints/69f22716e2f53629fccf5708 304 - - 193.437 ms
2026-04-30 12:39:45:3945 http: GET /api/issues/project/69f2f3b8c8838af586b75723 304 - - 43.571 ms
2026-04-30 12:39:45:3945 http: GET /api/projects?page=1&limit=10&search= 304 - - 119.969 ms
2026-04-30 12:39:45:3945 http: GET /api/issues/project/69f2f3b8c8838af586b75723 304 - - 18.739 ms
2026-04-30 12:41:02:412 http: OPTIONS /api/subtasks 204 0 - 0.140 ms
2026-04-30 12:41:02:412 http: POST /api/subtasks 201 665 - 78.269 ms
2026-04-30 12:41:02:412 http: OPTIONS /api/subtasks/issue/69f2201bb7b7b81b2fe37932 204 0 - 0.089 ms
2026-04-30 12:41:02:412 http: GET /api/subtasks/issue/69f2201bb7b7b81b2fe37932 200 751 - 57.109 ms
2026-04-30 12:42:32:4232 http: OPTIONS /api/auth/logout 204 0 - 0.105 ms
2026-04-30 12:42:32:4232 http: POST /api/auth/logout 200 39 - 26.192 ms
2026-04-30 12:42:50:4250 http: OPTIONS /api/auth/login 204 0 - 0.118 ms
2026-04-30 12:42:50:4250 http: POST /api/auth/login 200 1189 - 346.093 ms
2026-04-30 12:42:53:4253 http: OPTIONS /api/subtasks/assigned 204 0 - 0.711 ms
2026-04-30 12:42:53:4253 http: OPTIONS /api/subtasks/assigned 204 0 - 0.088 ms
2026-04-30 12:42:53:4253 http: OPTIONS /api/teams/directory?search= 204 0 - 1.017 ms
2026-04-30 12:42:53:4253 http: OPTIONS /api/teams/directory?search= 204 0 - 0.189 ms
2026-04-30 12:42:53:4253 http: GET /api/teams/directory?search= 304 - - 102.818 ms
2026-04-30 12:42:53:4253 http: GET /api/subtasks/assigned 200 2533 - 166.296 ms
2026-04-30 12:42:53:4253 http: GET /api/teams/directory?search= 304 - - 182.624 ms
2026-04-30 12:42:53:4253 http: GET /api/subtasks/assigned 304 - - 238.758 ms
2026-04-30 12:42:59:4259 http: OPTIONS /api/subtasks/start/69f300868db74073b10b98a6 204 0 - 0.130 ms
2026-04-30 12:42:59:4259 http: PATCH /api/subtasks/start/69f300868db74073b10b98a6 200 667 - 20.719 ms
2026-04-30 12:43:03:433 http: OPTIONS /api/auth/refresh 204 0 - 0.510 ms
2026-04-30 12:43:03:433 http: OPTIONS /api/auth/refresh 204 0 - 0.090 ms
2026-04-30 12:43:04:434 http: POST /api/auth/refresh 200 1189 - 123.053 ms
2026-04-30 12:43:04:434 http: OPTIONS /api/subtasks/assigned 204 0 - 0.079 ms
2026-04-30 12:43:04:434 http: OPTIONS /api/subtasks/assigned 204 0 - 0.084 ms
2026-04-30 12:43:04:434 http: OPTIONS /api/teams/directory?search= 204 0 - 0.210 ms
2026-04-30 12:43:04:434 http: POST /api/auth/refresh 200 1189 - 364.504 ms
2026-04-30 12:43:04:434 http: OPTIONS /api/teams/directory?search= 204 0 - 1.005 ms
2026-04-30 12:43:04:434 http: GET /api/teams/directory?search= 304 - - 127.837 ms
2026-04-30 12:43:04:434 http: GET /api/subtasks/assigned 200 2539 - 312.308 ms
2026-04-30 12:43:04:434 http: GET /api/teams/directory?search= 304 - - 100.407 ms
2026-04-30 12:43:04:434 http: GET /api/subtasks/assigned 304 - - 180.698 ms
2026-04-30 12:44:54:4454 http: OPTIONS /api/auth/logout 204 0 - 0.080 ms
2026-04-30 12:44:54:4454 http: POST /api/auth/logout 200 39 - 5.919 ms
2026-04-30 12:45:02:452 http: OPTIONS /api/auth/login 204 0 - 0.149 ms
2026-04-30 12:45:02:452 http: POST /api/auth/login 200 482 - 188.947 ms
2026-04-30 12:45:05:455 http: OPTIONS /api/company/employees?page=1&limit=8&search= 204 0 - 0.093 ms
2026-04-30 12:45:05:455 http: OPTIONS /api/company/employees?page=1&limit=8&search= 204 0 - 0.084 ms
2026-04-30 12:45:05:455 http: GET /api/company/employees?page=1&limit=8&search= 304 - - 56.681 ms
2026-04-30 12:45:05:455 http: GET /api/company/employees?page=1&limit=8&search= 304 - - 88.820 ms
2026-04-30 12:45:08:458 http: OPTIONS /api/company/employee/69ea0c48414c0b38bb036a21 204 0 - 0.098 ms
2026-04-30 12:45:08:458 http: OPTIONS /api/company/teams?page=1&limit=10&search= 204 0 - 0.097 ms
2026-04-30 12:45:08:458 http: OPTIONS /api/company/teams?page=1&limit=10&search= 204 0 - 0.894 ms
2026-04-30 12:45:08:458 http: GET /api/company/employee/69ea0c48414c0b38bb036a21 200 1351 - 72.828 ms
2026-04-30 12:45:08:458 http: GET /api/company/teams?page=1&limit=10&search= 304 - - 112.282 ms
2026-04-30 12:45:08:458 http: GET /api/company/teams?page=1&limit=10&search= 304 - - 76.752 ms
2026-04-30 12:45:08:458 http: GET /api/company/employee/69ea0c48414c0b38bb036a21 304 - - 118.923 ms
2026-04-30 12:45:29:4529 http: OPTIONS /api/company/employee/69ea0c48414c0b38bb036a21 204 0 - 0.194 ms
2026-04-30 12:45:29:4529 http: PUT /api/company/employee/69ea0c48414c0b38bb036a21 200 1399 - 93.179 ms
2026-04-30 12:45:30:4530 http: OPTIONS /api/company/employees?page=1&limit=8&search= 204 0 - 0.103 ms
2026-04-30 12:45:30:4530 http: OPTIONS /api/company/employees?page=1&limit=8&search= 204 0 - 0.175 ms
2026-04-30 12:45:30:4530 http: GET /api/company/employees?page=1&limit=8&search= 304 - - 70.352 ms
2026-04-30 12:45:30:4530 http: GET /api/company/employees?page=1&limit=8&search= 304 - - 44.252 ms
2026-04-30 12:45:37:4537 http: OPTIONS /api/auth/logout 204 0 - 0.089 ms
2026-04-30 12:45:37:4537 http: POST /api/auth/logout 200 39 - 3.139 ms
2026-04-30 12:45:48:4548 http: OPTIONS /api/auth/login 204 0 - 0.138 ms
2026-04-30 12:45:48:4548 http: POST /api/auth/login 200 1263 - 239.587 ms
2026-04-30 12:45:51:4551 http: OPTIONS /api/sprints 204 0 - 1.827 ms
2026-04-30 12:45:51:4551 http: OPTIONS /api/sprints 204 0 - 0.151 ms
2026-04-30 12:45:52:4552 http: GET /api/sprints 304 - - 160.802 ms
2026-04-30 12:45:52:4552 http: GET /api/sprints 304 - - 178.683 ms
2026-04-30 12:45:53:4553 http: OPTIONS /api/sprints/69f22716e2f53629fccf5708 204 0 - 0.115 ms
2026-04-30 12:45:53:4553 http: OPTIONS /api/projects?page=1&limit=10&search= 204 0 - 0.257 ms
2026-04-30 12:45:53:4553 http: OPTIONS /api/teams/directory?search= 204 0 - 0.091 ms
2026-04-30 12:45:54:4554 http: OPTIONS /api/teams/directory?search= 204 0 - 0.070 ms
2026-04-30 12:45:54:4554 http: OPTIONS /api/projects?page=1&limit=10&search= 204 0 - 0.151 ms
2026-04-30 12:45:54:4554 http: GET /api/teams/directory?search= 304 - - 98.696 ms
2026-04-30 12:45:54:4554 http: GET /api/sprints/69f22716e2f53629fccf5708 304 - - 117.969 ms
2026-04-30 12:45:54:4554 http: GET /api/projects?page=1&limit=10&search= 304 - - 197.273 ms
2026-04-30 12:45:54:4554 http: GET /api/teams/directory?search= 304 - - 80.667 ms
2026-04-30 12:45:54:4554 http: OPTIONS /api/issues/project/69f2f3b8c8838af586b75723 204 0 - 0.083 ms
2026-04-30 12:45:54:4554 http: GET /api/sprints/69f22716e2f53629fccf5708 304 - - 125.058 ms
2026-04-30 12:45:54:4554 http: GET /api/issues/project/69f2f3b8c8838af586b75723 304 - - 96.974 ms
2026-04-30 12:45:54:4554 http: GET /api/projects?page=1&limit=10&search= 304 - - 164.198 ms
2026-04-30 12:45:54:4554 http: GET /api/issues/project/69f2f3b8c8838af586b75723 304 - - 82.055 ms
2026-04-30 12:46:10:4610 http: OPTIONS /api/subtasks/issue/69f2201bb7b7b81b2fe37932 204 0 - 0.243 ms
2026-04-30 12:46:10:4610 http: GET /api/subtasks/issue/69f2201bb7b7b81b2fe37932 200 757 - 33.348 ms
2026-04-30 12:46:48:4648 http: OPTIONS /api/projects?page=1&limit=10&search= 204 0 - 0.192 ms
2026-04-30 12:46:48:4648 http: OPTIONS /api/projects?page=1&limit=10&search= 204 0 - 0.083 ms
2026-04-30 12:46:48:4648 http: OPTIONS /api/teams/directory?search= 204 0 - 3.136 ms
2026-04-30 12:46:48:4648 http: OPTIONS /api/teams/directory?search= 204 0 - 0.145 ms
2026-04-30 12:46:49:4649 http: GET /api/teams/directory?search= 304 - - 67.967 ms
2026-04-30 12:46:49:4649 http: GET /api/projects?page=1&limit=10&search= 304 - - 162.314 ms
2026-04-30 12:46:49:4649 http: GET /api/teams/directory?search= 304 - - 86.094 ms
2026-04-30 12:46:49:4649 http: GET /api/projects?page=1&limit=10&search= 304 - - 92.222 ms
2026-04-30 12:46:50:4650 http: OPTIONS /api/issues/project/69f2f3b8c8838af586b75723 204 0 - 0.130 ms
2026-04-30 12:46:50:4650 http: GET /api/issues/project/69f2f3b8c8838af586b75723 304 - - 8.460 ms
2026-04-30 12:47:00:470 http: OPTIONS /api/auth/logout 204 0 - 0.128 ms
2026-04-30 12:47:00:470 http: POST /api/auth/logout 200 39 - 11.257 ms
2026-04-30 12:48:40:4840 http: OPTIONS /api/auth/login 204 0 - 0.109 ms
2026-04-30 12:48:40:4840 http: POST /api/auth/login 200 1263 - 158.975 ms
2026-04-30 12:48:42:4842 http: OPTIONS /api/sprints 204 0 - 0.196 ms
2026-04-30 12:48:42:4842 http: OPTIONS /api/sprints 204 0 - 0.128 ms
2026-04-30 12:48:42:4842 http: GET /api/sprints 304 - - 163.178 ms
2026-04-30 12:48:42:4842 http: GET /api/sprints 304 - - 149.596 ms
2026-04-30 12:48:46:4846 http: OPTIONS /api/projects?page=1&limit=10&search= 204 0 - 0.093 ms
2026-04-30 12:48:46:4846 http: OPTIONS /api/teams/directory?search= 204 0 - 0.272 ms
2026-04-30 12:48:46:4846 http: OPTIONS /api/teams/directory?search= 204 0 - 0.114 ms
2026-04-30 12:48:46:4846 http: GET /api/teams/directory?search= 304 - - 162.150 ms
2026-04-30 12:48:46:4846 http: GET /api/projects?page=1&limit=10&search= 304 - - 272.973 ms
2026-04-30 12:48:46:4846 http: GET /api/teams/directory?search= 304 - - 67.834 ms
2026-04-30 12:48:46:4846 http: GET /api/projects?page=1&limit=10&search= 304 - - 91.358 ms
2026-04-30 12:48:47:4847 http: OPTIONS /api/issues/project/69f2f3b8c8838af586b75723 204 0 - 0.085 ms
2026-04-30 12:48:47:4847 http: GET /api/issues/project/69f2f3b8c8838af586b75723 304 - - 50.174 ms
2026-04-30 12:50:12:5012 http: OPTIONS /api/sprints 204 0 - 0.145 ms
2026-04-30 12:50:12:5012 http: GET /api/sprints 304 - - 239.861 ms
2026-04-30 12:50:12:5012 http: GET /api/sprints 304 - - 314.155 ms
2026-04-30 12:50:14:5014 http: OPTIONS /api/sprints/69f22716e2f53629fccf5708 204 0 - 0.104 ms
2026-04-30 12:50:14:5014 http: OPTIONS /api/teams/directory?search= 204 0 - 0.090 ms
2026-04-30 12:50:14:5014 http: OPTIONS /api/projects?page=1&limit=10&search= 204 0 - 0.111 ms
2026-04-30 12:50:14:5014 http: OPTIONS /api/teams/directory?search= 204 0 - 0.107 ms
2026-04-30 12:50:14:5014 http: OPTIONS /api/projects?page=1&limit=10&search= 204 0 - 0.096 ms
2026-04-30 12:50:14:5014 http: GET /api/sprints/69f22716e2f53629fccf5708 304 - - 66.372 ms
2026-04-30 12:50:14:5014 http: GET /api/teams/directory?search= 304 - - 110.961 ms
2026-04-30 12:50:14:5014 http: GET /api/projects?page=1&limit=10&search= 304 - - 216.880 ms
2026-04-30 12:50:15:5015 http: GET /api/sprints/69f22716e2f53629fccf5708 304 - - 195.315 ms
2026-04-30 12:50:15:5015 http: OPTIONS /api/issues/project/69f2f3b8c8838af586b75723 204 0 - 0.105 ms
2026-04-30 12:50:15:5015 http: GET /api/teams/directory?search= 304 - - 119.749 ms
2026-04-30 12:50:15:5015 http: GET /api/issues/project/69f2f3b8c8838af586b75723 304 - - 62.937 ms
2026-04-30 12:50:15:5015 http: GET /api/projects?page=1&limit=10&search= 304 - - 153.325 ms
2026-04-30 12:50:15:5015 http: GET /api/issues/project/69f2f3b8c8838af586b75723 304 - - 42.363 ms
2026-04-30 12:50:52:5052 http: OPTIONS /api/subtasks/assigned 204 0 - 0.103 ms
2026-04-30 12:50:52:5052 http: OPTIONS /api/teams/directory?search= 204 0 - 0.157 ms
2026-04-30 12:50:52:5052 http: OPTIONS /api/subtasks/assigned 204 0 - 0.077 ms
2026-04-30 12:50:52:5052 http: OPTIONS /api/teams/directory?search= 204 0 - 0.241 ms
2026-04-30 12:50:52:5052 http: GET /api/teams/directory?search= 304 - - 118.006 ms
2026-04-30 12:50:52:5052 http: GET /api/subtasks/assigned 304 - - 170.673 ms
2026-04-30 12:50:52:5052 http: GET /api/teams/directory?search= 304 - - 70.659 ms
2026-04-30 12:50:52:5052 http: GET /api/subtasks/assigned 304 - - 101.561 ms
2026-04-30 12:51:29:5129 http: OPTIONS /api/auth/logout 204 0 - 0.142 ms
2026-04-30 12:51:29:5129 http: POST /api/auth/logout 200 39 - 6.434 ms
2026-04-30 12:51:37:5137 http: OPTIONS /api/auth/login 204 0 - 0.084 ms
2026-04-30 12:51:38:5138 http: POST /api/auth/login 200 482 - 220.936 ms
2026-04-30 12:51:39:5139 http: OPTIONS /api/company/teams?page=1&limit=8&search= 204 0 - 0.145 ms
2026-04-30 12:51:39:5139 http: OPTIONS /api/company/teams?page=1&limit=8&search= 204 0 - 0.074 ms
2026-04-30 12:51:39:5139 http: GET /api/company/teams?page=1&limit=8&search= 304 - - 33.869 ms
2026-04-30 12:51:39:5139 http: GET /api/company/teams?page=1&limit=8&search= 304 - - 132.841 ms
2026-04-30 12:51:43:5143 http: OPTIONS /api/company/employees/unassigned?search= 204 0 - 0.149 ms
2026-04-30 12:51:43:5143 http: OPTIONS /api/company/employees/unassigned?search= 204 0 - 0.118 ms
2026-04-30 12:51:43:5143 http: GET /api/company/employees/unassigned?search= 200 681 - 39.237 ms
2026-04-30 12:51:43:5143 http: GET /api/company/employees/unassigned?search= 304 - - 13.510 ms
2026-04-30 12:51:57:5157 http: OPTIONS /api/company/employees/unassigned?search= 204 0 - 0.106 ms
2026-04-30 12:51:57:5157 http: OPTIONS /api/company/employees/unassigned?search= 204 0 - 0.155 ms
2026-04-30 12:51:57:5157 http: GET /api/company/employees/unassigned?search= 304 - - 16.206 ms
2026-04-30 12:51:57:5157 http: GET /api/company/employees/unassigned?search= 304 - - 175.503 ms
2026-04-30 12:52:04:524 http: OPTIONS /api/company/employees?page=1&limit=8&search= 204 0 - 0.101 ms
2026-04-30 12:52:04:524 http: GET /api/company/employees?page=1&limit=8&search= 304 - - 93.404 ms
2026-04-30 12:52:05:525 http: GET /api/company/employees?page=1&limit=8&search= 304 - - 45.700 ms
2026-04-30 12:52:13:5213 http: OPTIONS /api/company/teams?page=1&limit=10&search= 204 0 - 0.091 ms
2026-04-30 12:52:13:5213 http: OPTIONS /api/company/teams?page=1&limit=10&search= 204 0 - 0.089 ms
2026-04-30 12:52:13:5213 http: GET /api/company/teams?page=1&limit=10&search= 304 - - 136.834 ms
2026-04-30 12:52:13:5213 http: GET /api/company/teams?page=1&limit=10&search= 304 - - 26.494 ms
2026-04-30 13:55:42:5542 info: server is running on port 5000
2026-04-30 13:58:34:5834 http: OPTIONS /api/auth/login 204 0 - 2.726 ms
2026-04-30 13:58:34:5834 http: POST /api/auth/login 401 300 - 133.531 ms
2026-04-30 13:58:34:5834 http: OPTIONS /api/auth/refresh 204 0 - 0.143 ms
2026-04-30 13:58:34:5834 http: POST /api/auth/refresh 200 482 - 32.505 ms
2026-04-30 13:58:34:5834 http: OPTIONS /api/auth/login 204 0 - 0.208 ms
2026-04-30 13:58:34:5834 http: POST /api/auth/login 401 300 - 109.864 ms
2026-04-30 13:58:35:5835 http: OPTIONS /api/company/employees?page=1&limit=8&search= 204 0 - 0.131 ms
2026-04-30 13:58:35:5835 http: OPTIONS /api/company/employees?page=1&limit=8&search= 204 0 - 0.125 ms
2026-04-30 13:58:35:5835 http: GET /api/company/employees?page=1&limit=8&search= 304 - - 39.917 ms
2026-04-30 13:58:35:5835 http: GET /api/company/employees?page=1&limit=8&search= 304 - - 12.825 ms
2026-04-30 13:58:44:5844 http: OPTIONS /api/company/teams?page=1&limit=10&search= 204 0 - 0.126 ms
2026-04-30 13:58:44:5844 http: OPTIONS /api/company/teams?page=1&limit=10&search= 204 0 - 0.152 ms
2026-04-30 13:58:44:5844 http: GET /api/company/teams?page=1&limit=10&search= 304 - - 30.923 ms
2026-04-30 13:58:44:5844 http: GET /api/company/teams?page=1&limit=10&search= 304 - - 17.795 ms
2026-04-30 13:59:10:5910 http: OPTIONS /api/company/employees?page=1&limit=8&search= 204 0 - 0.181 ms
2026-04-30 13:59:10:5910 http: OPTIONS /api/company/employees?page=1&limit=8&search= 204 0 - 0.142 ms
2026-04-30 13:59:10:5910 http: GET /api/company/employees?page=1&limit=8&search= 304 - - 29.719 ms
2026-04-30 13:59:10:5910 http: GET /api/company/employees?page=1&limit=8&search= 304 - - 14.782 ms
2026-04-30 14:30:34:3034 http: OPTIONS /api/auth/refresh 204 0 - 0.198 ms
2026-04-30 14:30:34:3034 http: OPTIONS /api/auth/refresh 204 0 - 0.138 ms
2026-04-30 14:30:34:3034 http: POST /api/auth/refresh 200 482 - 43.751 ms
2026-04-30 14:30:34:3034 http: POST /api/auth/refresh 200 482 - 38.270 ms
2026-04-30 14:30:34:3034 http: OPTIONS /api/company/employees?page=1&limit=8&search= 204 0 - 0.090 ms
2026-04-30 14:30:34:3034 http: OPTIONS /api/company/employees?page=1&limit=8&search= 204 0 - 0.091 ms
2026-04-30 14:30:35:3035 http: GET /api/company/employees?page=1&limit=8&search= 304 - - 25.264 ms
2026-04-30 14:30:35:3035 http: GET /api/company/employees?page=1&limit=8&search= 304 - - 15.663 ms
