2026-05-12 09:00:49:049 http: OPTIONS /api/auth/refresh 204 0 - 1.256 ms
2026-05-12 09:00:50:050 http: OPTIONS /api/auth/refresh 204 0 - 0.106 ms
2026-05-12 09:00:50:050 http: POST /api/auth/refresh 200 491 - 71.510 ms
2026-05-12 09:00:50:050 http: POST /api/auth/refresh 200 491 - 19.864 ms
2026-05-12 09:00:50:050 http: OPTIONS /api/company/employees?page=1&limit=8&search= 204 0 - 0.115 ms
2026-05-12 09:00:50:050 http: GET /api/company/employees?page=1&limit=8&search= 304 - - 69.632 ms
2026-05-12 09:00:50:050 http: GET /api/company/employees?page=1&limit=8&search= 304 - - 16.979 ms
2026-05-12 09:07:00:70 http: OPTIONS /api/auth/refresh 204 0 - 2.025 ms
2026-05-12 09:07:00:70 http: OPTIONS /api/auth/refresh 204 0 - 0.474 ms
2026-05-12 09:07:00:70 http: POST /api/auth/refresh 200 1671 - 108.369 ms
2026-05-12 09:07:00:70 http: POST /api/auth/refresh 200 1671 - 113.361 ms
2026-05-12 09:07:00:70 http: OPTIONS /api/subtasks/all?search= 204 0 - 0.132 ms
2026-05-12 09:07:00:70 http: OPTIONS /api/subtasks/all?search= 204 0 - 0.155 ms
2026-05-12 09:07:00:70 http: OPTIONS /api/teams/directory?search= 204 0 - 0.299 ms
2026-05-12 09:07:00:70 http: OPTIONS /api/teams/directory?search= 204 0 - 0.115 ms
2026-05-12 09:07:00:70 http: GET /api/teams/directory?search= 304 - - 236.673 ms
2026-05-12 09:07:01:71 http: GET /api/subtasks/all?search= 304 - - 301.561 ms
2026-05-12 09:07:01:71 http: GET /api/teams/directory?search= 304 - - 61.000 ms
2026-05-12 09:07:01:71 http: GET /api/subtasks/all?search= 304 - - 95.494 ms
2026-05-12 09:07:03:73 http: OPTIONS /api/dashboard/employee 204 0 - 0.097 ms
2026-05-12 09:07:03:73 http: OPTIONS /api/dashboard/employee 204 0 - 0.090 ms
2026-05-12 09:07:03:73 http: GET /api/dashboard/employee 304 - - 68.362 ms
2026-05-12 09:07:03:73 http: GET /api/dashboard/employee 304 - - 61.001 ms
2026-05-12 09:07:08:78 http: OPTIONS /api/auth/refresh 204 0 - 0.103 ms
2026-05-12 09:07:08:78 http: OPTIONS /api/auth/refresh 204 0 - 0.100 ms
2026-05-12 09:07:09:79 http: POST /api/auth/refresh 200 1844 - 45.505 ms
2026-05-12 09:07:09:79 http: POST /api/auth/refresh 200 1844 - 49.548 ms
2026-05-12 09:07:09:79 http: OPTIONS /api/subtasks/team?search= 204 0 - 0.103 ms
2026-05-12 09:07:09:79 http: OPTIONS /api/teams/directory?search= 204 0 - 0.079 ms
2026-05-12 09:07:09:79 http: OPTIONS /api/teams/directory?search= 204 0 - 0.077 ms
2026-05-12 09:07:09:79 http: GET /api/teams/directory?search= 304 - - 73.146 ms
2026-05-12 09:07:09:79 http: GET /api/teams/directory?search= 304 - - 44.426 ms
2026-05-12 09:07:09:79 http: GET /api/subtasks/team?search= 304 - - 151.339 ms
2026-05-12 09:07:09:79 http: GET /api/subtasks/team?search= 304 - - 55.839 ms
2026-05-12 09:07:10:710 http: OPTIONS /api/auth/refresh 204 0 - 0.100 ms
2026-05-12 09:07:10:710 http: OPTIONS /api/auth/refresh 204 0 - 0.097 ms
2026-05-12 09:07:10:710 http: POST /api/auth/refresh 200 1805 - 31.155 ms
2026-05-12 09:07:10:710 http: POST /api/auth/refresh 200 1805 - 33.928 ms
2026-05-12 09:07:10:710 http: OPTIONS /api/subtasks/team?search= 204 0 - 0.096 ms
2026-05-12 09:07:10:710 http: OPTIONS /api/teams/directory?search= 204 0 - 0.070 ms
2026-05-12 09:07:10:710 http: OPTIONS /api/teams/directory?search= 204 0 - 0.373 ms
2026-05-12 09:07:10:710 http: GET /api/teams/directory?search= 304 - - 45.386 ms
2026-05-12 09:07:10:710 http: GET /api/subtasks/team?search= 304 - - 78.829 ms
2026-05-12 09:07:10:710 http: GET /api/teams/directory?search= 304 - - 30.417 ms
2026-05-12 09:07:10:710 http: GET /api/subtasks/team?search= 304 - - 44.473 ms
2026-05-12 09:07:21:721 http: OPTIONS /api/subtasks/all?search= 204 0 - 0.145 ms
2026-05-12 09:07:21:721 http: OPTIONS /api/teams/directory?search= 204 0 - 0.149 ms
2026-05-12 09:07:21:721 http: OPTIONS /api/subtasks/all?search= 204 0 - 0.110 ms
2026-05-12 09:07:21:721 http: OPTIONS /api/teams/directory?search= 204 0 - 0.067 ms
2026-05-12 09:07:21:721 http: GET /api/teams/directory?search= 304 - - 43.769 ms
2026-05-12 09:07:21:721 http: GET /api/subtasks/all?search= 304 - - 71.708 ms
2026-05-12 09:07:21:721 http: GET /api/teams/directory?search= 304 - - 54.767 ms
2026-05-12 09:07:21:721 http: GET /api/subtasks/all?search= 304 - - 59.351 ms
2026-05-12 09:11:42:1142 info: server is running on port 5000
2026-05-12 09:13:54:1354 info: server is running on port 5000
2026-05-12 09:13:57:1357 http: OPTIONS /api/auth/refresh 204 0 - 4.749 ms
2026-05-12 09:13:57:1357 http: OPTIONS /api/auth/refresh 204 0 - 0.257 ms
2026-05-12 09:13:57:1357 http: POST /api/auth/refresh 200 1671 - 63.002 ms
2026-05-12 09:13:57:1357 http: POST /api/auth/refresh 200 1671 - 131.787 ms
2026-05-12 09:13:57:1357 http: OPTIONS /api/subtasks/all?search= 204 0 - 0.279 ms
2026-05-12 09:13:57:1357 http: OPTIONS /api/subtasks/all?search= 204 0 - 0.216 ms
2026-05-12 09:13:57:1357 http: OPTIONS /api/teams/directory?search= 204 0 - 0.169 ms
2026-05-12 09:13:57:1357 http: OPTIONS /api/teams/directory?search= 204 0 - 0.288 ms
2026-05-12 09:13:57:1357 http: GET /api/teams/directory?search= 304 - - 92.668 ms
2026-05-12 09:13:57:1357 http: GET /api/subtasks/all?search= 200 7430 - 149.880 ms
2026-05-12 09:13:57:1357 http: GET /api/teams/directory?search= 304 - - 49.567 ms
2026-05-12 09:13:58:1358 http: GET /api/subtasks/all?search= 304 - - 101.578 ms
2026-05-12 09:15:37:1537 http: OPTIONS /api/dashboard/employee 204 0 - 0.340 ms
2026-05-12 09:15:37:1537 http: OPTIONS /api/dashboard/employee 204 0 - 0.164 ms
2026-05-12 09:15:38:1538 http: GET /api/dashboard/employee 304 - - 71.598 ms
2026-05-12 09:15:38:1538 http: GET /api/dashboard/employee 304 - - 50.021 ms
2026-05-12 09:16:14:1614 http: OPTIONS /api/auth/refresh 204 0 - 0.236 ms
2026-05-12 09:16:14:1614 http: OPTIONS /api/auth/refresh 204 0 - 0.198 ms
2026-05-12 09:16:14:1614 http: POST /api/auth/refresh 200 1671 - 38.646 ms
2026-05-12 09:16:14:1614 http: POST /api/auth/refresh 200 1671 - 40.217 ms
2026-05-12 09:16:14:1614 http: OPTIONS /api/dashboard/employee 204 0 - 0.187 ms
2026-05-12 09:16:14:1614 http: OPTIONS /api/dashboard/employee 204 0 - 0.087 ms
2026-05-12 09:16:14:1614 http: GET /api/dashboard/employee 304 - - 44.414 ms
2026-05-12 09:16:14:1614 http: GET /api/dashboard/employee 304 - - 46.799 ms
2026-05-12 09:18:11:1811 info: server is running on port 5000
2026-05-12 09:19:00:190 info: server is running on port 5000
2026-05-12 09:19:10:1910 http: OPTIONS /api/auth/refresh 204 0 - 2.063 ms
2026-05-12 09:19:10:1910 http: OPTIONS /api/auth/refresh 204 0 - 0.193 ms
2026-05-12 09:19:10:1910 http: POST /api/auth/refresh 200 1671 - 139.014 ms
2026-05-12 09:19:10:1910 http: POST /api/auth/refresh 200 1671 - 53.048 ms
2026-05-12 09:19:10:1910 http: OPTIONS /api/dashboard/employee 204 0 - 0.199 ms
2026-05-12 09:19:10:1910 http: OPTIONS /api/dashboard/employee 204 0 - 0.183 ms
2026-05-12 09:19:10:1910 http: GET /api/dashboard/employee 200 1566 - 56.993 ms
2026-05-12 09:19:10:1910 http: GET /api/dashboard/employee 304 - - 40.045 ms
2026-05-12 09:22:33:2233 http: OPTIONS /api/dashboard/employee 204 0 - 0.363 ms
2026-05-12 09:22:33:2233 http: OPTIONS /api/dashboard/employee 204 0 - 0.495 ms
2026-05-12 09:22:33:2233 http: GET /api/dashboard/employee 401 54 - 1.370 ms
2026-05-12 09:22:33:2233 http: GET /api/dashboard/employee 401 54 - 1.769 ms
2026-05-12 09:22:33:2233 http: OPTIONS /api/auth/refresh 204 0 - 0.168 ms
2026-05-12 09:22:33:2233 http: POST /api/auth/refresh 200 1844 - 33.060 ms
2026-05-12 09:22:33:2233 http: POST /api/auth/refresh 200 1844 - 41.922 ms
2026-05-12 09:22:33:2233 http: GET /api/dashboard/employee 304 - - 68.418 ms
2026-05-12 09:22:33:2233 http: GET /api/dashboard/employee 304 - - 36.741 ms
2026-05-12 09:30:25:3025 http: OPTIONS /api/dashboard/employee 204 0 - 0.295 ms
2026-05-12 09:30:25:3025 http: OPTIONS /api/dashboard/employee 204 0 - 0.545 ms
2026-05-12 09:30:25:3025 http: GET /api/dashboard/employee 401 54 - 1.428 ms
2026-05-12 09:30:25:3025 http: GET /api/dashboard/employee 401 54 - 1.167 ms
2026-05-12 09:30:25:3025 http: OPTIONS /api/auth/refresh 204 0 - 0.178 ms
2026-05-12 09:30:25:3025 http: OPTIONS /api/auth/refresh 204 0 - 0.103 ms
2026-05-12 09:30:25:3025 http: POST /api/auth/refresh 200 1805 - 31.615 ms
2026-05-12 09:30:25:3025 http: POST /api/auth/refresh 200 1805 - 44.336 ms
2026-05-12 09:30:25:3025 http: GET /api/dashboard/employee 304 - - 49.101 ms
2026-05-12 09:30:25:3025 http: GET /api/dashboard/employee 304 - - 37.131 ms
2026-05-12 09:33:59:3359 http: OPTIONS /api/auth/refresh 204 0 - 0.160 ms
2026-05-12 09:33:59:3359 http: OPTIONS /api/auth/refresh 204 0 - 0.135 ms
2026-05-12 09:33:59:3359 http: POST /api/auth/refresh 401 47 - 1.991 ms
2026-05-12 09:33:59:3359 http: POST /api/auth/refresh 401 47 - 0.741 ms
2026-05-12 09:33:59:3359 http: POST /api/auth/refresh 401 47 - 1.849 ms
2026-05-12 09:33:59:3359 http: POST /api/auth/refresh 401 47 - 0.990 ms
2026-05-12 09:34:16:3416 http: OPTIONS /api/auth/login 204 0 - 0.065 ms
2026-05-12 09:34:16:3416 http: POST /api/auth/login 200 1273 - 142.772 ms
2026-05-12 09:34:16:3416 http: OPTIONS /api/dashboard/employee 204 0 - 0.104 ms
2026-05-12 09:34:16:3416 http: GET /api/dashboard/employee 200 1322 - 76.601 ms
2026-05-12 09:34:16:3416 http: GET /api/dashboard/employee 304 - - 47.874 ms
2026-05-12 09:35:35:3535 http: OPTIONS /api/auth/refresh 204 0 - 0.109 ms
2026-05-12 09:35:35:3535 http: OPTIONS /api/auth/refresh 204 0 - 0.079 ms
2026-05-12 09:35:35:3535 http: POST /api/auth/refresh 401 47 - 0.778 ms
2026-05-12 09:35:35:3535 http: POST /api/auth/refresh 401 47 - 0.710 ms
2026-05-12 09:35:35:3535 http: POST /api/auth/refresh 401 47 - 0.657 ms
2026-05-12 09:35:35:3535 http: POST /api/auth/refresh 401 47 - 0.619 ms
2026-05-12 09:35:55:3555 http: OPTIONS /api/auth/login 204 0 - 0.176 ms
2026-05-12 09:35:55:3555 http: POST /api/auth/login 200 1272 - 89.420 ms
2026-05-12 09:35:55:3555 http: OPTIONS /api/dashboard/employee 204 0 - 0.099 ms
2026-05-12 09:35:55:3555 http: OPTIONS /api/dashboard/employee 204 0 - 0.100 ms
2026-05-12 09:35:55:3555 http: GET /api/dashboard/employee 200 1228 - 41.548 ms
2026-05-12 09:35:55:3555 http: GET /api/dashboard/employee 304 - - 41.375 ms
2026-05-12 09:41:44:4144 info: server is running on port 5000
2026-05-12 09:42:20:4220 http: OPTIONS /api/auth/refresh 204 0 - 3.078 ms
2026-05-12 09:42:20:4220 http: OPTIONS /api/auth/refresh 204 0 - 0.278 ms
2026-05-12 09:42:20:4220 http: POST /api/auth/refresh 200 1243 - 191.721 ms
2026-05-12 09:42:20:4220 http: POST /api/auth/refresh 200 1243 - 115.647 ms
2026-05-12 09:42:20:4220 http: OPTIONS /api/dashboard/employee 204 0 - 0.353 ms
2026-05-12 09:42:20:4220 http: OPTIONS /api/dashboard/employee 204 0 - 0.210 ms
2026-05-12 09:42:21:4221 http: GET /api/dashboard/employee 200 780 - 89.036 ms
2026-05-12 09:42:21:4221 http: GET /api/dashboard/employee 304 - - 33.234 ms
2026-05-12 09:42:46:4246 http: OPTIONS /api/auth/refresh 204 0 - 0.302 ms
2026-05-12 09:42:46:4246 http: OPTIONS /api/auth/refresh 204 0 - 0.132 ms
2026-05-12 09:42:46:4246 http: POST /api/auth/refresh 200 1844 - 47.970 ms
2026-05-12 09:42:46:4246 http: POST /api/auth/refresh 200 1844 - 50.546 ms
2026-05-12 09:42:46:4246 http: OPTIONS /api/dashboard/employee 204 0 - 0.178 ms
2026-05-12 09:42:46:4246 http: OPTIONS /api/dashboard/employee 204 0 - 0.159 ms
2026-05-12 09:42:46:4246 http: GET /api/dashboard/employee 304 - - 69.425 ms
2026-05-12 09:42:46:4246 http: GET /api/dashboard/employee 304 - - 46.827 ms
2026-05-12 09:44:09:449 http: OPTIONS /api/auth/refresh 204 0 - 0.135 ms
2026-05-12 09:44:09:449 http: OPTIONS /api/auth/refresh 204 0 - 0.209 ms
2026-05-12 09:44:09:449 http: POST /api/auth/refresh 200 1244 - 40.486 ms
2026-05-12 09:44:09:449 http: POST /api/auth/refresh 200 1244 - 41.417 ms
2026-05-12 09:44:09:449 http: OPTIONS /api/dashboard/employee 204 0 - 0.154 ms
2026-05-12 09:44:09:449 http: OPTIONS /api/dashboard/employee 204 0 - 0.085 ms
2026-05-12 09:44:09:449 http: GET /api/dashboard/employee 200 875 - 24.583 ms
2026-05-12 09:44:09:449 http: GET /api/dashboard/employee 304 - - 47.413 ms
2026-05-12 09:45:20:4520 http: OPTIONS /api/auth/refresh 204 0 - 0.128 ms
2026-05-12 09:45:20:4520 http: OPTIONS /api/auth/refresh 204 0 - 0.422 ms
2026-05-12 09:45:20:4520 http: POST /api/auth/refresh 200 1243 - 40.034 ms
2026-05-12 09:45:20:4520 http: POST /api/auth/refresh 200 1243 - 46.412 ms
2026-05-12 09:45:20:4520 http: OPTIONS /api/dashboard/employee 204 0 - 0.227 ms
2026-05-12 09:45:20:4520 http: OPTIONS /api/dashboard/employee 204 0 - 0.100 ms
2026-05-12 09:45:20:4520 http: GET /api/dashboard/employee 304 - - 27.124 ms
2026-05-12 09:45:20:4520 http: GET /api/dashboard/employee 304 - - 39.693 ms
2026-05-12 09:45:29:4529 http: OPTIONS /api/subtasks/assigned?search= 204 0 - 0.302 ms
2026-05-12 09:45:29:4529 http: OPTIONS /api/teams/directory?search= 204 0 - 0.165 ms
2026-05-12 09:45:29:4529 http: OPTIONS /api/teams/directory?search= 204 0 - 0.108 ms
2026-05-12 09:45:29:4529 http: OPTIONS /api/subtasks/assigned?search= 204 0 - 0.418 ms
2026-05-12 09:45:29:4529 http: GET /api/teams/directory?search= 200 460 - 51.353 ms
2026-05-12 09:45:29:4529 http: GET /api/subtasks/assigned?search= 200 958 - 72.999 ms
2026-05-12 09:45:29:4529 http: GET /api/teams/directory?search= 304 - - 26.214 ms
2026-05-12 09:45:29:4529 http: GET /api/subtasks/assigned?search= 304 - - 44.178 ms
2026-05-12 09:45:31:4531 http: OPTIONS /api/sprints?search= 204 0 - 0.161 ms
2026-05-12 09:45:31:4531 http: OPTIONS /api/sprints?search= 204 0 - 0.107 ms
2026-05-12 09:45:31:4531 http: GET /api/sprints?search= 200 511 - 38.731 ms
2026-05-12 09:45:31:4531 http: GET /api/sprints?search= 304 - - 42.963 ms
2026-05-12 09:45:40:4540 http: OPTIONS /api/subtasks/assigned?search= 204 0 - 0.137 ms
2026-05-12 09:45:40:4540 http: OPTIONS /api/teams/directory?search= 204 0 - 0.118 ms
2026-05-12 09:45:40:4540 http: OPTIONS /api/subtasks/assigned?search= 204 0 - 0.147 ms
2026-05-12 09:45:40:4540 http: OPTIONS /api/teams/directory?search= 204 0 - 0.120 ms
2026-05-12 09:45:40:4540 http: GET /api/teams/directory?search= 304 - - 32.720 ms
2026-05-12 09:45:40:4540 http: GET /api/subtasks/assigned?search= 304 - - 59.890 ms
2026-05-12 09:45:40:4540 http: GET /api/teams/directory?search= 304 - - 21.677 ms
2026-05-12 09:45:40:4540 http: GET /api/subtasks/assigned?search= 304 - - 26.401 ms
2026-05-12 09:46:30:4630 http: OPTIONS /api/auth/refresh 204 0 - 0.153 ms
2026-05-12 09:46:30:4630 http: OPTIONS /api/auth/refresh 204 0 - 0.119 ms
2026-05-12 09:46:30:4630 http: POST /api/auth/refresh 200 1244 - 31.327 ms
2026-05-12 09:46:30:4630 http: POST /api/auth/refresh 200 1244 - 32.686 ms
2026-05-12 09:46:30:4630 http: OPTIONS /api/dashboard/employee 204 0 - 0.110 ms
2026-05-12 09:46:30:4630 http: OPTIONS /api/dashboard/employee 204 0 - 0.095 ms
2026-05-12 09:46:30:4630 http: GET /api/dashboard/employee 304 - - 24.246 ms
2026-05-12 09:46:31:4631 http: GET /api/dashboard/employee 304 - - 56.012 ms
2026-05-12 09:46:32:4632 http: OPTIONS /api/subtasks/assigned?search= 204 0 - 0.156 ms
2026-05-12 09:46:32:4632 http: OPTIONS /api/teams/directory?search= 204 0 - 0.169 ms
2026-05-12 09:46:32:4632 http: OPTIONS /api/teams/directory?search= 204 0 - 0.096 ms
2026-05-12 09:46:32:4632 http: GET /api/teams/directory?search= 200 461 - 38.503 ms
2026-05-12 09:46:32:4632 http: GET /api/subtasks/assigned?search= 200 2419 - 61.574 ms
2026-05-12 09:46:32:4632 http: GET /api/teams/directory?search= 304 - - 25.757 ms
2026-05-12 09:46:32:4632 http: GET /api/subtasks/assigned?search= 304 - - 36.158 ms
2026-05-12 09:46:38:4638 http: OPTIONS /api/projects?page=1&limit=10&search= 204 0 - 0.102 ms
2026-05-12 09:46:38:4638 http: OPTIONS /api/teams/directory?search= 204 0 - 0.125 ms
2026-05-12 09:46:38:4638 http: OPTIONS /api/projects?page=1&limit=10&search= 204 0 - 0.085 ms
2026-05-12 09:46:38:4638 http: GET /api/teams/directory?search= 304 - - 23.608 ms
2026-05-12 09:46:38:4638 http: GET /api/projects?page=1&limit=10&search= 200 522 - 53.600 ms
2026-05-12 09:46:38:4638 http: GET /api/teams/directory?search= 304 - - 27.137 ms
2026-05-12 09:46:38:4638 http: GET /api/projects?page=1&limit=10&search= 304 - - 25.849 ms
2026-05-12 09:46:39:4639 http: OPTIONS /api/sprints?search= 204 0 - 0.105 ms
2026-05-12 09:46:39:4639 http: OPTIONS /api/sprints?search= 204 0 - 0.057 ms
2026-05-12 09:46:39:4639 http: GET /api/sprints?search= 200 511 - 35.698 ms
2026-05-12 09:46:39:4639 http: GET /api/sprints?search= 304 - - 34.206 ms
2026-05-12 09:46:42:4642 http: OPTIONS /api/sprints/6a01e6ff629fa9bb7e94e0c3 204 0 - 0.121 ms
2026-05-12 09:46:42:4642 http: GET /api/teams/directory?search= 304 - - 32.766 ms
2026-05-12 09:46:42:4642 http: GET /api/sprints/6a01e6ff629fa9bb7e94e0c3 200 4214 - 42.175 ms
2026-05-12 09:46:42:4642 http: GET /api/projects?page=1&limit=10&search= 304 - - 67.602 ms
2026-05-12 09:46:42:4642 http: GET /api/teams/directory?search= 304 - - 31.140 ms
2026-05-12 09:46:42:4642 http: OPTIONS /api/issues/project/6a01e55b629fa9bb7e94df53 204 0 - 0.099 ms
2026-05-12 09:46:42:4642 http: GET /api/sprints/6a01e6ff629fa9bb7e94e0c3 304 - - 46.737 ms
2026-05-12 09:46:42:4642 http: GET /api/issues/project/6a01e55b629fa9bb7e94df53 200 3741 - 38.222 ms
2026-05-12 09:46:42:4642 http: GET /api/projects?page=1&limit=10&search= 304 - - 58.238 ms
2026-05-12 09:46:42:4642 http: GET /api/issues/project/6a01e55b629fa9bb7e94df53 304 - - 17.468 ms
2026-05-12 09:46:51:4651 http: OPTIONS /api/subtasks/issue/6a01e865629fa9bb7e94e252 204 0 - 0.099 ms
2026-05-12 09:46:51:4651 http: GET /api/subtasks/issue/6a01e865629fa9bb7e94e252 200 26 - 5.529 ms
2026-05-12 09:46:54:4654 http: OPTIONS /api/subtasks/issue/6a01e673629fa9bb7e94e011 204 0 - 0.095 ms
2026-05-12 09:46:54:4654 http: GET /api/subtasks/issue/6a01e673629fa9bb7e94e011 200 5780 - 33.743 ms
2026-05-12 09:47:06:476 http: OPTIONS /api/subtasks/assigned?search= 204 0 - 0.252 ms
2026-05-12 09:47:06:476 http: OPTIONS /api/teams/directory?search= 204 0 - 0.220 ms
2026-05-12 09:47:06:476 http: OPTIONS /api/teams/directory?search= 204 0 - 0.114 ms
2026-05-12 09:47:06:476 http: GET /api/teams/directory?search= 304 - - 30.450 ms
2026-05-12 09:47:06:476 http: GET /api/teams/directory?search= 304 - - 27.028 ms
2026-05-12 09:47:06:476 http: GET /api/subtasks/assigned?search= 304 - - 68.447 ms
2026-05-12 09:47:06:476 http: GET /api/subtasks/assigned?search= 304 - - 31.378 ms
2026-05-12 10:03:53:353 http: OPTIONS /api/subtasks/start/6a020057184249628bf278a0 204 0 - 1.414 ms
2026-05-12 10:03:53:353 http: PATCH /api/subtasks/start/6a020057184249628bf278a0 401 54 - 12.690 ms
2026-05-12 10:03:53:353 http: OPTIONS /api/auth/refresh 204 0 - 0.053 ms
2026-05-12 10:03:53:353 http: POST /api/auth/refresh 200 1244 - 38.508 ms
2026-05-12 10:03:53:353 http: PATCH /api/subtasks/start/6a020057184249628bf278a0 200 1439 - 88.345 ms
2026-05-12 10:03:53:353 http: OPTIONS /api/subtasks/assigned?search= 204 0 - 0.062 ms
2026-05-12 10:03:53:353 http: GET /api/subtasks/assigned?search= 200 2612 - 38.556 ms
2026-05-12 10:03:57:357 http: OPTIONS /api/dashboard/employee 204 0 - 0.176 ms
2026-05-12 10:03:57:357 http: GET /api/dashboard/employee 200 977 - 28.012 ms
2026-05-12 10:03:57:357 http: GET /api/dashboard/employee 304 - - 27.189 ms
2026-05-12 10:08:17:817 http: OPTIONS /api/auth/refresh 204 0 - 0.932 ms
2026-05-12 10:08:17:817 http: OPTIONS /api/auth/refresh 204 0 - 0.083 ms
2026-05-12 10:08:17:817 http: POST /api/auth/refresh 200 1844 - 37.177 ms
2026-05-12 10:08:17:817 http: POST /api/auth/refresh 200 1844 - 41.151 ms
2026-05-12 10:08:17:817 http: OPTIONS /api/dashboard/employee 204 0 - 0.087 ms
2026-05-12 10:08:17:817 http: OPTIONS /api/dashboard/employee 204 0 - 0.114 ms
2026-05-12 10:08:17:817 http: GET /api/dashboard/employee 200 1368 - 68.588 ms
2026-05-12 10:08:17:817 http: GET /api/dashboard/employee 304 - - 42.305 ms
2026-05-12 10:09:22:922 http: OPTIONS /api/teams/directory?search= 204 0 - 0.113 ms
2026-05-12 10:09:22:922 http: OPTIONS /api/teams/directory?search= 204 0 - 0.080 ms
2026-05-12 10:09:22:922 http: GET /api/teams/directory?search= 304 - - 18.987 ms
2026-05-12 10:09:22:922 http: GET /api/teams/directory?search= 304 - - 11.814 ms
2026-05-12 10:09:24:924 http: OPTIONS /api/subtasks/team?search= 204 0 - 0.109 ms
2026-05-12 10:09:25:925 http: GET /api/teams/directory?search= 304 - - 30.925 ms
2026-05-12 10:09:25:925 http: GET /api/teams/directory?search= 304 - - 31.005 ms
2026-05-12 10:09:25:925 http: GET /api/subtasks/team?search= 200 5461 - 82.533 ms
2026-05-12 10:09:25:925 http: GET /api/subtasks/team?search= 304 - - 49.507 ms
2026-05-12 10:09:45:945 http: OPTIONS /api/subtasks/6a020057184249628bf278a0 204 0 - 0.167 ms
2026-05-12 10:09:45:945 http: PUT /api/subtasks/6a020057184249628bf278a0 200 1700 - 70.053 ms
2026-05-12 10:09:45:945 http: OPTIONS /api/subtasks/team?search= 204 0 - 0.108 ms
2026-05-12 10:09:45:945 http: GET /api/subtasks/team?search= 200 5718 - 43.259 ms
2026-05-12 10:09:48:948 http: OPTIONS /api/dashboard/employee 204 0 - 0.152 ms
2026-05-12 10:09:48:948 http: OPTIONS /api/dashboard/employee 204 0 - 0.155 ms
2026-05-12 10:09:48:948 http: GET /api/dashboard/employee 200 1368 - 30.846 ms
2026-05-12 10:09:48:948 http: GET /api/dashboard/employee 304 - - 35.728 ms
2026-05-12 10:09:51:951 http: OPTIONS /api/auth/refresh 204 0 - 0.104 ms
2026-05-12 10:09:51:951 http: OPTIONS /api/auth/refresh 204 0 - 0.089 ms
2026-05-12 10:09:51:951 http: POST /api/auth/refresh 200 1844 - 31.793 ms
2026-05-12 10:09:51:951 http: POST /api/auth/refresh 200 1844 - 35.118 ms
2026-05-12 10:09:51:951 http: GET /api/dashboard/employee 304 - - 31.538 ms
2026-05-12 10:09:51:951 http: GET /api/dashboard/employee 304 - - 54.876 ms
2026-05-12 10:10:12:1012 http: OPTIONS /api/auth/refresh 204 0 - 0.122 ms
2026-05-12 10:10:12:1012 http: OPTIONS /api/auth/refresh 204 0 - 0.104 ms
2026-05-12 10:10:12:1012 http: POST /api/auth/refresh 200 1244 - 30.762 ms
2026-05-12 10:10:12:1012 http: POST /api/auth/refresh 200 1244 - 31.833 ms
2026-05-12 10:10:12:1012 http: OPTIONS /api/dashboard/employee 204 0 - 0.094 ms
2026-05-12 10:10:12:1012 http: OPTIONS /api/dashboard/employee 204 0 - 0.088 ms
2026-05-12 10:10:12:1012 http: GET /api/dashboard/employee 200 877 - 20.499 ms
2026-05-12 10:10:12:1012 http: GET /api/dashboard/employee 304 - - 40.244 ms
2026-05-12 10:22:03:223 http: OPTIONS /api/subtasks/assigned?search= 204 0 - 1.754 ms
2026-05-12 10:22:03:223 http: OPTIONS /api/teams/directory?search= 204 0 - 0.049 ms
2026-05-12 10:22:03:223 http: OPTIONS /api/subtasks/assigned?search= 204 0 - 0.081 ms
2026-05-12 10:22:03:223 http: OPTIONS /api/teams/directory?search= 204 0 - 0.292 ms
2026-05-12 10:22:03:223 http: GET /api/teams/directory?search= 304 - - 67.204 ms
2026-05-12 10:22:03:223 http: GET /api/subtasks/assigned?search= 200 2869 - 106.262 ms
2026-05-12 10:22:03:223 http: GET /api/teams/directory?search= 304 - - 23.401 ms
2026-05-12 10:22:03:223 http: GET /api/subtasks/assigned?search= 304 - - 42.328 ms
2026-05-12 10:22:09:229 http: OPTIONS /api/dashboard/employee 204 0 - 1.606 ms
2026-05-12 10:22:09:229 http: OPTIONS /api/dashboard/employee 204 0 - 0.101 ms
2026-05-12 10:22:09:229 http: GET /api/dashboard/employee 304 - - 102.325 ms
2026-05-12 10:22:10:2210 http: GET /api/dashboard/employee 304 - - 24.144 ms
2026-05-12 10:22:18:2218 http: OPTIONS /api/auth/refresh 204 0 - 0.126 ms
2026-05-12 10:22:18:2218 http: OPTIONS /api/auth/refresh 204 0 - 0.089 ms
2026-05-12 10:22:18:2218 http: POST /api/auth/refresh 200 1844 - 34.824 ms
2026-05-12 10:22:18:2218 http: POST /api/auth/refresh 200 1844 - 35.815 ms
2026-05-12 10:22:18:2218 http: OPTIONS /api/dashboard/employee 204 0 - 0.082 ms
2026-05-12 10:22:18:2218 http: OPTIONS /api/dashboard/employee 204 0 - 0.060 ms
2026-05-12 10:22:18:2218 http: GET /api/dashboard/employee 304 - - 53.918 ms
2026-05-12 10:22:18:2218 http: GET /api/dashboard/employee 304 - - 52.939 ms
2026-05-12 10:22:45:2245 http: OPTIONS /api/dashboard/company 204 0 - 0.581 ms
2026-05-12 10:22:45:2245 http: OPTIONS /api/dashboard/company 204 0 - 0.087 ms
2026-05-12 10:22:45:2245 http: GET /api/dashboard/company 401 54 - 2.664 ms
2026-05-12 10:22:45:2245 http: GET /api/dashboard/company 401 54 - 1.006 ms
2026-05-12 10:22:45:2245 http: OPTIONS /api/auth/refresh 204 0 - 0.083 ms
2026-05-12 10:22:45:2245 http: OPTIONS /api/auth/refresh 204 0 - 0.234 ms
2026-05-12 10:22:45:2245 http: POST /api/auth/refresh 200 491 - 14.771 ms
2026-05-12 10:22:45:2245 http: POST /api/auth/refresh 200 491 - 14.956 ms
2026-05-12 10:22:46:2246 http: GET /api/dashboard/company 200 271 - 174.174 ms
2026-05-12 10:22:46:2246 http: GET /api/dashboard/company 304 - - 48.694 ms
2026-05-12 10:24:09:249 info: server is running on port 5000
2026-05-12 10:24:36:2436 info: server is running on port 5000
2026-05-12 10:26:19:2619 info: server is running on port 5000
2026-05-12 10:52:58:5258 http: OPTIONS /api/auth/refresh 204 0 - 7.361 ms
2026-05-12 10:52:58:5258 http: OPTIONS /api/auth/refresh 204 0 - 0.221 ms
2026-05-12 10:52:58:5258 http: POST /api/auth/refresh 200 491 - 129.520 ms
2026-05-12 10:52:58:5258 http: POST /api/auth/refresh 200 491 - 32.797 ms
2026-05-12 10:52:58:5258 http: OPTIONS /api/dashboard/company 204 0 - 0.195 ms
2026-05-12 10:52:58:5258 http: OPTIONS /api/dashboard/company 204 0 - 0.177 ms
2026-05-12 10:52:58:5258 http: GET /api/dashboard/company 304 - - 116.305 ms
2026-05-12 10:52:58:5258 http: GET /api/dashboard/company 304 - - 45.290 ms
2026-05-12 10:55:05:555 info: server is running on port 5000
2026-05-12 10:55:35:5535 info: server is running on port 5000
2026-05-12 10:57:04:574 info: server is running on port 5000
2026-05-12 10:57:27:5727 http: OPTIONS /api/auth/refresh 204 0 - 2.691 ms
2026-05-12 10:57:27:5727 http: OPTIONS /api/auth/refresh 204 0 - 0.495 ms
2026-05-12 10:57:28:5728 http: POST /api/auth/refresh 200 1671 - 158.134 ms
2026-05-12 10:57:28:5728 http: POST /api/auth/refresh 200 1671 - 127.766 ms
2026-05-12 10:57:28:5728 http: OPTIONS /api/dashboard/employee 204 0 - 0.171 ms
2026-05-12 10:57:28:5728 http: OPTIONS /api/dashboard/employee 204 0 - 0.124 ms
2026-05-12 10:57:28:5728 http: GET /api/dashboard/employee 200 2014 - 179.409 ms
2026-05-12 10:57:28:5728 http: GET /api/dashboard/employee 304 - - 106.720 ms
2026-05-12 10:57:43:5743 http: OPTIONS /api/auth/refresh 204 0 - 0.187 ms
2026-05-12 10:57:43:5743 http: OPTIONS /api/auth/refresh 204 0 - 0.287 ms
2026-05-12 10:57:43:5743 http: POST /api/auth/refresh 200 1844 - 34.995 ms
2026-05-12 10:57:43:5743 http: POST /api/auth/refresh 200 1844 - 46.954 ms
2026-05-12 10:57:43:5743 http: OPTIONS /api/dashboard/employee 204 0 - 0.230 ms
2026-05-12 10:57:43:5743 http: OPTIONS /api/dashboard/employee 204 0 - 0.175 ms
2026-05-12 10:57:43:5743 http: GET /api/dashboard/employee 200 1592 - 127.344 ms
2026-05-12 10:57:43:5743 http: GET /api/dashboard/employee 304 - - 37.458 ms
2026-05-12 10:57:48:5748 http: OPTIONS /api/auth/refresh 204 0 - 0.088 ms
2026-05-12 10:57:48:5748 http: OPTIONS /api/auth/refresh 204 0 - 0.260 ms
2026-05-12 10:57:48:5748 http: POST /api/auth/refresh 200 1805 - 36.742 ms
2026-05-12 10:57:48:5748 http: POST /api/auth/refresh 200 1805 - 41.275 ms
2026-05-12 10:57:48:5748 http: OPTIONS /api/dashboard/employee 204 0 - 0.493 ms
2026-05-12 10:57:48:5748 http: OPTIONS /api/dashboard/employee 204 0 - 0.114 ms
2026-05-12 10:57:48:5748 http: GET /api/dashboard/employee 200 1367 - 42.785 ms
2026-05-12 10:57:49:5749 http: GET /api/dashboard/employee 304 - - 56.334 ms
2026-05-12 10:58:02:582 http: OPTIONS /api/subtasks/team?search= 204 0 - 0.168 ms
2026-05-12 10:58:02:582 http: OPTIONS /api/teams/directory?search= 204 0 - 0.224 ms
2026-05-12 10:58:02:582 http: OPTIONS /api/teams/directory?search= 204 0 - 0.095 ms
2026-05-12 10:58:02:582 http: GET /api/teams/directory?search= 304 - - 67.431 ms
2026-05-12 10:58:02:582 http: GET /api/teams/directory?search= 304 - - 24.569 ms
2026-05-12 10:58:02:582 http: GET /api/subtasks/team?search= 304 - - 127.130 ms
2026-05-12 10:58:02:582 http: GET /api/subtasks/team?search= 304 - - 62.596 ms
2026-05-12 10:58:05:585 http: OPTIONS /api/subtasks/start/6a020057184249628bf278a0 204 0 - 0.135 ms
2026-05-12 10:58:05:585 http: PATCH /api/subtasks/start/6a020057184249628bf278a0 403 92 - 2.222 ms
2026-05-12 10:58:14:5814 http: OPTIONS /api/auth/refresh 204 0 - 0.107 ms
2026-05-12 10:58:14:5814 http: OPTIONS /api/auth/refresh 204 0 - 0.175 ms
2026-05-12 10:58:14:5814 http: POST /api/auth/refresh 200 1844 - 28.743 ms
2026-05-12 10:58:14:5814 http: POST /api/auth/refresh 200 1844 - 31.673 ms
2026-05-12 10:58:14:5814 http: OPTIONS /api/subtasks/team?search= 204 0 - 0.108 ms
2026-05-12 10:58:14:5814 http: OPTIONS /api/teams/directory?search= 204 0 - 0.091 ms
2026-05-12 10:58:14:5814 http: OPTIONS /api/teams/directory?search= 204 0 - 0.125 ms
2026-05-12 10:58:14:5814 http: GET /api/teams/directory?search= 304 - - 44.410 ms
2026-05-12 10:58:14:5814 http: GET /api/teams/directory?search= 304 - - 24.126 ms
2026-05-12 10:58:14:5814 http: GET /api/subtasks/team?search= 304 - - 97.804 ms
2026-05-12 10:58:14:5814 http: GET /api/subtasks/team?search= 304 - - 62.071 ms
2026-05-12 10:58:16:5816 http: OPTIONS /api/subtasks/6a020057184249628bf278a0 204 0 - 0.172 ms
2026-05-12 10:58:16:5816 http: OPTIONS /api/issues/6a01e673629fa9bb7e94e011 204 0 - 0.095 ms
2026-05-12 10:58:16:5816 http: OPTIONS /api/subtasks/6a020057184249628bf278a0 204 0 - 0.093 ms
2026-05-12 10:58:16:5816 http: GET /api/subtasks/6a020057184249628bf278a0 200 1658 - 84.057 ms
2026-05-12 10:58:16:5816 http: GET /api/teams/directory?search= 304 - - 111.987 ms
2026-05-12 10:58:16:5816 http: GET /api/subtasks/6a020057184249628bf278a0 304 - - 83.436 ms
2026-05-12 10:58:16:5816 http: GET /api/issues/6a01e673629fa9bb7e94e011 200 1965 - 193.804 ms
2026-05-12 10:58:16:5816 http: GET /api/teams/directory?search= 304 - - 75.745 ms
2026-05-12 10:58:16:5816 http: GET /api/issues/6a01e673629fa9bb7e94e011 304 - - 35.915 ms
2026-05-12 10:58:17:5817 http: OPTIONS /api/subtasks/6a020057184249628bf278a0 204 0 - 0.081 ms
2026-05-12 10:58:17:5817 http: PUT /api/subtasks/6a020057184249628bf278a0 200 1899 - 83.469 ms
2026-05-12 10:58:17:5817 http: GET /api/subtasks/6a020057184249628bf278a0 200 1857 - 36.633 ms
2026-05-12 10:58:17:5817 http: GET /api/subtasks/team?search= 200 5917 - 69.917 ms
2026-05-12 10:58:17:5817 http: GET /api/subtasks/6a020057184249628bf278a0 304 - - 45.278 ms
2026-05-12 10:58:17:5817 http: GET /api/issues/6a01e673629fa9bb7e94e011 304 - - 52.881 ms
2026-05-12 10:58:17:5817 http: GET /api/teams/directory?search= 304 - - 124.361 ms
2026-05-12 10:58:18:5818 http: GET /api/subtasks/6a020057184249628bf278a0 304 - - 105.128 ms
2026-05-12 10:58:18:5818 http: GET /api/issues/6a01e673629fa9bb7e94e011 304 - - 107.273 ms
2026-05-12 10:58:18:5818 http: GET /api/teams/directory?search= 304 - - 17.506 ms
2026-05-12 10:58:22:5822 http: OPTIONS /api/auth/refresh 204 0 - 0.548 ms
2026-05-12 10:58:22:5822 http: OPTIONS /api/auth/refresh 204 0 - 0.254 ms
2026-05-12 10:58:22:5822 http: POST /api/auth/refresh 200 1844 - 28.200 ms
2026-05-12 10:58:22:5822 http: POST /api/auth/refresh 200 1844 - 32.119 ms
2026-05-12 10:58:22:5822 http: OPTIONS /api/subtasks/team?search= 204 0 - 0.104 ms
2026-05-12 10:58:22:5822 http: OPTIONS /api/teams/directory?search= 204 0 - 0.099 ms
2026-05-12 10:58:22:5822 http: OPTIONS /api/teams/directory?search= 204 0 - 0.106 ms
2026-05-12 10:58:22:5822 http: GET /api/teams/directory?search= 304 - - 46.412 ms
2026-05-12 10:58:22:5822 http: GET /api/subtasks/team?search= 304 - - 90.617 ms
2026-05-12 10:58:22:5822 http: GET /api/teams/directory?search= 304 - - 35.185 ms
2026-05-12 10:58:22:5822 http: GET /api/subtasks/team?search= 304 - - 64.487 ms
2026-05-12 10:58:24:5824 http: OPTIONS /api/dashboard/employee 204 0 - 0.060 ms
2026-05-12 10:58:24:5824 http: OPTIONS /api/dashboard/employee 204 0 - 0.069 ms
2026-05-12 10:58:24:5824 http: GET /api/dashboard/employee 200 1387 - 32.206 ms
2026-05-12 10:58:24:5824 http: GET /api/dashboard/employee 304 - - 31.802 ms
2026-05-12 10:58:29:5829 http: OPTIONS /api/auth/refresh 204 0 - 0.181 ms
2026-05-12 10:58:29:5829 http: OPTIONS /api/auth/refresh 204 0 - 0.090 ms
2026-05-12 10:58:29:5829 http: POST /api/auth/refresh 200 1671 - 29.972 ms
2026-05-12 10:58:29:5829 http: POST /api/auth/refresh 200 1671 - 33.816 ms
2026-05-12 10:58:29:5829 http: OPTIONS /api/dashboard/employee 204 0 - 0.779 ms
2026-05-12 10:58:29:5829 http: OPTIONS /api/dashboard/employee 204 0 - 0.073 ms
2026-05-12 10:58:29:5829 http: GET /api/dashboard/employee 200 1604 - 74.436 ms
2026-05-12 10:58:29:5829 http: GET /api/dashboard/employee 304 - - 49.992 ms
2026-05-12 10:58:33:5833 http: OPTIONS /api/auth/refresh 204 0 - 0.101 ms
2026-05-12 10:58:33:5833 http: OPTIONS /api/auth/refresh 204 0 - 0.719 ms
2026-05-12 10:58:33:5833 http: POST /api/auth/refresh 200 1805 - 23.304 ms
2026-05-12 10:58:33:5833 http: POST /api/auth/refresh 200 1805 - 24.218 ms
2026-05-12 10:58:33:5833 http: OPTIONS /api/dashboard/employee 204 0 - 0.100 ms
2026-05-12 10:58:33:5833 http: OPTIONS /api/dashboard/employee 204 0 - 0.081 ms
2026-05-12 10:58:34:5834 http: GET /api/dashboard/employee 304 - - 51.590 ms
2026-05-12 10:58:34:5834 http: GET /api/dashboard/employee 304 - - 33.657 ms
2026-05-12 10:58:44:5844 http: OPTIONS /api/subtasks/assigned?search= 204 0 - 0.106 ms
2026-05-12 10:58:44:5844 http: OPTIONS /api/teams/directory?search= 204 0 - 0.111 ms
2026-05-12 10:58:44:5844 http: OPTIONS /api/teams/directory?search= 204 0 - 0.089 ms
2026-05-12 10:58:44:5844 http: GET /api/subtasks/assigned?search= 401 54 - 1.240 ms
2026-05-12 10:58:44:5844 http: GET /api/subtasks/assigned?search= 401 54 - 1.277 ms
2026-05-12 10:58:44:5844 http: GET /api/teams/directory?search= 401 54 - 1.837 ms
2026-05-12 10:58:44:5844 http: GET /api/teams/directory?search= 401 54 - 1.592 ms
2026-05-12 10:58:44:5844 http: OPTIONS /api/auth/refresh 204 0 - 0.129 ms
2026-05-12 10:58:44:5844 http: OPTIONS /api/auth/refresh 204 0 - 0.200 ms
2026-05-12 10:58:44:5844 http: OPTIONS /api/auth/refresh 204 0 - 0.137 ms
2026-05-12 10:58:44:5844 http: POST /api/auth/refresh 200 1244 - 36.212 ms
2026-05-12 10:58:44:5844 http: POST /api/auth/refresh 200 1244 - 37.195 ms
2026-05-12 10:58:44:5844 http: POST /api/auth/refresh 200 1244 - 37.760 ms
2026-05-12 10:58:44:5844 http: POST /api/auth/refresh 200 1244 - 36.867 ms
2026-05-12 10:58:45:5845 http: GET /api/subtasks/assigned?search= 200 3068 - 30.801 ms
2026-05-12 10:58:45:5845 http: GET /api/teams/directory?search= 304 - - 20.927 ms
2026-05-12 10:58:45:5845 http: GET /api/subtasks/assigned?search= 304 - - 44.904 ms
2026-05-12 10:58:45:5845 http: GET /api/teams/directory?search= 304 - - 22.021 ms
2026-05-12 10:58:46:5846 http: OPTIONS /api/dashboard/employee 204 0 - 0.114 ms
2026-05-12 10:58:46:5846 http: OPTIONS /api/dashboard/employee 204 0 - 0.070 ms
2026-05-12 10:58:46:5846 http: GET /api/dashboard/employee 200 977 - 29.657 ms
2026-05-12 10:58:46:5846 http: GET /api/dashboard/employee 304 - - 21.287 ms
2026-05-12 10:58:50:5850 http: OPTIONS /api/sprints?search= 204 0 - 0.071 ms
2026-05-12 10:58:50:5850 http: OPTIONS /api/sprints?search= 204 0 - 0.075 ms
2026-05-12 10:58:50:5850 http: GET /api/sprints?search= 304 - - 26.940 ms
2026-05-12 10:58:50:5850 http: GET /api/sprints?search= 304 - - 32.428 ms
2026-05-12 10:58:50:5850 http: OPTIONS /api/subtasks/assigned?search= 204 0 - 0.145 ms
2026-05-12 10:58:50:5850 http: OPTIONS /api/teams/directory?search= 204 0 - 0.101 ms
2026-05-12 10:58:50:5850 http: OPTIONS /api/teams/directory?search= 204 0 - 0.063 ms
2026-05-12 10:58:50:5850 http: GET /api/teams/directory?search= 304 - - 28.194 ms
2026-05-12 10:58:50:5850 http: GET /api/subtasks/assigned?search= 304 - - 36.140 ms
2026-05-12 10:58:50:5850 http: GET /api/teams/directory?search= 304 - - 25.378 ms
2026-05-12 10:58:50:5850 http: GET /api/subtasks/assigned?search= 304 - - 31.758 ms
2026-05-12 10:59:27:5927 http: OPTIONS /api/subtasks/submit/6a020057184249628bf278a0 204 0 - 0.135 ms
2026-05-12 10:59:27:5927 http: PATCH /api/subtasks/submit/6a020057184249628bf278a0 200 2194 - 35.013 ms
2026-05-12 10:59:27:5927 http: OPTIONS /api/subtasks/assigned?search= 204 0 - 0.340 ms
2026-05-12 10:59:27:5927 http: GET /api/subtasks/assigned?search= 200 3367 - 30.710 ms
2026-05-12 10:59:30:5930 http: OPTIONS /api/issues/6a01e673629fa9bb7e94e011 204 0 - 0.080 ms
2026-05-12 10:59:30:5930 http: OPTIONS /api/teams/directory?search= 204 0 - 0.057 ms
2026-05-12 10:59:30:5930 http: GET /api/issues/6a01e673629fa9bb7e94e011 200 1965 - 19.786 ms
2026-05-12 10:59:30:5930 http: GET /api/teams/directory?search= 304 - - 20.029 ms
2026-05-12 10:59:30:5930 http: OPTIONS /api/subtasks/6a020057184249628bf278a0 204 0 - 0.170 ms
2026-05-12 10:59:30:5930 http: GET /api/subtasks/6a020057184249628bf278a0 200 2156 - 74.723 ms
2026-05-12 10:59:30:5930 http: GET /api/issues/6a01e673629fa9bb7e94e011 304 - - 90.303 ms
2026-05-12 10:59:30:5930 http: GET /api/teams/directory?search= 304 - - 92.817 ms
2026-05-12 10:59:41:5941 http: OPTIONS /api/dashboard/employee 204 0 - 0.104 ms
2026-05-12 10:59:41:5941 http: OPTIONS /api/dashboard/employee 204 0 - 0.082 ms
2026-05-12 10:59:41:5941 http: GET /api/dashboard/employee 200 879 - 20.362 ms
2026-05-12 10:59:41:5941 http: GET /api/dashboard/employee 304 - - 15.615 ms
2026-05-12 10:59:45:5945 http: OPTIONS /api/auth/refresh 204 0 - 0.084 ms
2026-05-12 10:59:45:5945 http: OPTIONS /api/auth/refresh 204 0 - 0.087 ms
2026-05-12 10:59:45:5945 http: POST /api/auth/refresh 200 1244 - 30.911 ms
2026-05-12 10:59:45:5945 http: POST /api/auth/refresh 200 1244 - 28.032 ms
2026-05-12 10:59:45:5945 http: GET /api/dashboard/employee 304 - - 20.104 ms
2026-05-12 10:59:45:5945 http: GET /api/dashboard/employee 304 - - 30.674 ms
2026-05-12 11:00:21:021 http: OPTIONS /api/auth/refresh 204 0 - 0.120 ms
2026-05-12 11:00:21:021 http: OPTIONS /api/auth/refresh 204 0 - 0.110 ms
2026-05-12 11:00:21:021 http: POST /api/auth/refresh 200 1844 - 21.720 ms
2026-05-12 11:00:21:021 http: POST /api/auth/refresh 200 1844 - 25.138 ms
2026-05-12 11:00:21:021 http: OPTIONS /api/dashboard/employee 204 0 - 0.092 ms
2026-05-12 11:00:21:021 http: OPTIONS /api/dashboard/employee 204 0 - 0.272 ms
2026-05-12 11:00:21:021 http: GET /api/dashboard/employee 200 1387 - 47.627 ms
2026-05-12 11:00:22:022 http: GET /api/dashboard/employee 304 - - 38.266 ms
2026-05-12 11:00:34:034 http: OPTIONS /api/auth/refresh 204 0 - 0.095 ms
2026-05-12 11:00:34:034 http: OPTIONS /api/auth/refresh 204 0 - 0.060 ms
2026-05-12 11:00:34:034 http: POST /api/auth/refresh 200 1244 - 23.731 ms
2026-05-12 11:00:34:034 http: POST /api/auth/refresh 200 1244 - 20.688 ms
2026-05-12 11:00:34:034 http: OPTIONS /api/dashboard/employee 204 0 - 0.100 ms
2026-05-12 11:00:34:034 http: OPTIONS /api/dashboard/employee 204 0 - 0.079 ms
2026-05-12 11:00:34:034 http: GET /api/dashboard/employee 304 - - 21.279 ms
2026-05-12 11:00:34:034 http: GET /api/dashboard/employee 304 - - 26.613 ms
2026-05-12 11:02:25:225 info: server is running on port 5000
2026-05-12 11:03:18:318 info: server is running on port 5000
2026-05-12 11:03:18:318 http: OPTIONS /api/auth/refresh 204 0 - 6.484 ms
2026-05-12 11:03:18:318 http: OPTIONS /api/auth/refresh 204 0 - 0.712 ms
2026-05-12 11:03:18:318 http: OPTIONS /api/auth/refresh 204 0 - 1.618 ms
2026-05-12 11:03:18:318 http: OPTIONS /api/auth/refresh 204 0 - 1.426 ms
2026-05-12 11:03:18:318 http: OPTIONS /api/auth/refresh 204 0 - 0.183 ms
2026-05-12 11:03:19:319 http: POST /api/auth/refresh 200 1244 - 196.996 ms
2026-05-12 11:03:19:319 http: OPTIONS /api/dashboard/employee 204 0 - 0.170 ms
2026-05-12 11:03:19:319 http: OPTIONS /api/dashboard/employee 204 0 - 0.224 ms
2026-05-12 11:03:19:319 http: POST /api/auth/refresh 200 1244 - 173.787 ms
2026-05-12 11:03:19:319 http: GET /api/dashboard/employee 200 879 - 75.237 ms
2026-05-12 11:03:19:319 http: GET /api/dashboard/employee 304 - - 31.295 ms
2026-05-12 11:04:00:40 http: OPTIONS /api/auth/refresh 204 0 - 0.305 ms
2026-05-12 11:04:00:40 http: OPTIONS /api/auth/refresh 204 0 - 0.102 ms
2026-05-12 11:04:00:40 http: POST /api/auth/refresh 200 1844 - 42.116 ms
2026-05-12 11:04:00:40 http: POST /api/auth/refresh 200 1844 - 38.552 ms
2026-05-12 11:04:00:40 http: OPTIONS /api/dashboard/employee 204 0 - 0.168 ms
2026-05-12 11:04:00:40 http: OPTIONS /api/dashboard/employee 204 0 - 0.188 ms
2026-05-12 11:04:00:40 http: GET /api/dashboard/employee 304 - - 53.835 ms
2026-05-12 11:04:00:40 http: GET /api/dashboard/employee 304 - - 65.749 ms
2026-05-12 11:04:10:410 http: OPTIONS /api/subtasks/team?search= 204 0 - 0.121 ms
2026-05-12 11:04:10:410 http: OPTIONS /api/teams/directory?search= 204 0 - 0.096 ms
2026-05-12 11:04:10:410 http: OPTIONS /api/teams/directory?search= 204 0 - 0.175 ms
2026-05-12 11:04:10:410 http: GET /api/teams/directory?search= 304 - - 50.799 ms
2026-05-12 11:04:10:410 http: GET /api/teams/directory?search= 304 - - 23.019 ms
2026-05-12 11:04:10:410 http: GET /api/subtasks/team?search= 200 6216 - 104.985 ms
2026-05-12 11:04:11:411 http: GET /api/subtasks/team?search= 304 - - 52.056 ms
2026-05-12 11:04:12:412 http: OPTIONS /api/subtasks/6a020057184249628bf278a0 204 0 - 0.159 ms
2026-05-12 11:04:12:412 http: OPTIONS /api/issues/6a01e673629fa9bb7e94e011 204 0 - 0.095 ms
2026-05-12 11:04:12:412 http: OPTIONS /api/issues/6a01e673629fa9bb7e94e011 204 0 - 0.133 ms
2026-05-12 11:04:12:412 http: GET /api/issues/6a01e673629fa9bb7e94e011 304 - - 59.804 ms
2026-05-12 11:04:12:412 http: GET /api/teams/directory?search= 304 - - 107.234 ms
2026-05-12 11:04:12:412 http: GET /api/subtasks/6a020057184249628bf278a0 200 2156 - 118.765 ms
2026-05-12 11:04:12:412 http: GET /api/issues/6a01e673629fa9bb7e94e011 304 - - 62.268 ms
2026-05-12 11:04:12:412 http: GET /api/subtasks/6a020057184249628bf278a0 304 - - 73.888 ms
2026-05-12 11:04:12:412 http: GET /api/teams/directory?search= 304 - - 91.102 ms
2026-05-12 11:04:27:427 http: OPTIONS /api/subtasks/review/6a020057184249628bf278a0 204 0 - 0.103 ms
2026-05-12 11:04:27:427 http: PATCH /api/subtasks/review/6a020057184249628bf278a0 200 2370 - 47.938 ms
2026-05-12 11:04:27:427 http: OPTIONS /api/subtasks/team?search= 204 0 - 0.073 ms
2026-05-12 11:04:27:427 http: GET /api/subtasks/team?search= 200 6401 - 50.103 ms
2026-05-12 11:04:29:429 http: OPTIONS /api/dashboard/employee 204 0 - 0.126 ms
2026-05-12 11:04:29:429 http: OPTIONS /api/dashboard/employee 204 0 - 0.199 ms
2026-05-12 11:04:29:429 http: GET /api/dashboard/employee 200 1387 - 59.662 ms
2026-05-12 11:04:29:429 http: GET /api/dashboard/employee 304 - - 43.569 ms
2026-05-12 11:04:48:448 http: OPTIONS /api/auth/refresh 204 0 - 0.118 ms
2026-05-12 11:04:48:448 http: OPTIONS /api/auth/refresh 204 0 - 0.106 ms
2026-05-12 11:04:48:448 http: POST /api/auth/refresh 200 1244 - 33.660 ms
2026-05-12 11:04:48:448 http: POST /api/auth/refresh 200 1244 - 36.123 ms
2026-05-12 11:04:48:448 http: OPTIONS /api/dashboard/employee 204 0 - 0.099 ms
2026-05-12 11:04:48:448 http: OPTIONS /api/dashboard/employee 204 0 - 0.129 ms
2026-05-12 11:04:48:448 http: GET /api/dashboard/employee 200 777 - 29.546 ms
2026-05-12 11:04:48:448 http: GET /api/dashboard/employee 304 - - 30.677 ms
2026-05-12 11:05:05:55 http: OPTIONS /api/auth/refresh 204 0 - 0.327 ms
2026-05-12 11:05:05:55 http: OPTIONS /api/auth/refresh 204 0 - 0.127 ms
2026-05-12 11:05:05:55 http: POST /api/auth/refresh 200 1671 - 28.258 ms
2026-05-12 11:05:05:55 http: POST /api/auth/refresh 200 1671 - 29.709 ms
2026-05-12 11:05:05:55 http: OPTIONS /api/dashboard/employee 204 0 - 0.147 ms
2026-05-12 11:05:05:55 http: OPTIONS /api/dashboard/employee 204 0 - 0.101 ms
2026-05-12 11:05:05:55 http: GET /api/dashboard/employee 200 1604 - 37.527 ms
2026-05-12 11:05:05:55 http: GET /api/dashboard/employee 304 - - 42.864 ms
2026-05-12 11:05:23:523 http: OPTIONS /api/auth/refresh 204 0 - 0.345 ms
2026-05-12 11:05:23:523 http: OPTIONS /api/auth/refresh 204 0 - 0.084 ms
2026-05-12 11:05:23:523 http: POST /api/auth/refresh 200 491 - 25.235 ms
2026-05-12 11:05:23:523 http: POST /api/auth/refresh 200 491 - 27.072 ms
2026-05-12 11:05:23:523 http: OPTIONS /api/dashboard/company 204 0 - 0.125 ms
2026-05-12 11:05:23:523 http: OPTIONS /api/dashboard/company 204 0 - 0.065 ms
2026-05-12 11:05:23:523 http: GET /api/dashboard/company 200 271 - 101.934 ms
2026-05-12 11:05:23:523 http: GET /api/dashboard/company 304 - - 104.091 ms
